---------------------------------------------------------------

[2020-09-10T20:42:55+08:00] 127.0.0.1 GET www.mall.io/admin/login/index
[运行时间：1.644004s] [吞吐率：0.61req/s] [内存消耗：567.42kb] [文件加载：64]
[ info ] [ LANG ] D:\soft\phpstudy_pro\WWW\mall\tp51\thinkphp\lang\zh-cn.php
[ info ] [ ROUTE ] array (
)
[ info ] [ HEADER ] array (
  'accept-language' => 'zh-CN,zh;q=0.9',
  'accept-encoding' => 'gzip, deflate',
  'accept' => 'text/html,application/xhtml+xml,application/xml;q=0.9,image/webp,image/apng,*/*;q=0.8,application/signed-exchange;v=b3;q=0.9',
  'user-agent' => 'Mozilla/5.0 (Windows NT 10.0; Win64; x64) AppleWebKit/537.36 (KHTML, like Gecko) Chrome/83.0.4103.97 Safari/537.36',
  'upgrade-insecure-requests' => '1',
  'connection' => 'close',
  'host' => 'www.mall.io',
)
[ info ] [ PARAM ] array (
  '/admin/login/index' => '',
)
[ info ] [ VIEW ] D:\soft\phpstudy_pro\WWW\mall\tp51\application\admin\view\login\index.html [ array (
) ]
---------------------------------------------------------------

[2020-09-10T20:43:05+08:00] 127.0.0.1 POST www.mall.io/admin/login/login
[运行时间：0.472952s] [吞吐率：2.11req/s] [内存消耗：646.82kb] [文件加载：69]
[ info ] [ LANG ] D:\soft\phpstudy_pro\WWW\mall\tp51\thinkphp\lang\zh-cn.php
[ info ] [ ROUTE ] array (
)
[ info ] [ HEADER ] array (
  'accept-language' => 'zh-CN,zh;q=0.9',
  'accept-encoding' => 'gzip, deflate',
  'referer' => 'http://www.mall.io/admin/login/index',
  'origin' => 'http://www.mall.io',
  'content-type' => 'application/x-www-form-urlencoded; charset=UTF-8',
  'user-agent' => 'Mozilla/5.0 (Windows NT 10.0; Win64; x64) AppleWebKit/537.36 (KHTML, like Gecko) Chrome/83.0.4103.97 Safari/537.36',
  'x-requested-with' => 'XMLHttpRequest',
  'accept' => '*/*',
  'content-length' => '31',
  'connection' => 'close',
  'host' => 'www.mall.io',
)
[ info ] [ PARAM ] array (
  '/admin/login/login' => '',
  'username' => 'liugai',
  'password' => '123456',
)
[ info ] [ DB ] INIT mysql
[ sql ] [ DB ] CONNECT:[ UseTime:0.039317s ] mysql:host=127.0.0.1;dbname=mall;charset=utf8
[ sql ] [ SQL ] SHOW COLUMNS FROM `admin` [ RunTime:0.060571s ]
[ sql ] [ SQL ] SELECT * FROM `admin` WHERE  `username` = 'liugai' LIMIT 1 [ RunTime:0.004794s ]
---------------------------------------------------------------

[2020-09-10T20:43:05+08:00] 127.0.0.1 GET www.mall.io/admin/index/index
[运行时间：0.111482s] [吞吐率：8.97req/s] [内存消耗：381.56kb] [文件加载：66]
[ info ] [ LANG ] D:\soft\phpstudy_pro\WWW\mall\tp51\thinkphp\lang\zh-cn.php
[ info ] [ ROUTE ] array (
)
[ info ] [ HEADER ] array (
  'cookie' => 'PHPSESSID=9rqtmuf8ffskrt1rsa221u9s8o',
  'accept-language' => 'zh-CN,zh;q=0.9',
  'accept-encoding' => 'gzip, deflate',
  'referer' => 'http://www.mall.io/admin/login/index',
  'accept' => 'text/html,application/xhtml+xml,application/xml;q=0.9,image/webp,image/apng,*/*;q=0.8,application/signed-exchange;v=b3;q=0.9',
  'user-agent' => 'Mozilla/5.0 (Windows NT 10.0; Win64; x64) AppleWebKit/537.36 (KHTML, like Gecko) Chrome/83.0.4103.97 Safari/537.36',
  'upgrade-insecure-requests' => '1',
  'connection' => 'close',
  'host' => 'www.mall.io',
)
[ info ] [ PARAM ] array (
  '/admin/index/index' => '',
)
[ info ] [ VIEW ] D:\soft\phpstudy_pro\WWW\mall\tp51\application\admin\view\index\index.html [ array (
  0 => 'admin',
) ]
---------------------------------------------------------------

[2020-09-10T20:43:05+08:00] 127.0.0.1 GET www.mall.io/admin/home/index
[运行时间：0.066459s] [吞吐率：15.05req/s] [内存消耗：380.06kb] [文件加载：66]
[ info ] [ LANG ] D:\soft\phpstudy_pro\WWW\mall\tp51\thinkphp\lang\zh-cn.php
[ info ] [ ROUTE ] array (
)
[ info ] [ HEADER ] array (
  'cookie' => 'PHPSESSID=9rqtmuf8ffskrt1rsa221u9s8o',
  'accept-language' => 'zh-CN,zh;q=0.9',
  'accept-encoding' => 'gzip, deflate',
  'referer' => 'http://www.mall.io/admin/index/index',
  'accept' => 'text/html,application/xhtml+xml,application/xml;q=0.9,image/webp,image/apng,*/*;q=0.8,application/signed-exchange;v=b3;q=0.9',
  'user-agent' => 'Mozilla/5.0 (Windows NT 10.0; Win64; x64) AppleWebKit/537.36 (KHTML, like Gecko) Chrome/83.0.4103.97 Safari/537.36',
  'upgrade-insecure-requests' => '1',
  'connection' => 'close',
  'host' => 'www.mall.io',
)
[ info ] [ PARAM ] array (
  '/admin/home/index' => '',
)
[ info ] [ VIEW ] D:\soft\phpstudy_pro\WWW\mall\tp51\application\admin\view\home\index.html [ array (
) ]
---------------------------------------------------------------

[2020-09-10T20:43:11+08:00] 127.0.0.1 GET www.mall.io/admin/index/loginout
[运行时间：0.008510s] [吞吐率：117.51req/s] [内存消耗：372.47kb] [文件加载：64]
[ info ] [ LANG ] D:\soft\phpstudy_pro\WWW\mall\tp51\thinkphp\lang\zh-cn.php
[ info ] [ ROUTE ] array (
)
[ info ] [ HEADER ] array (
  'cookie' => 'PHPSESSID=9rqtmuf8ffskrt1rsa221u9s8o',
  'accept-language' => 'zh-CN,zh;q=0.9',
  'accept-encoding' => 'gzip, deflate',
  'referer' => 'http://www.mall.io/admin/index/index',
  'accept' => 'text/html,application/xhtml+xml,application/xml;q=0.9,image/webp,image/apng,*/*;q=0.8,application/signed-exchange;v=b3;q=0.9',
  'user-agent' => 'Mozilla/5.0 (Windows NT 10.0; Win64; x64) AppleWebKit/537.36 (KHTML, like Gecko) Chrome/83.0.4103.97 Safari/537.36',
  'upgrade-insecure-requests' => '1',
  'connection' => 'close',
  'host' => 'www.mall.io',
)
[ info ] [ PARAM ] array (
  '/admin/index/loginout' => '',
)
---------------------------------------------------------------

[2020-09-10T20:43:11+08:00] 127.0.0.1 GET www.mall.io/admin/login/index
[运行时间：0.005315s] [吞吐率：188.14req/s] [内存消耗：368.91kb] [文件加载：64]
[ info ] [ LANG ] D:\soft\phpstudy_pro\WWW\mall\tp51\thinkphp\lang\zh-cn.php
[ info ] [ ROUTE ] array (
)
[ info ] [ HEADER ] array (
  'cookie' => 'PHPSESSID=9rqtmuf8ffskrt1rsa221u9s8o',
  'accept-language' => 'zh-CN,zh;q=0.9',
  'accept-encoding' => 'gzip, deflate',
  'referer' => 'http://www.mall.io/admin/index/index',
  'accept' => 'text/html,application/xhtml+xml,application/xml;q=0.9,image/webp,image/apng,*/*;q=0.8,application/signed-exchange;v=b3;q=0.9',
  'user-agent' => 'Mozilla/5.0 (Windows NT 10.0; Win64; x64) AppleWebKit/537.36 (KHTML, like Gecko) Chrome/83.0.4103.97 Safari/537.36',
  'upgrade-insecure-requests' => '1',
  'connection' => 'close',
  'host' => 'www.mall.io',
)
[ info ] [ PARAM ] array (
  '/admin/login/index' => '',
)
[ info ] [ VIEW ] D:\soft\phpstudy_pro\WWW\mall\tp51\application\admin\view\login\index.html [ array (
) ]
---------------------------------------------------------------

[2020-09-10T20:47:30+08:00] 127.0.0.1 GET www.mall.io/admin/login/index
[运行时间：0.014021s] [吞吐率：71.32req/s] [内存消耗：368.51kb] [文件加载：64]
[ info ] [ LANG ] D:\soft\phpstudy_pro\WWW\mall\tp51\thinkphp\lang\zh-cn.php
[ info ] [ ROUTE ] array (
)
[ info ] [ HEADER ] array (
  'cookie' => 'PHPSESSID=9rqtmuf8ffskrt1rsa221u9s8o',
  'accept-language' => 'zh-CN,zh;q=0.9',
  'accept-encoding' => 'gzip, deflate',
  'accept' => 'text/html,application/xhtml+xml,application/xml;q=0.9,image/webp,image/apng,*/*;q=0.8,application/signed-exchange;v=b3;q=0.9',
  'user-agent' => 'Mozilla/5.0 (Windows NT 10.0; Win64; x64) AppleWebKit/537.36 (KHTML, like Gecko) Chrome/83.0.4103.97 Safari/537.36',
  'upgrade-insecure-requests' => '1',
  'connection' => 'close',
  'host' => 'www.mall.io',
)
[ info ] [ PARAM ] array (
  '/admin/login/index' => '',
)
[ info ] [ VIEW ] D:\soft\phpstudy_pro\WWW\mall\tp51\application\admin\view\login\index.html [ array (
) ]
---------------------------------------------------------------

[2020-09-10T20:47:34+08:00] 127.0.0.1 POST www.mall.io/admin/login/login
[运行时间：0.016412s] [吞吐率：60.93req/s] [内存消耗：581.01kb] [文件加载：69]
[ info ] [ LANG ] D:\soft\phpstudy_pro\WWW\mall\tp51\thinkphp\lang\zh-cn.php
[ info ] [ ROUTE ] array (
)
[ info ] [ HEADER ] array (
  'cookie' => 'PHPSESSID=9rqtmuf8ffskrt1rsa221u9s8o',
  'accept-language' => 'zh-CN,zh;q=0.9',
  'accept-encoding' => 'gzip, deflate',
  'referer' => 'http://www.mall.io/admin/login/index',
  'origin' => 'http://www.mall.io',
  'content-type' => 'application/x-www-form-urlencoded; charset=UTF-8',
  'user-agent' => 'Mozilla/5.0 (Windows NT 10.0; Win64; x64) AppleWebKit/537.36 (KHTML, like Gecko) Chrome/83.0.4103.97 Safari/537.36',
  'x-requested-with' => 'XMLHttpRequest',
  'accept' => '*/*',
  'content-length' => '31',
  'connection' => 'close',
  'host' => 'www.mall.io',
)
[ info ] [ PARAM ] array (
  '/admin/login/login' => '',
  'username' => 'liugai',
  'password' => '123456',
)
[ info ] [ DB ] INIT mysql
[ sql ] [ DB ] CONNECT:[ UseTime:0.001527s ] mysql:host=127.0.0.1;dbname=mall;charset=utf8
[ sql ] [ SQL ] SHOW COLUMNS FROM `admin` [ RunTime:0.004381s ]
[ sql ] [ SQL ] SELECT * FROM `admin` WHERE  `username` = 'liugai' LIMIT 1 [ RunTime:0.000617s ]
---------------------------------------------------------------

[2020-09-10T20:47:34+08:00] 127.0.0.1 GET www.mall.io/admin/index/index
[运行时间：0.012313s] [吞吐率：81.22req/s] [内存消耗：380.23kb] [文件加载：66]
[ info ] [ LANG ] D:\soft\phpstudy_pro\WWW\mall\tp51\thinkphp\lang\zh-cn.php
[ info ] [ ROUTE ] array (
)
[ info ] [ HEADER ] array (
  'cookie' => 'PHPSESSID=9rqtmuf8ffskrt1rsa221u9s8o',
  'accept-language' => 'zh-CN,zh;q=0.9',
  'accept-encoding' => 'gzip, deflate',
  'referer' => 'http://www.mall.io/admin/login/index',
  'accept' => 'text/html,application/xhtml+xml,application/xml;q=0.9,image/webp,image/apng,*/*;q=0.8,application/signed-exchange;v=b3;q=0.9',
  'user-agent' => 'Mozilla/5.0 (Windows NT 10.0; Win64; x64) AppleWebKit/537.36 (KHTML, like Gecko) Chrome/83.0.4103.97 Safari/537.36',
  'upgrade-insecure-requests' => '1',
  'connection' => 'close',
  'host' => 'www.mall.io',
)
[ info ] [ PARAM ] array (
  '/admin/index/index' => '',
)
[ info ] [ VIEW ] D:\soft\phpstudy_pro\WWW\mall\tp51\application\admin\view\index\index.html [ array (
  0 => 'admin',
) ]
---------------------------------------------------------------

[2020-09-10T20:47:34+08:00] 127.0.0.1 GET www.mall.io/admin/home/index
[运行时间：0.010360s] [吞吐率：96.53req/s] [内存消耗：379.34kb] [文件加载：66]
[ info ] [ LANG ] D:\soft\phpstudy_pro\WWW\mall\tp51\thinkphp\lang\zh-cn.php
[ info ] [ ROUTE ] array (
)
[ info ] [ HEADER ] array (
  'cookie' => 'PHPSESSID=9rqtmuf8ffskrt1rsa221u9s8o',
  'accept-language' => 'zh-CN,zh;q=0.9',
  'accept-encoding' => 'gzip, deflate',
  'referer' => 'http://www.mall.io/admin/index/index',
  'accept' => 'text/html,application/xhtml+xml,application/xml;q=0.9,image/webp,image/apng,*/*;q=0.8,application/signed-exchange;v=b3;q=0.9',
  'user-agent' => 'Mozilla/5.0 (Windows NT 10.0; Win64; x64) AppleWebKit/537.36 (KHTML, like Gecko) Chrome/83.0.4103.97 Safari/537.36',
  'upgrade-insecure-requests' => '1',
  'connection' => 'close',
  'host' => 'www.mall.io',
)
[ info ] [ PARAM ] array (
  '/admin/home/index' => '',
)
[ info ] [ VIEW ] D:\soft\phpstudy_pro\WWW\mall\tp51\application\admin\view\home\index.html [ array (
) ]
---------------------------------------------------------------

[2020-09-10T20:47:39+08:00] 127.0.0.1 GET www.mall.io/admin/role_manage/index
[运行时间：0.031118s] [吞吐率：32.14req/s] [内存消耗：380.67kb] [文件加载：66]
[ info ] [ LANG ] D:\soft\phpstudy_pro\WWW\mall\tp51\thinkphp\lang\zh-cn.php
[ info ] [ ROUTE ] array (
)
[ info ] [ HEADER ] array (
  'cookie' => 'PHPSESSID=9rqtmuf8ffskrt1rsa221u9s8o',
  'accept-language' => 'zh-CN,zh;q=0.9',
  'accept-encoding' => 'gzip, deflate',
  'referer' => 'http://www.mall.io/admin/index/index',
  'accept' => 'text/html,application/xhtml+xml,application/xml;q=0.9,image/webp,image/apng,*/*;q=0.8,application/signed-exchange;v=b3;q=0.9',
  'user-agent' => 'Mozilla/5.0 (Windows NT 10.0; Win64; x64) AppleWebKit/537.36 (KHTML, like Gecko) Chrome/83.0.4103.97 Safari/537.36',
  'upgrade-insecure-requests' => '1',
  'connection' => 'close',
  'host' => 'www.mall.io',
)
[ info ] [ PARAM ] array (
  '/admin/role_manage/index' => '',
)
[ info ] [ VIEW ] D:\soft\phpstudy_pro\WWW\mall\tp51\application\admin\view\role_manage\index.html [ array (
) ]
---------------------------------------------------------------

[2020-09-10T20:47:40+08:00] 127.0.0.1 GET www.mall.io/admin/role_manage/found
[运行时间：0.080939s] [吞吐率：12.35req/s] [内存消耗：592.93kb] [文件加载：71]
[ info ] [ LANG ] D:\soft\phpstudy_pro\WWW\mall\tp51\thinkphp\lang\zh-cn.php
[ info ] [ ROUTE ] array (
)
[ info ] [ HEADER ] array (
  'cookie' => 'PHPSESSID=9rqtmuf8ffskrt1rsa221u9s8o',
  'accept-language' => 'zh-CN,zh;q=0.9',
  'accept-encoding' => 'gzip, deflate',
  'referer' => 'http://www.mall.io/admin/role_manage/index',
  'accept' => 'text/html,application/xhtml+xml,application/xml;q=0.9,image/webp,image/apng,*/*;q=0.8,application/signed-exchange;v=b3;q=0.9',
  'user-agent' => 'Mozilla/5.0 (Windows NT 10.0; Win64; x64) AppleWebKit/537.36 (KHTML, like Gecko) Chrome/83.0.4103.97 Safari/537.36',
  'upgrade-insecure-requests' => '1',
  'connection' => 'close',
  'host' => 'www.mall.io',
)
[ info ] [ PARAM ] array (
  '/admin/role_manage/found' => '',
)
[ info ] [ DB ] INIT mysql
[ info ] [ VIEW ] D:\soft\phpstudy_pro\WWW\mall\tp51\application\admin\view\role_manage\found.html [ array (
  0 => 'lists',
) ]
[ sql ] [ DB ] CONNECT:[ UseTime:0.009160s ] mysql:host=127.0.0.1;dbname=mall;charset=utf8
[ sql ] [ SQL ] SHOW COLUMNS FROM `authority_allocation` [ RunTime:0.059080s ]
[ sql ] [ SQL ] SELECT `id`,`parent_id`,`authority_name`,`is_show` FROM `authority_allocation` WHERE  `user_id` = 1 ORDER BY `marshalling_sequence` DESC [ RunTime:0.001000s ]
---------------------------------------------------------------

[2020-09-10T20:47:43+08:00] 127.0.0.1 GET www.mall.io/admin/role_manage/index
[运行时间：0.006670s] [吞吐率：149.93req/s] [内存消耗：379.45kb] [文件加载：66]
[ info ] [ LANG ] D:\soft\phpstudy_pro\WWW\mall\tp51\thinkphp\lang\zh-cn.php
[ info ] [ ROUTE ] array (
)
[ info ] [ HEADER ] array (
  'cookie' => 'PHPSESSID=9rqtmuf8ffskrt1rsa221u9s8o',
  'accept-language' => 'zh-CN,zh;q=0.9',
  'accept-encoding' => 'gzip, deflate',
  'referer' => 'http://www.mall.io/admin/index/index',
  'accept' => 'text/html,application/xhtml+xml,application/xml;q=0.9,image/webp,image/apng,*/*;q=0.8,application/signed-exchange;v=b3;q=0.9',
  'user-agent' => 'Mozilla/5.0 (Windows NT 10.0; Win64; x64) AppleWebKit/537.36 (KHTML, like Gecko) Chrome/83.0.4103.97 Safari/537.36',
  'upgrade-insecure-requests' => '1',
  'connection' => 'close',
  'host' => 'www.mall.io',
)
[ info ] [ PARAM ] array (
  '/admin/role_manage/index' => '',
)
[ info ] [ VIEW ] D:\soft\phpstudy_pro\WWW\mall\tp51\application\admin\view\role_manage\index.html [ array (
) ]
