---------------------------------------------------------------

[2020-08-30T11:16:09+08:00] 127.0.0.1 GET www.mall.io/admin/login/index
[运行时间：1.668732s] [吞吐率：0.60req/s] [内存消耗：567.75kb] [文件加载：64]
[ info ] [ LANG ] D:\soft\phpstudy_pro\WWW\mall\tp51\thinkphp\lang\zh-cn.php
[ info ] [ ROUTE ] array (
)
[ info ] [ HEADER ] array (
  'accept-language' => 'zh-CN,zh;q=0.9',
  'accept-encoding' => 'gzip, deflate',
  'accept' => 'text/html,application/xhtml+xml,application/xml;q=0.9,image/webp,image/apng,*/*;q=0.8,application/signed-exchange;v=b3;q=0.9',
  'user-agent' => 'Mozilla/5.0 (Windows NT 10.0; Win64; x64) AppleWebKit/537.36 (KHTML, like Gecko) Chrome/83.0.4103.97 Safari/537.36',
  'upgrade-insecure-requests' => '1',
  'cache-control' => 'max-age=0',
  'connection' => 'close',
  'host' => 'www.mall.io',
)
[ info ] [ PARAM ] array (
  '/admin/login/index' => '',
)
[ info ] [ VIEW ] D:\soft\phpstudy_pro\WWW\mall\tp51\application\admin\view\login\index.html [ array (
) ]
---------------------------------------------------------------

[2020-08-30T11:16:13+08:00] 127.0.0.1 GET www.mall.io/
[运行时间：0.006335s] [吞吐率：157.85req/s] [内存消耗：348.34kb] [文件加载：61]
[ info ] [ LANG ] D:\soft\phpstudy_pro\WWW\mall\tp51\thinkphp\lang\zh-cn.php
[ info ] [ ROUTE ] array (
)
[ info ] [ HEADER ] array (
  'accept-language' => 'zh-CN,zh;q=0.9',
  'accept-encoding' => 'gzip, deflate',
  'accept' => 'text/html,application/xhtml+xml,application/xml;q=0.9,image/webp,image/apng,*/*;q=0.8,application/signed-exchange;v=b3;q=0.9',
  'user-agent' => 'Mozilla/5.0 (Windows NT 10.0; Win64; x64) AppleWebKit/537.36 (KHTML, like Gecko) Chrome/83.0.4103.97 Safari/537.36',
  'upgrade-insecure-requests' => '1',
  'connection' => 'close',
  'host' => 'www.mall.io',
)
[ info ] [ PARAM ] array (
)
