---------------------------------------------------------------

[2020-12-30T14:22:53+08:00] 127.0.0.1 GET www.mall.io/admin/login/index
[运行时间：1.131226s] [吞吐率：0.88req/s] [内存消耗：588.48kb] [文件加载：123]
[ info ] [ LANG ] D:\soft\phpstudy_pro\WWW\mall\tp51\thinkphp\lang\zh-cn.php
[ info ] [ ROUTE ] array (
)
[ info ] [ HEADER ] array (
  'accept-language' => 'zh-CN,zh;q=0.9',
  'accept-encoding' => 'gzip, deflate',
  'accept' => 'text/html,application/xhtml+xml,application/xml;q=0.9,image/avif,image/webp,image/apng,*/*;q=0.8,application/signed-exchange;v=b3;q=0.9',
  'user-agent' => 'Mozilla/5.0 (Windows NT 10.0; Win64; x64) AppleWebKit/537.36 (KHTML, like Gecko) Chrome/87.0.4280.88 Safari/537.36',
  'upgrade-insecure-requests' => '1',
  'connection' => 'close',
  'host' => 'www.mall.io',
)
[ info ] [ PARAM ] array (
  '/admin/login/index' => '',
)
[ info ] [ VIEW ] D:\soft\phpstudy_pro\WWW\mall\tp51\application\admin\view\login\index.html [ array (
) ]
---------------------------------------------------------------

[2020-12-30T14:23:00+08:00] 127.0.0.1 POST www.mall.io/admin/login/login
[运行时间：0.153759s] [吞吐率：6.50req/s] [内存消耗：538.63kb] [文件加载：129]
[ info ] [ LANG ] D:\soft\phpstudy_pro\WWW\mall\tp51\thinkphp\lang\zh-cn.php
[ info ] [ ROUTE ] array (
)
[ info ] [ HEADER ] array (
  'accept-language' => 'zh-CN,zh;q=0.9',
  'accept-encoding' => 'gzip, deflate',
  'referer' => 'http://www.mall.io/admin/login/index',
  'origin' => 'http://www.mall.io',
  'content-type' => 'application/x-www-form-urlencoded; charset=UTF-8',
  'user-agent' => 'Mozilla/5.0 (Windows NT 10.0; Win64; x64) AppleWebKit/537.36 (KHTML, like Gecko) Chrome/87.0.4280.88 Safari/537.36',
  'x-requested-with' => 'XMLHttpRequest',
  'accept' => '*/*',
  'content-length' => '42',
  'connection' => 'close',
  'host' => 'www.mall.io',
)
[ info ] [ PARAM ] array (
  '/admin/login/login' => '',
  'account' => '刘盖',
  'password' => '123456',
)
[ info ] [ DB ] INIT mysql
[ error ] [1045]SQLSTATE[HY000] [1045] Access denied for user 'root'@'localhost' (using password: YES)[D:\soft\phpstudy_pro\WWW\mall\tp51\thinkphp\library\think\db\Connection.php:528]
---------------------------------------------------------------

[2020-12-30T14:23:04+08:00] 127.0.0.1 POST www.mall.io/admin/login/login
[运行时间：0.003836s] [吞吐率：260.69req/s] [内存消耗：472.37kb] [文件加载：129]
[ info ] [ LANG ] D:\soft\phpstudy_pro\WWW\mall\tp51\thinkphp\lang\zh-cn.php
[ info ] [ ROUTE ] array (
)
[ info ] [ HEADER ] array (
  'accept-language' => 'zh-CN,zh;q=0.9',
  'accept-encoding' => 'gzip, deflate',
  'referer' => 'http://www.mall.io/admin/login/index',
  'origin' => 'http://www.mall.io',
  'content-type' => 'application/x-www-form-urlencoded; charset=UTF-8',
  'user-agent' => 'Mozilla/5.0 (Windows NT 10.0; Win64; x64) AppleWebKit/537.36 (KHTML, like Gecko) Chrome/87.0.4280.88 Safari/537.36',
  'x-requested-with' => 'XMLHttpRequest',
  'accept' => '*/*',
  'content-length' => '42',
  'connection' => 'close',
  'host' => 'www.mall.io',
)
[ info ] [ PARAM ] array (
  '/admin/login/login' => '',
  'account' => '刘盖',
  'password' => '123456',
)
[ info ] [ DB ] INIT mysql
[ error ] [1045]SQLSTATE[HY000] [1045] Access denied for user 'root'@'localhost' (using password: YES)[D:\soft\phpstudy_pro\WWW\mall\tp51\thinkphp\library\think\db\Connection.php:528]
---------------------------------------------------------------

[2020-12-30T14:23:04+08:00] 127.0.0.1 POST www.mall.io/admin/login/login
[运行时间：0.014721s] [吞吐率：67.93req/s] [内存消耗：472.37kb] [文件加载：129]
[ info ] [ LANG ] D:\soft\phpstudy_pro\WWW\mall\tp51\thinkphp\lang\zh-cn.php
[ info ] [ ROUTE ] array (
)
[ info ] [ HEADER ] array (
  'accept-language' => 'zh-CN,zh;q=0.9',
  'accept-encoding' => 'gzip, deflate',
  'referer' => 'http://www.mall.io/admin/login/index',
  'origin' => 'http://www.mall.io',
  'content-type' => 'application/x-www-form-urlencoded; charset=UTF-8',
  'user-agent' => 'Mozilla/5.0 (Windows NT 10.0; Win64; x64) AppleWebKit/537.36 (KHTML, like Gecko) Chrome/87.0.4280.88 Safari/537.36',
  'x-requested-with' => 'XMLHttpRequest',
  'accept' => '*/*',
  'content-length' => '42',
  'connection' => 'close',
  'host' => 'www.mall.io',
)
[ info ] [ PARAM ] array (
  '/admin/login/login' => '',
  'account' => '刘盖',
  'password' => '123456',
)
[ info ] [ DB ] INIT mysql
[ error ] [1045]SQLSTATE[HY000] [1045] Access denied for user 'root'@'localhost' (using password: YES)[D:\soft\phpstudy_pro\WWW\mall\tp51\thinkphp\library\think\db\Connection.php:528]
---------------------------------------------------------------

[2020-12-30T14:23:05+08:00] 127.0.0.1 POST www.mall.io/admin/login/login
[运行时间：0.015697s] [吞吐率：63.71req/s] [内存消耗：472.37kb] [文件加载：129]
[ info ] [ LANG ] D:\soft\phpstudy_pro\WWW\mall\tp51\thinkphp\lang\zh-cn.php
[ info ] [ ROUTE ] array (
)
[ info ] [ HEADER ] array (
  'accept-language' => 'zh-CN,zh;q=0.9',
  'accept-encoding' => 'gzip, deflate',
  'referer' => 'http://www.mall.io/admin/login/index',
  'origin' => 'http://www.mall.io',
  'content-type' => 'application/x-www-form-urlencoded; charset=UTF-8',
  'user-agent' => 'Mozilla/5.0 (Windows NT 10.0; Win64; x64) AppleWebKit/537.36 (KHTML, like Gecko) Chrome/87.0.4280.88 Safari/537.36',
  'x-requested-with' => 'XMLHttpRequest',
  'accept' => '*/*',
  'content-length' => '42',
  'connection' => 'close',
  'host' => 'www.mall.io',
)
[ info ] [ PARAM ] array (
  '/admin/login/login' => '',
  'account' => '刘盖',
  'password' => '123456',
)
[ info ] [ DB ] INIT mysql
[ error ] [1045]SQLSTATE[HY000] [1045] Access denied for user 'root'@'localhost' (using password: YES)[D:\soft\phpstudy_pro\WWW\mall\tp51\thinkphp\library\think\db\Connection.php:528]
---------------------------------------------------------------

[2020-12-30T14:23:05+08:00] 127.0.0.1 POST www.mall.io/admin/login/login
[运行时间：0.014482s] [吞吐率：69.05req/s] [内存消耗：472.37kb] [文件加载：129]
[ info ] [ LANG ] D:\soft\phpstudy_pro\WWW\mall\tp51\thinkphp\lang\zh-cn.php
[ info ] [ ROUTE ] array (
)
[ info ] [ HEADER ] array (
  'accept-language' => 'zh-CN,zh;q=0.9',
  'accept-encoding' => 'gzip, deflate',
  'referer' => 'http://www.mall.io/admin/login/index',
  'origin' => 'http://www.mall.io',
  'content-type' => 'application/x-www-form-urlencoded; charset=UTF-8',
  'user-agent' => 'Mozilla/5.0 (Windows NT 10.0; Win64; x64) AppleWebKit/537.36 (KHTML, like Gecko) Chrome/87.0.4280.88 Safari/537.36',
  'x-requested-with' => 'XMLHttpRequest',
  'accept' => '*/*',
  'content-length' => '42',
  'connection' => 'close',
  'host' => 'www.mall.io',
)
[ info ] [ PARAM ] array (
  '/admin/login/login' => '',
  'account' => '刘盖',
  'password' => '123456',
)
[ info ] [ DB ] INIT mysql
[ error ] [1045]SQLSTATE[HY000] [1045] Access denied for user 'root'@'localhost' (using password: YES)[D:\soft\phpstudy_pro\WWW\mall\tp51\thinkphp\library\think\db\Connection.php:528]
---------------------------------------------------------------

[2020-12-30T14:23:05+08:00] 127.0.0.1 POST www.mall.io/admin/login/login
[运行时间：0.004028s] [吞吐率：248.26req/s] [内存消耗：472.37kb] [文件加载：129]
[ info ] [ LANG ] D:\soft\phpstudy_pro\WWW\mall\tp51\thinkphp\lang\zh-cn.php
[ info ] [ ROUTE ] array (
)
[ info ] [ HEADER ] array (
  'accept-language' => 'zh-CN,zh;q=0.9',
  'accept-encoding' => 'gzip, deflate',
  'referer' => 'http://www.mall.io/admin/login/index',
  'origin' => 'http://www.mall.io',
  'content-type' => 'application/x-www-form-urlencoded; charset=UTF-8',
  'user-agent' => 'Mozilla/5.0 (Windows NT 10.0; Win64; x64) AppleWebKit/537.36 (KHTML, like Gecko) Chrome/87.0.4280.88 Safari/537.36',
  'x-requested-with' => 'XMLHttpRequest',
  'accept' => '*/*',
  'content-length' => '42',
  'connection' => 'close',
  'host' => 'www.mall.io',
)
[ info ] [ PARAM ] array (
  '/admin/login/login' => '',
  'account' => '刘盖',
  'password' => '123456',
)
[ info ] [ DB ] INIT mysql
[ error ] [1045]SQLSTATE[HY000] [1045] Access denied for user 'root'@'localhost' (using password: YES)[D:\soft\phpstudy_pro\WWW\mall\tp51\thinkphp\library\think\db\Connection.php:528]
---------------------------------------------------------------

[2020-12-30T14:23:05+08:00] 127.0.0.1 POST www.mall.io/admin/login/login
[运行时间：0.014524s] [吞吐率：68.85req/s] [内存消耗：472.37kb] [文件加载：129]
[ info ] [ LANG ] D:\soft\phpstudy_pro\WWW\mall\tp51\thinkphp\lang\zh-cn.php
[ info ] [ ROUTE ] array (
)
[ info ] [ HEADER ] array (
  'accept-language' => 'zh-CN,zh;q=0.9',
  'accept-encoding' => 'gzip, deflate',
  'referer' => 'http://www.mall.io/admin/login/index',
  'origin' => 'http://www.mall.io',
  'content-type' => 'application/x-www-form-urlencoded; charset=UTF-8',
  'user-agent' => 'Mozilla/5.0 (Windows NT 10.0; Win64; x64) AppleWebKit/537.36 (KHTML, like Gecko) Chrome/87.0.4280.88 Safari/537.36',
  'x-requested-with' => 'XMLHttpRequest',
  'accept' => '*/*',
  'content-length' => '42',
  'connection' => 'close',
  'host' => 'www.mall.io',
)
[ info ] [ PARAM ] array (
  '/admin/login/login' => '',
  'account' => '刘盖',
  'password' => '123456',
)
[ info ] [ DB ] INIT mysql
[ error ] [1045]SQLSTATE[HY000] [1045] Access denied for user 'root'@'localhost' (using password: YES)[D:\soft\phpstudy_pro\WWW\mall\tp51\thinkphp\library\think\db\Connection.php:528]
---------------------------------------------------------------

[2020-12-30T14:23:05+08:00] 127.0.0.1 POST www.mall.io/admin/login/login
[运行时间：0.014634s] [吞吐率：68.33req/s] [内存消耗：472.37kb] [文件加载：129]
[ info ] [ LANG ] D:\soft\phpstudy_pro\WWW\mall\tp51\thinkphp\lang\zh-cn.php
[ info ] [ ROUTE ] array (
)
[ info ] [ HEADER ] array (
  'accept-language' => 'zh-CN,zh;q=0.9',
  'accept-encoding' => 'gzip, deflate',
  'referer' => 'http://www.mall.io/admin/login/index',
  'origin' => 'http://www.mall.io',
  'content-type' => 'application/x-www-form-urlencoded; charset=UTF-8',
  'user-agent' => 'Mozilla/5.0 (Windows NT 10.0; Win64; x64) AppleWebKit/537.36 (KHTML, like Gecko) Chrome/87.0.4280.88 Safari/537.36',
  'x-requested-with' => 'XMLHttpRequest',
  'accept' => '*/*',
  'content-length' => '42',
  'connection' => 'close',
  'host' => 'www.mall.io',
)
[ info ] [ PARAM ] array (
  '/admin/login/login' => '',
  'account' => '刘盖',
  'password' => '123456',
)
[ info ] [ DB ] INIT mysql
[ error ] [1045]SQLSTATE[HY000] [1045] Access denied for user 'root'@'localhost' (using password: YES)[D:\soft\phpstudy_pro\WWW\mall\tp51\thinkphp\library\think\db\Connection.php:528]
---------------------------------------------------------------

[2020-12-30T14:23:06+08:00] 127.0.0.1 POST www.mall.io/admin/login/login
[运行时间：0.003823s] [吞吐率：261.57req/s] [内存消耗：472.37kb] [文件加载：129]
[ info ] [ LANG ] D:\soft\phpstudy_pro\WWW\mall\tp51\thinkphp\lang\zh-cn.php
[ info ] [ ROUTE ] array (
)
[ info ] [ HEADER ] array (
  'accept-language' => 'zh-CN,zh;q=0.9',
  'accept-encoding' => 'gzip, deflate',
  'referer' => 'http://www.mall.io/admin/login/index',
  'origin' => 'http://www.mall.io',
  'content-type' => 'application/x-www-form-urlencoded; charset=UTF-8',
  'user-agent' => 'Mozilla/5.0 (Windows NT 10.0; Win64; x64) AppleWebKit/537.36 (KHTML, like Gecko) Chrome/87.0.4280.88 Safari/537.36',
  'x-requested-with' => 'XMLHttpRequest',
  'accept' => '*/*',
  'content-length' => '42',
  'connection' => 'close',
  'host' => 'www.mall.io',
)
[ info ] [ PARAM ] array (
  '/admin/login/login' => '',
  'account' => '刘盖',
  'password' => '123456',
)
[ info ] [ DB ] INIT mysql
[ error ] [1045]SQLSTATE[HY000] [1045] Access denied for user 'root'@'localhost' (using password: YES)[D:\soft\phpstudy_pro\WWW\mall\tp51\thinkphp\library\think\db\Connection.php:528]
---------------------------------------------------------------

[2020-12-30T14:23:06+08:00] 127.0.0.1 POST www.mall.io/admin/login/login
[运行时间：0.014339s] [吞吐率：69.74req/s] [内存消耗：472.37kb] [文件加载：129]
[ info ] [ LANG ] D:\soft\phpstudy_pro\WWW\mall\tp51\thinkphp\lang\zh-cn.php
[ info ] [ ROUTE ] array (
)
[ info ] [ HEADER ] array (
  'accept-language' => 'zh-CN,zh;q=0.9',
  'accept-encoding' => 'gzip, deflate',
  'referer' => 'http://www.mall.io/admin/login/index',
  'origin' => 'http://www.mall.io',
  'content-type' => 'application/x-www-form-urlencoded; charset=UTF-8',
  'user-agent' => 'Mozilla/5.0 (Windows NT 10.0; Win64; x64) AppleWebKit/537.36 (KHTML, like Gecko) Chrome/87.0.4280.88 Safari/537.36',
  'x-requested-with' => 'XMLHttpRequest',
  'accept' => '*/*',
  'content-length' => '42',
  'connection' => 'close',
  'host' => 'www.mall.io',
)
[ info ] [ PARAM ] array (
  '/admin/login/login' => '',
  'account' => '刘盖',
  'password' => '123456',
)
[ info ] [ DB ] INIT mysql
[ error ] [1045]SQLSTATE[HY000] [1045] Access denied for user 'root'@'localhost' (using password: YES)[D:\soft\phpstudy_pro\WWW\mall\tp51\thinkphp\library\think\db\Connection.php:528]
---------------------------------------------------------------

[2020-12-30T14:23:13+08:00] 127.0.0.1 POST www.mall.io/admin/login/login
[运行时间：0.014192s] [吞吐率：70.46req/s] [内存消耗：472.38kb] [文件加载：129]
[ info ] [ LANG ] D:\soft\phpstudy_pro\WWW\mall\tp51\thinkphp\lang\zh-cn.php
[ info ] [ ROUTE ] array (
)
[ info ] [ HEADER ] array (
  'accept-language' => 'zh-CN,zh;q=0.9',
  'accept-encoding' => 'gzip, deflate',
  'referer' => 'http://www.mall.io/admin/login/index',
  'origin' => 'http://www.mall.io',
  'content-type' => 'application/x-www-form-urlencoded; charset=UTF-8',
  'user-agent' => 'Mozilla/5.0 (Windows NT 10.0; Win64; x64) AppleWebKit/537.36 (KHTML, like Gecko) Chrome/87.0.4280.88 Safari/537.36',
  'x-requested-with' => 'XMLHttpRequest',
  'accept' => '*/*',
  'content-length' => '35',
  'connection' => 'close',
  'host' => 'www.mall.io',
)
[ info ] [ PARAM ] array (
  '/admin/login/login' => '',
  'account' => '15237367115',
  'password' => '123456',
)
[ info ] [ DB ] INIT mysql
[ error ] [1045]SQLSTATE[HY000] [1045] Access denied for user 'root'@'localhost' (using password: YES)[D:\soft\phpstudy_pro\WWW\mall\tp51\thinkphp\library\think\db\Connection.php:528]
---------------------------------------------------------------

[2020-12-30T14:23:14+08:00] 127.0.0.1 POST www.mall.io/admin/login/login
[运行时间：0.014791s] [吞吐率：67.61req/s] [内存消耗：472.38kb] [文件加载：129]
[ info ] [ LANG ] D:\soft\phpstudy_pro\WWW\mall\tp51\thinkphp\lang\zh-cn.php
[ info ] [ ROUTE ] array (
)
[ info ] [ HEADER ] array (
  'accept-language' => 'zh-CN,zh;q=0.9',
  'accept-encoding' => 'gzip, deflate',
  'referer' => 'http://www.mall.io/admin/login/index',
  'origin' => 'http://www.mall.io',
  'content-type' => 'application/x-www-form-urlencoded; charset=UTF-8',
  'user-agent' => 'Mozilla/5.0 (Windows NT 10.0; Win64; x64) AppleWebKit/537.36 (KHTML, like Gecko) Chrome/87.0.4280.88 Safari/537.36',
  'x-requested-with' => 'XMLHttpRequest',
  'accept' => '*/*',
  'content-length' => '35',
  'connection' => 'close',
  'host' => 'www.mall.io',
)
[ info ] [ PARAM ] array (
  '/admin/login/login' => '',
  'account' => '15237367115',
  'password' => '123456',
)
[ info ] [ DB ] INIT mysql
[ error ] [1045]SQLSTATE[HY000] [1045] Access denied for user 'root'@'localhost' (using password: YES)[D:\soft\phpstudy_pro\WWW\mall\tp51\thinkphp\library\think\db\Connection.php:528]
---------------------------------------------------------------

[2020-12-30T14:23:14+08:00] 127.0.0.1 POST www.mall.io/admin/login/login
[运行时间：0.004279s] [吞吐率：233.69req/s] [内存消耗：472.38kb] [文件加载：129]
[ info ] [ LANG ] D:\soft\phpstudy_pro\WWW\mall\tp51\thinkphp\lang\zh-cn.php
[ info ] [ ROUTE ] array (
)
[ info ] [ HEADER ] array (
  'accept-language' => 'zh-CN,zh;q=0.9',
  'accept-encoding' => 'gzip, deflate',
  'referer' => 'http://www.mall.io/admin/login/index',
  'origin' => 'http://www.mall.io',
  'content-type' => 'application/x-www-form-urlencoded; charset=UTF-8',
  'user-agent' => 'Mozilla/5.0 (Windows NT 10.0; Win64; x64) AppleWebKit/537.36 (KHTML, like Gecko) Chrome/87.0.4280.88 Safari/537.36',
  'x-requested-with' => 'XMLHttpRequest',
  'accept' => '*/*',
  'content-length' => '35',
  'connection' => 'close',
  'host' => 'www.mall.io',
)
[ info ] [ PARAM ] array (
  '/admin/login/login' => '',
  'account' => '15237367115',
  'password' => '123456',
)
[ info ] [ DB ] INIT mysql
[ error ] [1045]SQLSTATE[HY000] [1045] Access denied for user 'root'@'localhost' (using password: YES)[D:\soft\phpstudy_pro\WWW\mall\tp51\thinkphp\library\think\db\Connection.php:528]
---------------------------------------------------------------

[2020-12-30T14:23:14+08:00] 127.0.0.1 POST www.mall.io/admin/login/login
[运行时间：0.014297s] [吞吐率：69.94req/s] [内存消耗：472.38kb] [文件加载：129]
[ info ] [ LANG ] D:\soft\phpstudy_pro\WWW\mall\tp51\thinkphp\lang\zh-cn.php
[ info ] [ ROUTE ] array (
)
[ info ] [ HEADER ] array (
  'accept-language' => 'zh-CN,zh;q=0.9',
  'accept-encoding' => 'gzip, deflate',
  'referer' => 'http://www.mall.io/admin/login/index',
  'origin' => 'http://www.mall.io',
  'content-type' => 'application/x-www-form-urlencoded; charset=UTF-8',
  'user-agent' => 'Mozilla/5.0 (Windows NT 10.0; Win64; x64) AppleWebKit/537.36 (KHTML, like Gecko) Chrome/87.0.4280.88 Safari/537.36',
  'x-requested-with' => 'XMLHttpRequest',
  'accept' => '*/*',
  'content-length' => '35',
  'connection' => 'close',
  'host' => 'www.mall.io',
)
[ info ] [ PARAM ] array (
  '/admin/login/login' => '',
  'account' => '15237367115',
  'password' => '123456',
)
[ info ] [ DB ] INIT mysql
[ error ] [1045]SQLSTATE[HY000] [1045] Access denied for user 'root'@'localhost' (using password: YES)[D:\soft\phpstudy_pro\WWW\mall\tp51\thinkphp\library\think\db\Connection.php:528]
---------------------------------------------------------------

[2020-12-30T14:23:16+08:00] 127.0.0.1 GET www.mall.io/admin/login/index
[运行时间：0.002533s] [吞吐率：394.80req/s] [内存消耗：376.55kb] [文件加载：123]
[ info ] [ LANG ] D:\soft\phpstudy_pro\WWW\mall\tp51\thinkphp\lang\zh-cn.php
[ info ] [ ROUTE ] array (
)
[ info ] [ HEADER ] array (
  'accept-language' => 'zh-CN,zh;q=0.9',
  'accept-encoding' => 'gzip, deflate',
  'accept' => 'text/html,application/xhtml+xml,application/xml;q=0.9,image/avif,image/webp,image/apng,*/*;q=0.8,application/signed-exchange;v=b3;q=0.9',
  'user-agent' => 'Mozilla/5.0 (Windows NT 10.0; Win64; x64) AppleWebKit/537.36 (KHTML, like Gecko) Chrome/87.0.4280.88 Safari/537.36',
  'upgrade-insecure-requests' => '1',
  'cache-control' => 'max-age=0',
  'connection' => 'close',
  'host' => 'www.mall.io',
)
[ info ] [ PARAM ] array (
  '/admin/login/index' => '',
)
[ info ] [ VIEW ] D:\soft\phpstudy_pro\WWW\mall\tp51\application\admin\view\login\index.html [ array (
) ]
---------------------------------------------------------------

[2020-12-30T14:23:39+08:00] 127.0.0.1 POST www.mall.io/admin/login/login
[运行时间：0.080019s] [吞吐率：12.50req/s] [内存消耗：557.33kb] [文件加载：129]
[ info ] [ LANG ] D:\soft\phpstudy_pro\WWW\mall\tp51\thinkphp\lang\zh-cn.php
[ info ] [ ROUTE ] array (
)
[ info ] [ HEADER ] array (
  'accept-language' => 'zh-CN,zh;q=0.9',
  'accept-encoding' => 'gzip, deflate',
  'referer' => 'http://www.mall.io/admin/login/index',
  'origin' => 'http://www.mall.io',
  'content-type' => 'application/x-www-form-urlencoded; charset=UTF-8',
  'user-agent' => 'Mozilla/5.0 (Windows NT 10.0; Win64; x64) AppleWebKit/537.36 (KHTML, like Gecko) Chrome/87.0.4280.88 Safari/537.36',
  'x-requested-with' => 'XMLHttpRequest',
  'accept' => '*/*',
  'content-length' => '42',
  'connection' => 'close',
  'host' => 'www.mall.io',
)
[ info ] [ PARAM ] array (
  '/admin/login/login' => '',
  'account' => '刘盖',
  'password' => '123456',
)
[ info ] [ DB ] INIT mysql
[ sql ] [ DB ] CONNECT:[ UseTime:0.016163s ] mysql:host=127.0.0.1;dbname=mall;charset=utf8
[ sql ] [ SQL ] SHOW COLUMNS FROM `admin` [ RunTime:0.018488s ]
[ sql ] [ SQL ] SELECT * FROM `admin` WHERE  ( `username` = '刘盖' OR `telephone` = '刘盖' ) LIMIT 1 [ RunTime:0.006398s ]
[ sql ] [ SQL ] UPDATE `admin`  SET `login_total` = `login_total` + 1 , `login_time` = 1609309419  WHERE  `id` = 5 [ RunTime:0.005499s ]
---------------------------------------------------------------

[2020-12-30T14:23:39+08:00] 127.0.0.1 GET www.mall.io/admin/index/index
[运行时间：0.076402s] [吞吐率：13.09req/s] [内存消耗：616.80kb] [文件加载：130]
[ info ] [ LANG ] D:\soft\phpstudy_pro\WWW\mall\tp51\thinkphp\lang\zh-cn.php
[ info ] [ ROUTE ] array (
)
[ info ] [ HEADER ] array (
  'cookie' => 'PHPSESSID=oauqjh7gm72tflvloapif3hltq',
  'accept-language' => 'zh-CN,zh;q=0.9',
  'accept-encoding' => 'gzip, deflate',
  'referer' => 'http://www.mall.io/admin/login/index',
  'accept' => 'text/html,application/xhtml+xml,application/xml;q=0.9,image/avif,image/webp,image/apng,*/*;q=0.8,application/signed-exchange;v=b3;q=0.9',
  'user-agent' => 'Mozilla/5.0 (Windows NT 10.0; Win64; x64) AppleWebKit/537.36 (KHTML, like Gecko) Chrome/87.0.4280.88 Safari/537.36',
  'upgrade-insecure-requests' => '1',
  'connection' => 'close',
  'host' => 'www.mall.io',
)
[ info ] [ PARAM ] array (
  '/admin/index/index' => '',
)
[ info ] [ DB ] INIT mysql
[ info ] [ VIEW ] D:\soft\phpstudy_pro\WWW\mall\tp51\application\admin\view\index\index.html [ array (
  0 => 'admin',
  1 => 'lists',
) ]
[ sql ] [ DB ] CONNECT:[ UseTime:0.011152s ] mysql:host=127.0.0.1;dbname=mall;charset=utf8
[ sql ] [ SQL ] SHOW COLUMNS FROM `authority_allocation` [ RunTime:0.015784s ]
[ sql ] [ SQL ] SELECT * FROM `authority_allocation` ORDER BY `marshalling_sequence` DESC [ RunTime:0.001034s ]
---------------------------------------------------------------

[2020-12-30T14:23:39+08:00] 127.0.0.1 GET www.mall.io/admin/home/index
[运行时间：0.029557s] [吞吐率：33.83req/s] [内存消耗：382.80kb] [文件加载：125]
[ info ] [ LANG ] D:\soft\phpstudy_pro\WWW\mall\tp51\thinkphp\lang\zh-cn.php
[ info ] [ ROUTE ] array (
)
[ info ] [ HEADER ] array (
  'cookie' => 'PHPSESSID=oauqjh7gm72tflvloapif3hltq',
  'accept-language' => 'zh-CN,zh;q=0.9',
  'accept-encoding' => 'gzip, deflate',
  'referer' => 'http://www.mall.io/admin/index/index',
  'accept' => 'text/html,application/xhtml+xml,application/xml;q=0.9,image/avif,image/webp,image/apng,*/*;q=0.8,application/signed-exchange;v=b3;q=0.9',
  'user-agent' => 'Mozilla/5.0 (Windows NT 10.0; Win64; x64) AppleWebKit/537.36 (KHTML, like Gecko) Chrome/87.0.4280.88 Safari/537.36',
  'upgrade-insecure-requests' => '1',
  'connection' => 'close',
  'host' => 'www.mall.io',
)
[ info ] [ PARAM ] array (
  '/admin/home/index' => '',
)
[ info ] [ VIEW ] D:\soft\phpstudy_pro\WWW\mall\tp51\application\admin\view\home\index.html [ array (
) ]
---------------------------------------------------------------

[2020-12-30T14:23:44+08:00] 127.0.0.1 GET www.mall.io/admin/authority_allocation/index
[运行时间：0.046236s] [吞吐率：21.63req/s] [内存消耗：604.58kb] [文件加载：130]
[ info ] [ LANG ] D:\soft\phpstudy_pro\WWW\mall\tp51\thinkphp\lang\zh-cn.php
[ info ] [ ROUTE ] array (
)
[ info ] [ HEADER ] array (
  'cookie' => 'PHPSESSID=oauqjh7gm72tflvloapif3hltq',
  'accept-language' => 'zh-CN,zh;q=0.9',
  'accept-encoding' => 'gzip, deflate',
  'referer' => 'http://www.mall.io/admin/index/index',
  'accept' => 'text/html,application/xhtml+xml,application/xml;q=0.9,image/avif,image/webp,image/apng,*/*;q=0.8,application/signed-exchange;v=b3;q=0.9',
  'user-agent' => 'Mozilla/5.0 (Windows NT 10.0; Win64; x64) AppleWebKit/537.36 (KHTML, like Gecko) Chrome/87.0.4280.88 Safari/537.36',
  'upgrade-insecure-requests' => '1',
  'connection' => 'close',
  'host' => 'www.mall.io',
)
[ info ] [ PARAM ] array (
  '/admin/authority_allocation/index' => '',
)
[ info ] [ DB ] INIT mysql
[ info ] [ VIEW ] D:\soft\phpstudy_pro\WWW\mall\tp51\application\admin\view\authority_allocation\index.html [ array (
  0 => 'lists',
) ]
[ sql ] [ DB ] CONNECT:[ UseTime:0.011020s ] mysql:host=127.0.0.1;dbname=mall;charset=utf8
[ sql ] [ SQL ] SHOW COLUMNS FROM `authority_allocation` [ RunTime:0.000683s ]
[ sql ] [ SQL ] SELECT `id`,`parent_id`,`authority_name`,`is_show` FROM `authority_allocation` ORDER BY `marshalling_sequence` DESC [ RunTime:0.000527s ]
---------------------------------------------------------------

[2020-12-30T14:23:55+08:00] 127.0.0.1 GET www.mall.io/admin/role_manage/index
[运行时间：0.102433s] [吞吐率：9.76req/s] [内存消耗：669.53kb] [文件加载：133]
[ info ] [ LANG ] D:\soft\phpstudy_pro\WWW\mall\tp51\thinkphp\lang\zh-cn.php
[ info ] [ ROUTE ] array (
)
[ info ] [ HEADER ] array (
  'cookie' => 'PHPSESSID=oauqjh7gm72tflvloapif3hltq',
  'accept-language' => 'zh-CN,zh;q=0.9',
  'accept-encoding' => 'gzip, deflate',
  'referer' => 'http://www.mall.io/admin/index/index',
  'accept' => 'text/html,application/xhtml+xml,application/xml;q=0.9,image/avif,image/webp,image/apng,*/*;q=0.8,application/signed-exchange;v=b3;q=0.9',
  'user-agent' => 'Mozilla/5.0 (Windows NT 10.0; Win64; x64) AppleWebKit/537.36 (KHTML, like Gecko) Chrome/87.0.4280.88 Safari/537.36',
  'upgrade-insecure-requests' => '1',
  'connection' => 'close',
  'host' => 'www.mall.io',
)
[ info ] [ PARAM ] array (
  '/admin/role_manage/index' => '',
)
[ info ] [ DB ] INIT mysql
[ info ] [ VIEW ] D:\soft\phpstudy_pro\WWW\mall\tp51\application\admin\view\role_manage\index.html [ array (
  0 => 'page',
  1 => 'data',
  2 => 'num',
) ]
[ sql ] [ DB ] CONNECT:[ UseTime:0.010938s ] mysql:host=127.0.0.1;dbname=mall;charset=utf8
[ sql ] [ SQL ] SHOW COLUMNS FROM `backstage_config` [ RunTime:0.014288s ]
[ sql ] [ SQL ] SELECT * FROM `backstage_config` LIMIT 1 [ RunTime:0.000319s ]
[ sql ] [ SQL ] SHOW COLUMNS FROM `role_manage` [ RunTime:0.013536s ]
[ sql ] [ SQL ] SELECT COUNT(*) AS tp_count FROM `role_manage` [ RunTime:0.000611s ]
[ sql ] [ SQL ] SELECT * FROM `role_manage` ORDER BY `create_time` DESC LIMIT 0,20 [ RunTime:0.000331s ]
---------------------------------------------------------------

[2020-12-30T14:24:01+08:00] 127.0.0.1 GET www.mall.io/admin/role_manage/found?tab=1&id=1
[运行时间：0.045541s] [吞吐率：21.96req/s] [内存消耗：609.84kb] [文件加载：131]
[ info ] [ LANG ] D:\soft\phpstudy_pro\WWW\mall\tp51\thinkphp\lang\zh-cn.php
[ info ] [ ROUTE ] array (
)
[ info ] [ HEADER ] array (
  'cookie' => 'PHPSESSID=oauqjh7gm72tflvloapif3hltq',
  'accept-language' => 'zh-CN,zh;q=0.9',
  'accept-encoding' => 'gzip, deflate',
  'referer' => 'http://www.mall.io/admin/role_manage/index',
  'accept' => 'text/html,application/xhtml+xml,application/xml;q=0.9,image/avif,image/webp,image/apng,*/*;q=0.8,application/signed-exchange;v=b3;q=0.9',
  'user-agent' => 'Mozilla/5.0 (Windows NT 10.0; Win64; x64) AppleWebKit/537.36 (KHTML, like Gecko) Chrome/87.0.4280.88 Safari/537.36',
  'upgrade-insecure-requests' => '1',
  'connection' => 'close',
  'host' => 'www.mall.io',
)
[ info ] [ PARAM ] array (
  '/admin/role_manage/found' => '',
  'tab' => '1',
  'id' => '1',
)
[ info ] [ DB ] INIT mysql
[ info ] [ VIEW ] D:\soft\phpstudy_pro\WWW\mall\tp51\application\admin\view\role_manage\found.html [ array (
  0 => 'lists',
  1 => 'results',
) ]
[ sql ] [ DB ] CONNECT:[ UseTime:0.010736s ] mysql:host=127.0.0.1;dbname=mall;charset=utf8
[ sql ] [ SQL ] SHOW COLUMNS FROM `authority_allocation` [ RunTime:0.000749s ]
[ sql ] [ SQL ] SELECT `id`,`parent_id`,`authority_name`,`is_show` FROM `authority_allocation` ORDER BY `marshalling_sequence` DESC [ RunTime:0.000314s ]
[ sql ] [ SQL ] SHOW COLUMNS FROM `role_manage` [ RunTime:0.000619s ]
[ sql ] [ SQL ] SELECT * FROM `role_manage` WHERE  `id` = 1 LIMIT 1 [ RunTime:0.000334s ]
---------------------------------------------------------------

[2020-12-30T14:24:03+08:00] 127.0.0.1 GET www.mall.io/admin/role_manage/index
[运行时间：0.006434s] [吞吐率：155.43req/s] [内存消耗：668.13kb] [文件加载：133]
[ info ] [ LANG ] D:\soft\phpstudy_pro\WWW\mall\tp51\thinkphp\lang\zh-cn.php
[ info ] [ ROUTE ] array (
)
[ info ] [ HEADER ] array (
  'cookie' => 'PHPSESSID=oauqjh7gm72tflvloapif3hltq',
  'accept-language' => 'zh-CN,zh;q=0.9',
  'accept-encoding' => 'gzip, deflate',
  'referer' => 'http://www.mall.io/admin/role_manage/found?tab=1&id=1',
  'accept' => 'text/html,application/xhtml+xml,application/xml;q=0.9,image/avif,image/webp,image/apng,*/*;q=0.8,application/signed-exchange;v=b3;q=0.9',
  'user-agent' => 'Mozilla/5.0 (Windows NT 10.0; Win64; x64) AppleWebKit/537.36 (KHTML, like Gecko) Chrome/87.0.4280.88 Safari/537.36',
  'upgrade-insecure-requests' => '1',
  'connection' => 'close',
  'host' => 'www.mall.io',
)
[ info ] [ PARAM ] array (
  '/admin/role_manage/index' => '',
)
[ info ] [ DB ] INIT mysql
[ info ] [ VIEW ] D:\soft\phpstudy_pro\WWW\mall\tp51\application\admin\view\role_manage\index.html [ array (
  0 => 'page',
  1 => 'data',
  2 => 'num',
) ]
[ sql ] [ DB ] CONNECT:[ UseTime:0.000820s ] mysql:host=127.0.0.1;dbname=mall;charset=utf8
[ sql ] [ SQL ] SHOW COLUMNS FROM `backstage_config` [ RunTime:0.000720s ]
[ sql ] [ SQL ] SELECT * FROM `backstage_config` LIMIT 1 [ RunTime:0.000302s ]
[ sql ] [ SQL ] SHOW COLUMNS FROM `role_manage` [ RunTime:0.000766s ]
[ sql ] [ SQL ] SELECT COUNT(*) AS tp_count FROM `role_manage` [ RunTime:0.000254s ]
[ sql ] [ SQL ] SELECT * FROM `role_manage` ORDER BY `create_time` DESC LIMIT 0,20 [ RunTime:0.000308s ]
---------------------------------------------------------------

[2020-12-30T14:24:19+08:00] 127.0.0.1 GET www.mall.io/admin/manager_list/index
[运行时间：0.059598s] [吞吐率：16.78req/s] [内存消耗：675.09kb] [文件加载：133]
[ info ] [ LANG ] D:\soft\phpstudy_pro\WWW\mall\tp51\thinkphp\lang\zh-cn.php
[ info ] [ ROUTE ] array (
)
[ info ] [ HEADER ] array (
  'cookie' => 'PHPSESSID=oauqjh7gm72tflvloapif3hltq',
  'accept-language' => 'zh-CN,zh;q=0.9',
  'accept-encoding' => 'gzip, deflate',
  'referer' => 'http://www.mall.io/admin/index/index',
  'accept' => 'text/html,application/xhtml+xml,application/xml;q=0.9,image/avif,image/webp,image/apng,*/*;q=0.8,application/signed-exchange;v=b3;q=0.9',
  'user-agent' => 'Mozilla/5.0 (Windows NT 10.0; Win64; x64) AppleWebKit/537.36 (KHTML, like Gecko) Chrome/87.0.4280.88 Safari/537.36',
  'upgrade-insecure-requests' => '1',
  'connection' => 'close',
  'host' => 'www.mall.io',
)
[ info ] [ PARAM ] array (
  '/admin/manager_list/index' => '',
)
[ info ] [ DB ] INIT mysql
[ info ] [ VIEW ] D:\soft\phpstudy_pro\WWW\mall\tp51\application\admin\view\manager_list\index.html [ array (
  0 => 'authorityData',
  1 => 'page',
  2 => 'data',
  3 => 'num',
) ]
[ sql ] [ DB ] CONNECT:[ UseTime:0.010723s ] mysql:host=127.0.0.1;dbname=mall;charset=utf8
[ sql ] [ SQL ] SHOW COLUMNS FROM `backstage_config` [ RunTime:0.000792s ]
[ sql ] [ SQL ] SELECT * FROM `backstage_config` LIMIT 1 [ RunTime:0.000290s ]
[ sql ] [ SQL ] SHOW COLUMNS FROM `admin` [ RunTime:0.001774s ]
[ sql ] [ SQL ] SELECT COUNT(*) AS tp_count FROM `admin` [ RunTime:0.000307s ]
[ sql ] [ SQL ] SELECT * FROM `admin` ORDER BY `create_time` DESC LIMIT 0,20 [ RunTime:0.000197s ]
[ sql ] [ SQL ] SHOW COLUMNS FROM `role_manage` [ RunTime:0.000479s ]
[ sql ] [ SQL ] SELECT `id`,`role_delimiter` FROM `role_manage` [ RunTime:0.000187s ]
---------------------------------------------------------------

[2020-12-30T14:24:38+08:00] 127.0.0.1 GET www.mall.io/admin/role_manage/index
[运行时间：0.015418s] [吞吐率：64.86req/s] [内存消耗：667.91kb] [文件加载：133]
[ info ] [ LANG ] D:\soft\phpstudy_pro\WWW\mall\tp51\thinkphp\lang\zh-cn.php
[ info ] [ ROUTE ] array (
)
[ info ] [ HEADER ] array (
  'cookie' => 'PHPSESSID=oauqjh7gm72tflvloapif3hltq',
  'accept-language' => 'zh-CN,zh;q=0.9',
  'accept-encoding' => 'gzip, deflate',
  'referer' => 'http://www.mall.io/admin/index/index',
  'accept' => 'text/html,application/xhtml+xml,application/xml;q=0.9,image/avif,image/webp,image/apng,*/*;q=0.8,application/signed-exchange;v=b3;q=0.9',
  'user-agent' => 'Mozilla/5.0 (Windows NT 10.0; Win64; x64) AppleWebKit/537.36 (KHTML, like Gecko) Chrome/87.0.4280.88 Safari/537.36',
  'upgrade-insecure-requests' => '1',
  'connection' => 'close',
  'host' => 'www.mall.io',
)
[ info ] [ PARAM ] array (
  '/admin/role_manage/index' => '',
)
[ info ] [ DB ] INIT mysql
[ info ] [ VIEW ] D:\soft\phpstudy_pro\WWW\mall\tp51\application\admin\view\role_manage\index.html [ array (
  0 => 'page',
  1 => 'data',
  2 => 'num',
) ]
[ sql ] [ DB ] CONNECT:[ UseTime:0.010652s ] mysql:host=127.0.0.1;dbname=mall;charset=utf8
[ sql ] [ SQL ] SHOW COLUMNS FROM `backstage_config` [ RunTime:0.000765s ]
[ sql ] [ SQL ] SELECT * FROM `backstage_config` LIMIT 1 [ RunTime:0.000158s ]
[ sql ] [ SQL ] SHOW COLUMNS FROM `role_manage` [ RunTime:0.000479s ]
[ sql ] [ SQL ] SELECT COUNT(*) AS tp_count FROM `role_manage` [ RunTime:0.000086s ]
[ sql ] [ SQL ] SELECT * FROM `role_manage` ORDER BY `create_time` DESC LIMIT 0,20 [ RunTime:0.000142s ]
---------------------------------------------------------------

[2020-12-30T14:24:41+08:00] 127.0.0.1 GET www.mall.io/admin/authority_allocation/index
[运行时间：0.015584s] [吞吐率：64.17req/s] [内存消耗：603.29kb] [文件加载：130]
[ info ] [ LANG ] D:\soft\phpstudy_pro\WWW\mall\tp51\thinkphp\lang\zh-cn.php
[ info ] [ ROUTE ] array (
)
[ info ] [ HEADER ] array (
  'cookie' => 'PHPSESSID=oauqjh7gm72tflvloapif3hltq',
  'accept-language' => 'zh-CN,zh;q=0.9',
  'accept-encoding' => 'gzip, deflate',
  'referer' => 'http://www.mall.io/admin/index/index',
  'accept' => 'text/html,application/xhtml+xml,application/xml;q=0.9,image/avif,image/webp,image/apng,*/*;q=0.8,application/signed-exchange;v=b3;q=0.9',
  'user-agent' => 'Mozilla/5.0 (Windows NT 10.0; Win64; x64) AppleWebKit/537.36 (KHTML, like Gecko) Chrome/87.0.4280.88 Safari/537.36',
  'upgrade-insecure-requests' => '1',
  'connection' => 'close',
  'host' => 'www.mall.io',
)
[ info ] [ PARAM ] array (
  '/admin/authority_allocation/index' => '',
)
[ info ] [ DB ] INIT mysql
[ info ] [ VIEW ] D:\soft\phpstudy_pro\WWW\mall\tp51\application\admin\view\authority_allocation\index.html [ array (
  0 => 'lists',
) ]
[ sql ] [ DB ] CONNECT:[ UseTime:0.010757s ] mysql:host=127.0.0.1;dbname=mall;charset=utf8
[ sql ] [ SQL ] SHOW COLUMNS FROM `authority_allocation` [ RunTime:0.001152s ]
[ sql ] [ SQL ] SELECT `id`,`parent_id`,`authority_name`,`is_show` FROM `authority_allocation` ORDER BY `marshalling_sequence` DESC [ RunTime:0.000505s ]
---------------------------------------------------------------

[2020-12-30T14:24:51+08:00] 127.0.0.1 GET www.mall.io/admin/role_manage/index
[运行时间：0.016610s] [吞吐率：60.21req/s] [内存消耗：667.91kb] [文件加载：133]
[ info ] [ LANG ] D:\soft\phpstudy_pro\WWW\mall\tp51\thinkphp\lang\zh-cn.php
[ info ] [ ROUTE ] array (
)
[ info ] [ HEADER ] array (
  'cookie' => 'PHPSESSID=oauqjh7gm72tflvloapif3hltq',
  'accept-language' => 'zh-CN,zh;q=0.9',
  'accept-encoding' => 'gzip, deflate',
  'referer' => 'http://www.mall.io/admin/index/index',
  'accept' => 'text/html,application/xhtml+xml,application/xml;q=0.9,image/avif,image/webp,image/apng,*/*;q=0.8,application/signed-exchange;v=b3;q=0.9',
  'user-agent' => 'Mozilla/5.0 (Windows NT 10.0; Win64; x64) AppleWebKit/537.36 (KHTML, like Gecko) Chrome/87.0.4280.88 Safari/537.36',
  'upgrade-insecure-requests' => '1',
  'connection' => 'close',
  'host' => 'www.mall.io',
)
[ info ] [ PARAM ] array (
  '/admin/role_manage/index' => '',
)
[ info ] [ DB ] INIT mysql
[ info ] [ VIEW ] D:\soft\phpstudy_pro\WWW\mall\tp51\application\admin\view\role_manage\index.html [ array (
  0 => 'page',
  1 => 'data',
  2 => 'num',
) ]
[ sql ] [ DB ] CONNECT:[ UseTime:0.011085s ] mysql:host=127.0.0.1;dbname=mall;charset=utf8
[ sql ] [ SQL ] SHOW COLUMNS FROM `backstage_config` [ RunTime:0.000976s ]
[ sql ] [ SQL ] SELECT * FROM `backstage_config` LIMIT 1 [ RunTime:0.000300s ]
[ sql ] [ SQL ] SHOW COLUMNS FROM `role_manage` [ RunTime:0.000520s ]
[ sql ] [ SQL ] SELECT COUNT(*) AS tp_count FROM `role_manage` [ RunTime:0.000247s ]
[ sql ] [ SQL ] SELECT * FROM `role_manage` ORDER BY `create_time` DESC LIMIT 0,20 [ RunTime:0.000300s ]
---------------------------------------------------------------

[2020-12-30T14:54:40+08:00] 127.0.0.1 GET www.mall.io/admin/login/index
[运行时间：0.026985s] [吞吐率：37.06req/s] [内存消耗：376.34kb] [文件加载：123]
[ info ] [ LANG ] D:\soft\phpstudy_pro\WWW\mall\tp51\thinkphp\lang\zh-cn.php
[ info ] [ ROUTE ] array (
)
[ info ] [ HEADER ] array (
  'accept-language' => 'zh-CN,zh;q=0.9',
  'accept-encoding' => 'gzip, deflate',
  'accept' => 'text/html,application/xhtml+xml,application/xml;q=0.9,image/avif,image/webp,image/apng,*/*;q=0.8,application/signed-exchange;v=b3;q=0.9',
  'user-agent' => 'Mozilla/5.0 (Windows NT 10.0; Win64; x64) AppleWebKit/537.36 (KHTML, like Gecko) Chrome/87.0.4280.88 Safari/537.36',
  'upgrade-insecure-requests' => '1',
  'connection' => 'close',
  'host' => 'www.mall.io',
)
[ info ] [ PARAM ] array (
  '/admin/login/index' => '',
)
[ info ] [ VIEW ] D:\soft\phpstudy_pro\WWW\mall\tp51\application\admin\view\login\index.html [ array (
) ]
---------------------------------------------------------------

[2020-12-30T14:54:44+08:00] 127.0.0.1 POST www.mall.io/admin/login/login
[运行时间：0.028279s] [吞吐率：35.36req/s] [内存消耗：556.11kb] [文件加载：129]
[ info ] [ LANG ] D:\soft\phpstudy_pro\WWW\mall\tp51\thinkphp\lang\zh-cn.php
[ info ] [ ROUTE ] array (
)
[ info ] [ HEADER ] array (
  'accept-language' => 'zh-CN,zh;q=0.9',
  'accept-encoding' => 'gzip, deflate',
  'referer' => 'http://www.mall.io/admin/login/index',
  'origin' => 'http://www.mall.io',
  'content-type' => 'application/x-www-form-urlencoded; charset=UTF-8',
  'user-agent' => 'Mozilla/5.0 (Windows NT 10.0; Win64; x64) AppleWebKit/537.36 (KHTML, like Gecko) Chrome/87.0.4280.88 Safari/537.36',
  'x-requested-with' => 'XMLHttpRequest',
  'accept' => '*/*',
  'content-length' => '35',
  'connection' => 'close',
  'host' => 'www.mall.io',
)
[ info ] [ PARAM ] array (
  '/admin/login/login' => '',
  'account' => '15237367115',
  'password' => '123456',
)
[ info ] [ DB ] INIT mysql
[ sql ] [ DB ] CONNECT:[ UseTime:0.001721s ] mysql:host=127.0.0.1;dbname=mall;charset=utf8
[ sql ] [ SQL ] SHOW COLUMNS FROM `admin` [ RunTime:0.004640s ]
[ sql ] [ SQL ] SELECT * FROM `admin` WHERE  ( `username` = '15237367115' OR `telephone` = '15237367115' ) LIMIT 1 [ RunTime:0.000664s ]
[ sql ] [ SQL ] UPDATE `admin`  SET `login_total` = `login_total` + 1 , `login_time` = 1609311284  WHERE  `id` = 5 [ RunTime:0.011967s ]
---------------------------------------------------------------

[2020-12-30T14:54:44+08:00] 127.0.0.1 GET www.mall.io/admin/index/index
[运行时间：0.025061s] [吞吐率：39.90req/s] [内存消耗：615.13kb] [文件加载：130]
[ info ] [ LANG ] D:\soft\phpstudy_pro\WWW\mall\tp51\thinkphp\lang\zh-cn.php
[ info ] [ ROUTE ] array (
)
[ info ] [ HEADER ] array (
  'cookie' => 'PHPSESSID=ul2g0ffbvhnc1mlt6vu4r0rljt',
  'accept-language' => 'zh-CN,zh;q=0.9',
  'accept-encoding' => 'gzip, deflate',
  'referer' => 'http://www.mall.io/admin/login/index',
  'accept' => 'text/html,application/xhtml+xml,application/xml;q=0.9,image/avif,image/webp,image/apng,*/*;q=0.8,application/signed-exchange;v=b3;q=0.9',
  'user-agent' => 'Mozilla/5.0 (Windows NT 10.0; Win64; x64) AppleWebKit/537.36 (KHTML, like Gecko) Chrome/87.0.4280.88 Safari/537.36',
  'upgrade-insecure-requests' => '1',
  'connection' => 'close',
  'host' => 'www.mall.io',
)
[ info ] [ PARAM ] array (
  '/admin/index/index' => '',
)
[ info ] [ DB ] INIT mysql
[ info ] [ VIEW ] D:\soft\phpstudy_pro\WWW\mall\tp51\application\admin\view\index\index.html [ array (
  0 => 'admin',
  1 => 'lists',
) ]
[ sql ] [ DB ] CONNECT:[ UseTime:0.011409s ] mysql:host=127.0.0.1;dbname=mall;charset=utf8
[ sql ] [ SQL ] SHOW COLUMNS FROM `authority_allocation` [ RunTime:0.001964s ]
[ sql ] [ SQL ] SELECT * FROM `authority_allocation` ORDER BY `marshalling_sequence` DESC [ RunTime:0.000813s ]
---------------------------------------------------------------

[2020-12-30T14:54:44+08:00] 127.0.0.1 GET www.mall.io/admin/home/index
[运行时间：0.009549s] [吞吐率：104.72req/s] [内存消耗：381.93kb] [文件加载：125]
[ info ] [ LANG ] D:\soft\phpstudy_pro\WWW\mall\tp51\thinkphp\lang\zh-cn.php
[ info ] [ ROUTE ] array (
)
[ info ] [ HEADER ] array (
  'cookie' => 'PHPSESSID=ul2g0ffbvhnc1mlt6vu4r0rljt',
  'accept-language' => 'zh-CN,zh;q=0.9',
  'accept-encoding' => 'gzip, deflate',
  'referer' => 'http://www.mall.io/admin/index/index',
  'accept' => 'text/html,application/xhtml+xml,application/xml;q=0.9,image/avif,image/webp,image/apng,*/*;q=0.8,application/signed-exchange;v=b3;q=0.9',
  'user-agent' => 'Mozilla/5.0 (Windows NT 10.0; Win64; x64) AppleWebKit/537.36 (KHTML, like Gecko) Chrome/87.0.4280.88 Safari/537.36',
  'upgrade-insecure-requests' => '1',
  'connection' => 'close',
  'host' => 'www.mall.io',
)
[ info ] [ PARAM ] array (
  '/admin/home/index' => '',
)
[ info ] [ VIEW ] D:\soft\phpstudy_pro\WWW\mall\tp51\application\admin\view\home\index.html [ array (
) ]
---------------------------------------------------------------

[2020-12-30T14:54:49+08:00] 127.0.0.1 GET www.mall.io/admin/role_manage/index
[运行时间：0.024116s] [吞吐率：41.47req/s] [内存消耗：667.91kb] [文件加载：133]
[ info ] [ LANG ] D:\soft\phpstudy_pro\WWW\mall\tp51\thinkphp\lang\zh-cn.php
[ info ] [ ROUTE ] array (
)
[ info ] [ HEADER ] array (
  'cookie' => 'PHPSESSID=ul2g0ffbvhnc1mlt6vu4r0rljt',
  'accept-language' => 'zh-CN,zh;q=0.9',
  'accept-encoding' => 'gzip, deflate',
  'referer' => 'http://www.mall.io/admin/index/index',
  'accept' => 'text/html,application/xhtml+xml,application/xml;q=0.9,image/avif,image/webp,image/apng,*/*;q=0.8,application/signed-exchange;v=b3;q=0.9',
  'user-agent' => 'Mozilla/5.0 (Windows NT 10.0; Win64; x64) AppleWebKit/537.36 (KHTML, like Gecko) Chrome/87.0.4280.88 Safari/537.36',
  'upgrade-insecure-requests' => '1',
  'connection' => 'close',
  'host' => 'www.mall.io',
)
[ info ] [ PARAM ] array (
  '/admin/role_manage/index' => '',
)
[ info ] [ DB ] INIT mysql
[ info ] [ VIEW ] D:\soft\phpstudy_pro\WWW\mall\tp51\application\admin\view\role_manage\index.html [ array (
  0 => 'page',
  1 => 'data',
  2 => 'num',
) ]
[ sql ] [ DB ] CONNECT:[ UseTime:0.010755s ] mysql:host=127.0.0.1;dbname=mall;charset=utf8
[ sql ] [ SQL ] SHOW COLUMNS FROM `backstage_config` [ RunTime:0.001714s ]
[ sql ] [ SQL ] SELECT * FROM `backstage_config` LIMIT 1 [ RunTime:0.000587s ]
[ sql ] [ SQL ] SHOW COLUMNS FROM `role_manage` [ RunTime:0.001265s ]
[ sql ] [ SQL ] SELECT COUNT(*) AS tp_count FROM `role_manage` [ RunTime:0.000468s ]
[ sql ] [ SQL ] SELECT * FROM `role_manage` ORDER BY `create_time` DESC LIMIT 0,20 [ RunTime:0.000556s ]
---------------------------------------------------------------

[2020-12-30T14:54:53+08:00] 127.0.0.1 GET www.mall.io/admin/manager_list/index
[运行时间：0.029271s] [吞吐率：34.16req/s] [内存消耗：673.87kb] [文件加载：133]
[ info ] [ LANG ] D:\soft\phpstudy_pro\WWW\mall\tp51\thinkphp\lang\zh-cn.php
[ info ] [ ROUTE ] array (
)
[ info ] [ HEADER ] array (
  'cookie' => 'PHPSESSID=ul2g0ffbvhnc1mlt6vu4r0rljt',
  'accept-language' => 'zh-CN,zh;q=0.9',
  'accept-encoding' => 'gzip, deflate',
  'referer' => 'http://www.mall.io/admin/index/index',
  'accept' => 'text/html,application/xhtml+xml,application/xml;q=0.9,image/avif,image/webp,image/apng,*/*;q=0.8,application/signed-exchange;v=b3;q=0.9',
  'user-agent' => 'Mozilla/5.0 (Windows NT 10.0; Win64; x64) AppleWebKit/537.36 (KHTML, like Gecko) Chrome/87.0.4280.88 Safari/537.36',
  'upgrade-insecure-requests' => '1',
  'connection' => 'close',
  'host' => 'www.mall.io',
)
[ info ] [ PARAM ] array (
  '/admin/manager_list/index' => '',
)
[ info ] [ DB ] INIT mysql
[ info ] [ VIEW ] D:\soft\phpstudy_pro\WWW\mall\tp51\application\admin\view\manager_list\index.html [ array (
  0 => 'authorityData',
  1 => 'page',
  2 => 'data',
  3 => 'num',
) ]
[ sql ] [ DB ] CONNECT:[ UseTime:0.011724s ] mysql:host=127.0.0.1;dbname=mall;charset=utf8
[ sql ] [ SQL ] SHOW COLUMNS FROM `backstage_config` [ RunTime:0.001367s ]
[ sql ] [ SQL ] SELECT * FROM `backstage_config` LIMIT 1 [ RunTime:0.000579s ]
[ sql ] [ SQL ] SHOW COLUMNS FROM `admin` [ RunTime:0.004059s ]
[ sql ] [ SQL ] SELECT COUNT(*) AS tp_count FROM `admin` [ RunTime:0.000472s ]
[ sql ] [ SQL ] SELECT * FROM `admin` ORDER BY `create_time` DESC LIMIT 0,20 [ RunTime:0.000461s ]
[ sql ] [ SQL ] SHOW COLUMNS FROM `role_manage` [ RunTime:0.001414s ]
[ sql ] [ SQL ] SELECT `id`,`role_delimiter` FROM `role_manage` [ RunTime:0.000497s ]
---------------------------------------------------------------

[2020-12-30T14:55:02+08:00] 127.0.0.1 GET www.mall.io/admin/authority_allocation/index
[运行时间：0.020062s] [吞吐率：49.85req/s] [内存消耗：603.29kb] [文件加载：130]
[ info ] [ LANG ] D:\soft\phpstudy_pro\WWW\mall\tp51\thinkphp\lang\zh-cn.php
[ info ] [ ROUTE ] array (
)
[ info ] [ HEADER ] array (
  'cookie' => 'PHPSESSID=ul2g0ffbvhnc1mlt6vu4r0rljt',
  'accept-language' => 'zh-CN,zh;q=0.9',
  'accept-encoding' => 'gzip, deflate',
  'referer' => 'http://www.mall.io/admin/index/index',
  'accept' => 'text/html,application/xhtml+xml,application/xml;q=0.9,image/avif,image/webp,image/apng,*/*;q=0.8,application/signed-exchange;v=b3;q=0.9',
  'user-agent' => 'Mozilla/5.0 (Windows NT 10.0; Win64; x64) AppleWebKit/537.36 (KHTML, like Gecko) Chrome/87.0.4280.88 Safari/537.36',
  'upgrade-insecure-requests' => '1',
  'connection' => 'close',
  'host' => 'www.mall.io',
)
[ info ] [ PARAM ] array (
  '/admin/authority_allocation/index' => '',
)
[ info ] [ DB ] INIT mysql
[ info ] [ VIEW ] D:\soft\phpstudy_pro\WWW\mall\tp51\application\admin\view\authority_allocation\index.html [ array (
  0 => 'lists',
) ]
[ sql ] [ DB ] CONNECT:[ UseTime:0.010395s ] mysql:host=127.0.0.1;dbname=mall;charset=utf8
[ sql ] [ SQL ] SHOW COLUMNS FROM `authority_allocation` [ RunTime:0.001422s ]
[ sql ] [ SQL ] SELECT `id`,`parent_id`,`authority_name`,`is_show` FROM `authority_allocation` ORDER BY `marshalling_sequence` DESC [ RunTime:0.000588s ]
---------------------------------------------------------------

[2020-12-30T15:08:44+08:00] 127.0.0.1 GET www.mall.io/admin/authority_allocation/found?tab=1&id=7
[运行时间：0.110716s] [吞吐率：9.03req/s] [内存消耗：599.13kb] [文件加载：131]
[ info ] [ LANG ] D:\soft\phpstudy_pro\WWW\mall\tp51\thinkphp\lang\zh-cn.php
[ info ] [ ROUTE ] array (
)
[ info ] [ HEADER ] array (
  'cookie' => 'PHPSESSID=ul2g0ffbvhnc1mlt6vu4r0rljt',
  'accept-language' => 'zh-CN,zh;q=0.9',
  'accept-encoding' => 'gzip, deflate',
  'referer' => 'http://www.mall.io/admin/authority_allocation/index',
  'accept' => 'text/html,application/xhtml+xml,application/xml;q=0.9,image/avif,image/webp,image/apng,*/*;q=0.8,application/signed-exchange;v=b3;q=0.9',
  'user-agent' => 'Mozilla/5.0 (Windows NT 10.0; Win64; x64) AppleWebKit/537.36 (KHTML, like Gecko) Chrome/87.0.4280.88 Safari/537.36',
  'upgrade-insecure-requests' => '1',
  'connection' => 'close',
  'host' => 'www.mall.io',
)
[ info ] [ PARAM ] array (
  '/admin/authority_allocation/found' => '',
  'tab' => '1',
  'id' => '7',
)
[ info ] [ DB ] INIT mysql
[ info ] [ VIEW ] D:\soft\phpstudy_pro\WWW\mall\tp51\application\admin\view\authority_allocation\found.html [ array (
  0 => 'list',
  1 => 'data',
) ]
[ sql ] [ DB ] CONNECT:[ UseTime:0.011213s ] mysql:host=127.0.0.1;dbname=mall;charset=utf8
[ sql ] [ SQL ] SHOW COLUMNS FROM `authority_allocation` [ RunTime:0.001425s ]
[ sql ] [ SQL ] SELECT `id`,`authority_name` FROM `authority_allocation` WHERE  `parent_id` = 0 ORDER BY `marshalling_sequence` DESC [ RunTime:0.000495s ]
[ sql ] [ SQL ] SELECT * FROM `authority_allocation` WHERE  `id` = 7 LIMIT 1 [ RunTime:0.000433s ]
---------------------------------------------------------------

[2020-12-30T15:09:08+08:00] 127.0.0.1 GET www.mall.io/admin/brand_list/index
[运行时间：0.262681s] [吞吐率：3.81req/s] [内存消耗：682.11kb] [文件加载：133]
[ info ] [ LANG ] D:\soft\phpstudy_pro\WWW\mall\tp51\thinkphp\lang\zh-cn.php
[ info ] [ ROUTE ] array (
)
[ info ] [ HEADER ] array (
  'cookie' => 'PHPSESSID=ul2g0ffbvhnc1mlt6vu4r0rljt',
  'accept-language' => 'zh-CN,zh;q=0.9',
  'accept-encoding' => 'gzip, deflate',
  'referer' => 'http://www.mall.io/admin/index/index',
  'accept' => 'text/html,application/xhtml+xml,application/xml;q=0.9,image/avif,image/webp,image/apng,*/*;q=0.8,application/signed-exchange;v=b3;q=0.9',
  'user-agent' => 'Mozilla/5.0 (Windows NT 10.0; Win64; x64) AppleWebKit/537.36 (KHTML, like Gecko) Chrome/87.0.4280.88 Safari/537.36',
  'upgrade-insecure-requests' => '1',
  'connection' => 'close',
  'host' => 'www.mall.io',
)
[ info ] [ PARAM ] array (
  '/admin/brand_list/index' => '',
)
[ info ] [ DB ] INIT mysql
[ info ] [ VIEW ] D:\soft\phpstudy_pro\WWW\mall\tp51\application\admin\view\brand_list\index.html [ array (
  0 => 'brandClassify',
  1 => 'datas',
  2 => 'page',
  3 => 'num',
) ]
[ sql ] [ DB ] CONNECT:[ UseTime:0.011556s ] mysql:host=127.0.0.1;dbname=mall;charset=utf8
[ sql ] [ SQL ] SHOW COLUMNS FROM `backstage_config` [ RunTime:0.002041s ]
[ sql ] [ SQL ] SELECT * FROM `backstage_config` LIMIT 1 [ RunTime:0.000613s ]
[ sql ] [ SQL ] SHOW COLUMNS FROM `brand_classify` [ RunTime:0.048928s ]
[ sql ] [ SQL ] SELECT `id`,`name` FROM `brand_classify` ORDER BY `order` DESC [ RunTime:0.001003s ]
[ sql ] [ SQL ] SHOW COLUMNS FROM `brand_list` [ RunTime:0.049570s ]
[ sql ] [ SQL ] SELECT COUNT(*) AS tp_count FROM `brand_list` [ RunTime:0.000698s ]
[ sql ] [ SQL ] SELECT * FROM `brand_list` ORDER BY `order` DESC LIMIT 0,20 [ RunTime:0.000849s ]
---------------------------------------------------------------

[2020-12-30T15:09:11+08:00] 127.0.0.1 GET www.mall.io/admin/brand_classify/index
[运行时间：0.171173s] [吞吐率：5.84req/s] [内存消耗：673.84kb] [文件加载：133]
[ info ] [ LANG ] D:\soft\phpstudy_pro\WWW\mall\tp51\thinkphp\lang\zh-cn.php
[ info ] [ ROUTE ] array (
)
[ info ] [ HEADER ] array (
  'cookie' => 'PHPSESSID=ul2g0ffbvhnc1mlt6vu4r0rljt',
  'accept-language' => 'zh-CN,zh;q=0.9',
  'accept-encoding' => 'gzip, deflate',
  'referer' => 'http://www.mall.io/admin/index/index',
  'accept' => 'text/html,application/xhtml+xml,application/xml;q=0.9,image/avif,image/webp,image/apng,*/*;q=0.8,application/signed-exchange;v=b3;q=0.9',
  'user-agent' => 'Mozilla/5.0 (Windows NT 10.0; Win64; x64) AppleWebKit/537.36 (KHTML, like Gecko) Chrome/87.0.4280.88 Safari/537.36',
  'upgrade-insecure-requests' => '1',
  'connection' => 'close',
  'host' => 'www.mall.io',
)
[ info ] [ PARAM ] array (
  '/admin/brand_classify/index' => '',
)
[ info ] [ DB ] INIT mysql
[ info ] [ VIEW ] D:\soft\phpstudy_pro\WWW\mall\tp51\application\admin\view\brand_classify\index.html [ array (
  0 => 'datas',
  1 => 'page',
  2 => 'num',
) ]
[ sql ] [ DB ] CONNECT:[ UseTime:0.011091s ] mysql:host=127.0.0.1;dbname=mall;charset=utf8
[ sql ] [ SQL ] SHOW COLUMNS FROM `backstage_config` [ RunTime:0.002305s ]
[ sql ] [ SQL ] SELECT * FROM `backstage_config` LIMIT 1 [ RunTime:0.000731s ]
[ sql ] [ SQL ] SHOW COLUMNS FROM `brand_classify` [ RunTime:0.002161s ]
[ sql ] [ SQL ] SELECT COUNT(*) AS tp_count FROM `brand_classify` [ RunTime:0.000720s ]
[ sql ] [ SQL ] SELECT * FROM `brand_classify` ORDER BY `order` DESC LIMIT 0,20 [ RunTime:0.001163s ]
---------------------------------------------------------------

[2020-12-30T15:09:12+08:00] 127.0.0.1 GET www.mall.io/admin/brand_list/index
[运行时间：0.013588s] [吞吐率：73.59req/s] [内存消耗：680.86kb] [文件加载：133]
[ info ] [ LANG ] D:\soft\phpstudy_pro\WWW\mall\tp51\thinkphp\lang\zh-cn.php
[ info ] [ ROUTE ] array (
)
[ info ] [ HEADER ] array (
  'cookie' => 'PHPSESSID=ul2g0ffbvhnc1mlt6vu4r0rljt',
  'accept-language' => 'zh-CN,zh;q=0.9',
  'accept-encoding' => 'gzip, deflate',
  'referer' => 'http://www.mall.io/admin/index/index',
  'accept' => 'text/html,application/xhtml+xml,application/xml;q=0.9,image/avif,image/webp,image/apng,*/*;q=0.8,application/signed-exchange;v=b3;q=0.9',
  'user-agent' => 'Mozilla/5.0 (Windows NT 10.0; Win64; x64) AppleWebKit/537.36 (KHTML, like Gecko) Chrome/87.0.4280.88 Safari/537.36',
  'upgrade-insecure-requests' => '1',
  'connection' => 'close',
  'host' => 'www.mall.io',
)
[ info ] [ PARAM ] array (
  '/admin/brand_list/index' => '',
)
[ info ] [ DB ] INIT mysql
[ info ] [ VIEW ] D:\soft\phpstudy_pro\WWW\mall\tp51\application\admin\view\brand_list\index.html [ array (
  0 => 'brandClassify',
  1 => 'datas',
  2 => 'page',
  3 => 'num',
) ]
[ sql ] [ DB ] CONNECT:[ UseTime:0.001017s ] mysql:host=127.0.0.1;dbname=mall;charset=utf8
[ sql ] [ SQL ] SHOW COLUMNS FROM `backstage_config` [ RunTime:0.001015s ]
[ sql ] [ SQL ] SELECT * FROM `backstage_config` LIMIT 1 [ RunTime:0.000541s ]
[ sql ] [ SQL ] SHOW COLUMNS FROM `brand_classify` [ RunTime:0.001111s ]
[ sql ] [ SQL ] SELECT `id`,`name` FROM `brand_classify` ORDER BY `order` DESC [ RunTime:0.000519s ]
[ sql ] [ SQL ] SHOW COLUMNS FROM `brand_list` [ RunTime:0.001181s ]
[ sql ] [ SQL ] SELECT COUNT(*) AS tp_count FROM `brand_list` [ RunTime:0.000352s ]
[ sql ] [ SQL ] SELECT * FROM `brand_list` ORDER BY `order` DESC LIMIT 0,20 [ RunTime:0.000444s ]
---------------------------------------------------------------

[2020-12-30T15:09:14+08:00] 127.0.0.1 GET www.mall.io/admin/brand_list/addBrand?tab=1&id=4
[运行时间：0.121847s] [吞吐率：8.21req/s] [内存消耗：603.95kb] [文件加载：131]
[ info ] [ LANG ] D:\soft\phpstudy_pro\WWW\mall\tp51\thinkphp\lang\zh-cn.php
[ info ] [ ROUTE ] array (
)
[ info ] [ HEADER ] array (
  'cookie' => 'PHPSESSID=ul2g0ffbvhnc1mlt6vu4r0rljt',
  'accept-language' => 'zh-CN,zh;q=0.9',
  'accept-encoding' => 'gzip, deflate',
  'referer' => 'http://www.mall.io/admin/brand_list/index',
  'accept' => 'text/html,application/xhtml+xml,application/xml;q=0.9,image/avif,image/webp,image/apng,*/*;q=0.8,application/signed-exchange;v=b3;q=0.9',
  'user-agent' => 'Mozilla/5.0 (Windows NT 10.0; Win64; x64) AppleWebKit/537.36 (KHTML, like Gecko) Chrome/87.0.4280.88 Safari/537.36',
  'upgrade-insecure-requests' => '1',
  'connection' => 'close',
  'host' => 'www.mall.io',
)
[ info ] [ PARAM ] array (
  '/admin/brand_list/addBrand' => '',
  'tab' => '1',
  'id' => '4',
)
[ info ] [ DB ] INIT mysql
[ info ] [ VIEW ] D:\soft\phpstudy_pro\WWW\mall\tp51\application\admin\view\brand_list\add_brand.html [ array (
  0 => 'datas',
  1 => 'brandClassify',
) ]
[ sql ] [ DB ] CONNECT:[ UseTime:0.010992s ] mysql:host=127.0.0.1;dbname=mall;charset=utf8
[ sql ] [ SQL ] SHOW COLUMNS FROM `brand_classify` [ RunTime:0.001706s ]
[ sql ] [ SQL ] SELECT `id`,`name` FROM `brand_classify` WHERE  `is_start` = 1 ORDER BY `order` DESC [ RunTime:0.000603s ]
[ sql ] [ SQL ] SHOW COLUMNS FROM `brand_list` [ RunTime:0.001343s ]
[ sql ] [ SQL ] SELECT * FROM `brand_list` WHERE  `id` = 4 LIMIT 1 [ RunTime:0.000587s ]
---------------------------------------------------------------

[2020-12-30T15:09:21+08:00] 127.0.0.1 GET www.mall.io/admin/brand_classify/index
[运行时间：0.024850s] [吞吐率：40.24req/s] [内存消耗：672.62kb] [文件加载：133]
[ info ] [ LANG ] D:\soft\phpstudy_pro\WWW\mall\tp51\thinkphp\lang\zh-cn.php
[ info ] [ ROUTE ] array (
)
[ info ] [ HEADER ] array (
  'cookie' => 'PHPSESSID=ul2g0ffbvhnc1mlt6vu4r0rljt',
  'accept-language' => 'zh-CN,zh;q=0.9',
  'accept-encoding' => 'gzip, deflate',
  'referer' => 'http://www.mall.io/admin/index/index',
  'accept' => 'text/html,application/xhtml+xml,application/xml;q=0.9,image/avif,image/webp,image/apng,*/*;q=0.8,application/signed-exchange;v=b3;q=0.9',
  'user-agent' => 'Mozilla/5.0 (Windows NT 10.0; Win64; x64) AppleWebKit/537.36 (KHTML, like Gecko) Chrome/87.0.4280.88 Safari/537.36',
  'upgrade-insecure-requests' => '1',
  'connection' => 'close',
  'host' => 'www.mall.io',
)
[ info ] [ PARAM ] array (
  '/admin/brand_classify/index' => '',
)
[ info ] [ DB ] INIT mysql
[ info ] [ VIEW ] D:\soft\phpstudy_pro\WWW\mall\tp51\application\admin\view\brand_classify\index.html [ array (
  0 => 'datas',
  1 => 'page',
  2 => 'num',
) ]
[ sql ] [ DB ] CONNECT:[ UseTime:0.010970s ] mysql:host=127.0.0.1;dbname=mall;charset=utf8
[ sql ] [ SQL ] SHOW COLUMNS FROM `backstage_config` [ RunTime:0.001570s ]
[ sql ] [ SQL ] SELECT * FROM `backstage_config` LIMIT 1 [ RunTime:0.000602s ]
[ sql ] [ SQL ] SHOW COLUMNS FROM `brand_classify` [ RunTime:0.001514s ]
[ sql ] [ SQL ] SELECT COUNT(*) AS tp_count FROM `brand_classify` [ RunTime:0.000422s ]
[ sql ] [ SQL ] SELECT * FROM `brand_classify` ORDER BY `order` DESC LIMIT 0,20 [ RunTime:0.000563s ]
---------------------------------------------------------------

[2020-12-30T15:09:24+08:00] 127.0.0.1 GET www.mall.io/admin/goods_comment/index
[运行时间：0.099137s] [吞吐率：10.09req/s] [内存消耗：382.09kb] [文件加载：124]
[ info ] [ LANG ] D:\soft\phpstudy_pro\WWW\mall\tp51\thinkphp\lang\zh-cn.php
[ info ] [ ROUTE ] array (
)
[ info ] [ HEADER ] array (
  'cookie' => 'PHPSESSID=ul2g0ffbvhnc1mlt6vu4r0rljt',
  'accept-language' => 'zh-CN,zh;q=0.9',
  'accept-encoding' => 'gzip, deflate',
  'referer' => 'http://www.mall.io/admin/index/index',
  'accept' => 'text/html,application/xhtml+xml,application/xml;q=0.9,image/avif,image/webp,image/apng,*/*;q=0.8,application/signed-exchange;v=b3;q=0.9',
  'user-agent' => 'Mozilla/5.0 (Windows NT 10.0; Win64; x64) AppleWebKit/537.36 (KHTML, like Gecko) Chrome/87.0.4280.88 Safari/537.36',
  'upgrade-insecure-requests' => '1',
  'connection' => 'close',
  'host' => 'www.mall.io',
)
[ info ] [ PARAM ] array (
  '/admin/goods_comment/index' => '',
)
[ info ] [ VIEW ] D:\soft\phpstudy_pro\WWW\mall\tp51\application\admin\view\goods_comment\index.html [ array (
) ]
---------------------------------------------------------------

[2020-12-30T15:09:26+08:00] 127.0.0.1 GET www.mall.io/admin/goods_classify/index
[运行时间：0.222295s] [吞吐率：4.50req/s] [内存消耗：602.98kb] [文件加载：130]
[ info ] [ LANG ] D:\soft\phpstudy_pro\WWW\mall\tp51\thinkphp\lang\zh-cn.php
[ info ] [ ROUTE ] array (
)
[ info ] [ HEADER ] array (
  'cookie' => 'PHPSESSID=ul2g0ffbvhnc1mlt6vu4r0rljt',
  'accept-language' => 'zh-CN,zh;q=0.9',
  'accept-encoding' => 'gzip, deflate',
  'referer' => 'http://www.mall.io/admin/index/index',
  'accept' => 'text/html,application/xhtml+xml,application/xml;q=0.9,image/avif,image/webp,image/apng,*/*;q=0.8,application/signed-exchange;v=b3;q=0.9',
  'user-agent' => 'Mozilla/5.0 (Windows NT 10.0; Win64; x64) AppleWebKit/537.36 (KHTML, like Gecko) Chrome/87.0.4280.88 Safari/537.36',
  'upgrade-insecure-requests' => '1',
  'connection' => 'close',
  'host' => 'www.mall.io',
)
[ info ] [ PARAM ] array (
  '/admin/goods_classify/index' => '',
)
[ info ] [ DB ] INIT mysql
[ info ] [ VIEW ] D:\soft\phpstudy_pro\WWW\mall\tp51\application\admin\view\goods_classify\index.html [ array (
  0 => 'data',
) ]
[ sql ] [ DB ] CONNECT:[ UseTime:0.010670s ] mysql:host=127.0.0.1;dbname=mall;charset=utf8
[ sql ] [ SQL ] SHOW COLUMNS FROM `goods_classify` [ RunTime:0.033274s ]
[ sql ] [ SQL ] SELECT `id`,`user_id`,`classify`,`name`,`small_icon` FROM `goods_classify` ORDER BY `order` DESC [ RunTime:0.000550s ]
---------------------------------------------------------------

[2020-12-30T15:09:28+08:00] 127.0.0.1 GET www.mall.io/admin/goods_list/index
[运行时间：0.065215s] [吞吐率：15.33req/s] [内存消耗：383.17kb] [文件加载：125]
[ info ] [ LANG ] D:\soft\phpstudy_pro\WWW\mall\tp51\thinkphp\lang\zh-cn.php
[ info ] [ ROUTE ] array (
)
[ info ] [ HEADER ] array (
  'cookie' => 'PHPSESSID=ul2g0ffbvhnc1mlt6vu4r0rljt',
  'accept-language' => 'zh-CN,zh;q=0.9',
  'accept-encoding' => 'gzip, deflate',
  'referer' => 'http://www.mall.io/admin/index/index',
  'accept' => 'text/html,application/xhtml+xml,application/xml;q=0.9,image/avif,image/webp,image/apng,*/*;q=0.8,application/signed-exchange;v=b3;q=0.9',
  'user-agent' => 'Mozilla/5.0 (Windows NT 10.0; Win64; x64) AppleWebKit/537.36 (KHTML, like Gecko) Chrome/87.0.4280.88 Safari/537.36',
  'upgrade-insecure-requests' => '1',
  'connection' => 'close',
  'host' => 'www.mall.io',
)
[ info ] [ PARAM ] array (
  '/admin/goods_list/index' => '',
)
[ info ] [ VIEW ] D:\soft\phpstudy_pro\WWW\mall\tp51\application\admin\view\goods_list\index.html [ array (
) ]
---------------------------------------------------------------

[2020-12-30T15:09:32+08:00] 127.0.0.1 GET www.mall.io/admin/user_list/preview?id=
[运行时间：0.272816s] [吞吐率：3.67req/s] [内存消耗：599.32kb] [文件加载：134]
[ info ] [ LANG ] D:\soft\phpstudy_pro\WWW\mall\tp51\thinkphp\lang\zh-cn.php
[ info ] [ ROUTE ] array (
)
[ info ] [ HEADER ] array (
  'cookie' => 'PHPSESSID=ul2g0ffbvhnc1mlt6vu4r0rljt',
  'accept-language' => 'zh-CN,zh;q=0.9',
  'accept-encoding' => 'gzip, deflate',
  'referer' => 'http://www.mall.io/admin/goods_list/index',
  'accept' => 'text/html,application/xhtml+xml,application/xml;q=0.9,image/avif,image/webp,image/apng,*/*;q=0.8,application/signed-exchange;v=b3;q=0.9',
  'user-agent' => 'Mozilla/5.0 (Windows NT 10.0; Win64; x64) AppleWebKit/537.36 (KHTML, like Gecko) Chrome/87.0.4280.88 Safari/537.36',
  'upgrade-insecure-requests' => '1',
  'connection' => 'close',
  'host' => 'www.mall.io',
)
[ info ] [ PARAM ] array (
  '/admin/user_list/preview' => '',
  'id' => '',
)
[ info ] [ DB ] INIT mysql
[ info ] [ VIEW ] D:\soft\phpstudy_pro\WWW\mall\tp51\application\admin\view\user_list\preview.html [ array (
  0 => 'results',
) ]
[ sql ] [ DB ] CONNECT:[ UseTime:0.010830s ] mysql:host=127.0.0.1;dbname=mall;charset=utf8
[ sql ] [ SQL ] SHOW COLUMNS FROM `user` [ RunTime:0.061114s ]
[ sql ] [ SQL ] SELECT * FROM `user` WHERE  `id` = 0 LIMIT 1 [ RunTime:0.000650s ]
---------------------------------------------------------------

[2020-12-30T15:09:37+08:00] 127.0.0.1 GET www.mall.io/admin/user_list/found?tab=1&id=
[运行时间：0.247776s] [吞吐率：4.04req/s] [内存消耗：598.68kb] [文件加载：134]
[ info ] [ LANG ] D:\soft\phpstudy_pro\WWW\mall\tp51\thinkphp\lang\zh-cn.php
[ info ] [ ROUTE ] array (
)
[ info ] [ HEADER ] array (
  'cookie' => 'PHPSESSID=ul2g0ffbvhnc1mlt6vu4r0rljt',
  'accept-language' => 'zh-CN,zh;q=0.9',
  'accept-encoding' => 'gzip, deflate',
  'referer' => 'http://www.mall.io/admin/goods_list/index',
  'accept' => 'text/html,application/xhtml+xml,application/xml;q=0.9,image/avif,image/webp,image/apng,*/*;q=0.8,application/signed-exchange;v=b3;q=0.9',
  'user-agent' => 'Mozilla/5.0 (Windows NT 10.0; Win64; x64) AppleWebKit/537.36 (KHTML, like Gecko) Chrome/87.0.4280.88 Safari/537.36',
  'upgrade-insecure-requests' => '1',
  'connection' => 'close',
  'host' => 'www.mall.io',
)
[ info ] [ PARAM ] array (
  '/admin/user_list/found' => '',
  'tab' => '1',
  'id' => '',
)
[ info ] [ DB ] INIT mysql
[ info ] [ VIEW ] D:\soft\phpstudy_pro\WWW\mall\tp51\application\admin\view\user_list\found.html [ array (
  0 => 'results',
) ]
[ sql ] [ DB ] CONNECT:[ UseTime:0.010649s ] mysql:host=127.0.0.1;dbname=mall;charset=utf8
[ sql ] [ SQL ] SHOW COLUMNS FROM `user` [ RunTime:0.001856s ]
[ sql ] [ SQL ] SELECT * FROM `user` WHERE  `id` = 0 LIMIT 1 [ RunTime:0.000654s ]
---------------------------------------------------------------

[2020-12-30T15:09:46+08:00] 127.0.0.1 GET www.mall.io/admin/user_list/index
[运行时间：0.176950s] [吞吐率：5.65req/s] [内存消耗：678.56kb] [文件加载：136]
[ info ] [ LANG ] D:\soft\phpstudy_pro\WWW\mall\tp51\thinkphp\lang\zh-cn.php
[ info ] [ ROUTE ] array (
)
[ info ] [ HEADER ] array (
  'cookie' => 'PHPSESSID=ul2g0ffbvhnc1mlt6vu4r0rljt',
  'accept-language' => 'zh-CN,zh;q=0.9',
  'accept-encoding' => 'gzip, deflate',
  'referer' => 'http://www.mall.io/admin/user_list/found?tab=1&id=',
  'accept' => 'text/html,application/xhtml+xml,application/xml;q=0.9,image/avif,image/webp,image/apng,*/*;q=0.8,application/signed-exchange;v=b3;q=0.9',
  'user-agent' => 'Mozilla/5.0 (Windows NT 10.0; Win64; x64) AppleWebKit/537.36 (KHTML, like Gecko) Chrome/87.0.4280.88 Safari/537.36',
  'upgrade-insecure-requests' => '1',
  'connection' => 'close',
  'host' => 'www.mall.io',
)
[ info ] [ PARAM ] array (
  '/admin/user_list/index' => '',
)
[ info ] [ DB ] INIT mysql
[ info ] [ VIEW ] D:\soft\phpstudy_pro\WWW\mall\tp51\application\admin\view\user_list\index.html [ array (
  0 => 'data',
  1 => 'page',
  2 => 'num',
) ]
[ sql ] [ DB ] CONNECT:[ UseTime:0.010576s ] mysql:host=127.0.0.1;dbname=mall;charset=utf8
[ sql ] [ SQL ] SHOW COLUMNS FROM `backstage_config` [ RunTime:0.001668s ]
[ sql ] [ SQL ] SELECT * FROM `backstage_config` LIMIT 1 [ RunTime:0.000469s ]
[ sql ] [ SQL ] SHOW COLUMNS FROM `user` [ RunTime:0.001305s ]
[ sql ] [ SQL ] SELECT COUNT(*) AS tp_count FROM `user` [ RunTime:0.000477s ]
[ sql ] [ SQL ] SELECT * FROM `user` ORDER BY `create_time` DESC LIMIT 0,20 [ RunTime:0.000660s ]
---------------------------------------------------------------

[2020-12-30T15:09:49+08:00] 127.0.0.1 GET www.mall.io/admin/user_list/found?tab=1&id=4
[运行时间：0.021375s] [吞吐率：46.78req/s] [内存消耗：598.97kb] [文件加载：134]
[ info ] [ LANG ] D:\soft\phpstudy_pro\WWW\mall\tp51\thinkphp\lang\zh-cn.php
[ info ] [ ROUTE ] array (
)
[ info ] [ HEADER ] array (
  'cookie' => 'PHPSESSID=ul2g0ffbvhnc1mlt6vu4r0rljt',
  'accept-language' => 'zh-CN,zh;q=0.9',
  'accept-encoding' => 'gzip, deflate',
  'referer' => 'http://www.mall.io/admin/user_list/index',
  'accept' => 'text/html,application/xhtml+xml,application/xml;q=0.9,image/avif,image/webp,image/apng,*/*;q=0.8,application/signed-exchange;v=b3;q=0.9',
  'user-agent' => 'Mozilla/5.0 (Windows NT 10.0; Win64; x64) AppleWebKit/537.36 (KHTML, like Gecko) Chrome/87.0.4280.88 Safari/537.36',
  'upgrade-insecure-requests' => '1',
  'connection' => 'close',
  'host' => 'www.mall.io',
)
[ info ] [ PARAM ] array (
  '/admin/user_list/found' => '',
  'tab' => '1',
  'id' => '4',
)
[ info ] [ DB ] INIT mysql
[ info ] [ VIEW ] D:\soft\phpstudy_pro\WWW\mall\tp51\application\admin\view\user_list\found.html [ array (
  0 => 'results',
) ]
[ sql ] [ DB ] CONNECT:[ UseTime:0.011082s ] mysql:host=127.0.0.1;dbname=mall;charset=utf8
[ sql ] [ SQL ] SHOW COLUMNS FROM `user` [ RunTime:0.001957s ]
[ sql ] [ SQL ] SELECT * FROM `user` WHERE  `id` = 4 LIMIT 1 [ RunTime:0.000714s ]
---------------------------------------------------------------

[2020-12-30T15:09:52+08:00] 127.0.0.1 GET www.mall.io/admin/user_list/index
[运行时间：0.023513s] [吞吐率：42.53req/s] [内存消耗：677.45kb] [文件加载：136]
[ info ] [ LANG ] D:\soft\phpstudy_pro\WWW\mall\tp51\thinkphp\lang\zh-cn.php
[ info ] [ ROUTE ] array (
)
[ info ] [ HEADER ] array (
  'cookie' => 'PHPSESSID=ul2g0ffbvhnc1mlt6vu4r0rljt',
  'accept-language' => 'zh-CN,zh;q=0.9',
  'accept-encoding' => 'gzip, deflate',
  'referer' => 'http://www.mall.io/admin/user_list/found?tab=1&id=4',
  'accept' => 'text/html,application/xhtml+xml,application/xml;q=0.9,image/avif,image/webp,image/apng,*/*;q=0.8,application/signed-exchange;v=b3;q=0.9',
  'user-agent' => 'Mozilla/5.0 (Windows NT 10.0; Win64; x64) AppleWebKit/537.36 (KHTML, like Gecko) Chrome/87.0.4280.88 Safari/537.36',
  'upgrade-insecure-requests' => '1',
  'connection' => 'close',
  'host' => 'www.mall.io',
)
[ info ] [ PARAM ] array (
  '/admin/user_list/index' => '',
)
[ info ] [ DB ] INIT mysql
[ info ] [ VIEW ] D:\soft\phpstudy_pro\WWW\mall\tp51\application\admin\view\user_list\index.html [ array (
  0 => 'data',
  1 => 'page',
  2 => 'num',
) ]
[ sql ] [ DB ] CONNECT:[ UseTime:0.010679s ] mysql:host=127.0.0.1;dbname=mall;charset=utf8
[ sql ] [ SQL ] SHOW COLUMNS FROM `backstage_config` [ RunTime:0.001523s ]
[ sql ] [ SQL ] SELECT * FROM `backstage_config` LIMIT 1 [ RunTime:0.000483s ]
[ sql ] [ SQL ] SHOW COLUMNS FROM `user` [ RunTime:0.001399s ]
[ sql ] [ SQL ] SELECT COUNT(*) AS tp_count FROM `user` [ RunTime:0.000445s ]
[ sql ] [ SQL ] SELECT * FROM `user` ORDER BY `create_time` DESC LIMIT 0,20 [ RunTime:0.000588s ]
---------------------------------------------------------------

[2020-12-30T15:09:55+08:00] 127.0.0.1 GET www.mall.io/admin/user_list/found
[运行时间：0.006449s] [吞吐率：155.06req/s] [内存消耗：390.90kb] [文件加载：129]
[ info ] [ LANG ] D:\soft\phpstudy_pro\WWW\mall\tp51\thinkphp\lang\zh-cn.php
[ info ] [ ROUTE ] array (
)
[ info ] [ HEADER ] array (
  'cookie' => 'PHPSESSID=ul2g0ffbvhnc1mlt6vu4r0rljt',
  'accept-language' => 'zh-CN,zh;q=0.9',
  'accept-encoding' => 'gzip, deflate',
  'referer' => 'http://www.mall.io/admin/user_list/index',
  'accept' => 'text/html,application/xhtml+xml,application/xml;q=0.9,image/avif,image/webp,image/apng,*/*;q=0.8,application/signed-exchange;v=b3;q=0.9',
  'user-agent' => 'Mozilla/5.0 (Windows NT 10.0; Win64; x64) AppleWebKit/537.36 (KHTML, like Gecko) Chrome/87.0.4280.88 Safari/537.36',
  'upgrade-insecure-requests' => '1',
  'connection' => 'close',
  'host' => 'www.mall.io',
)
[ info ] [ PARAM ] array (
  '/admin/user_list/found' => '',
)
[ info ] [ VIEW ] D:\soft\phpstudy_pro\WWW\mall\tp51\application\admin\view\user_list\found.html [ array (
  0 => 'results',
) ]
---------------------------------------------------------------

[2020-12-30T15:10:04+08:00] 127.0.0.1 GET www.mall.io/admin/goods_list/index
[运行时间：0.007180s] [吞吐率：139.28req/s] [内存消耗：381.95kb] [文件加载：125]
[ info ] [ LANG ] D:\soft\phpstudy_pro\WWW\mall\tp51\thinkphp\lang\zh-cn.php
[ info ] [ ROUTE ] array (
)
[ info ] [ HEADER ] array (
  'cookie' => 'PHPSESSID=ul2g0ffbvhnc1mlt6vu4r0rljt',
  'accept-language' => 'zh-CN,zh;q=0.9',
  'accept-encoding' => 'gzip, deflate',
  'referer' => 'http://www.mall.io/admin/index/index',
  'accept' => 'text/html,application/xhtml+xml,application/xml;q=0.9,image/avif,image/webp,image/apng,*/*;q=0.8,application/signed-exchange;v=b3;q=0.9',
  'user-agent' => 'Mozilla/5.0 (Windows NT 10.0; Win64; x64) AppleWebKit/537.36 (KHTML, like Gecko) Chrome/87.0.4280.88 Safari/537.36',
  'upgrade-insecure-requests' => '1',
  'connection' => 'close',
  'host' => 'www.mall.io',
)
[ info ] [ PARAM ] array (
  '/admin/goods_list/index' => '',
)
[ info ] [ VIEW ] D:\soft\phpstudy_pro\WWW\mall\tp51\application\admin\view\goods_list\index.html [ array (
) ]
---------------------------------------------------------------

[2020-12-30T15:10:24+08:00] 127.0.0.1 GET www.mall.io/admin/goods_list/addGoods
[运行时间：0.246589s] [吞吐率：4.06req/s] [内存消耗：658.47kb] [文件加载：130]
[ info ] [ LANG ] D:\soft\phpstudy_pro\WWW\mall\tp51\thinkphp\lang\zh-cn.php
[ info ] [ ROUTE ] array (
)
[ info ] [ HEADER ] array (
  'cookie' => 'PHPSESSID=ul2g0ffbvhnc1mlt6vu4r0rljt',
  'accept-language' => 'zh-CN,zh;q=0.9',
  'accept-encoding' => 'gzip, deflate',
  'referer' => 'http://www.mall.io/admin/goods_list/index',
  'accept' => 'text/html,application/xhtml+xml,application/xml;q=0.9,image/avif,image/webp,image/apng,*/*;q=0.8,application/signed-exchange;v=b3;q=0.9',
  'user-agent' => 'Mozilla/5.0 (Windows NT 10.0; Win64; x64) AppleWebKit/537.36 (KHTML, like Gecko) Chrome/87.0.4280.88 Safari/537.36',
  'upgrade-insecure-requests' => '1',
  'connection' => 'close',
  'host' => 'www.mall.io',
)
[ info ] [ PARAM ] array (
  '/admin/goods_list/addGoods' => '',
)
[ info ] [ DB ] INIT mysql
[ info ] [ VIEW ] D:\soft\phpstudy_pro\WWW\mall\tp51\application\admin\view\goods_list\add_goods.html [ array (
  0 => 'goodsClassify',
  1 => 'brandClassifys',
  2 => 'area',
) ]
[ sql ] [ DB ] CONNECT:[ UseTime:0.010723s ] mysql:host=127.0.0.1;dbname=mall;charset=utf8
[ sql ] [ SQL ] SHOW COLUMNS FROM `goods_classify` [ RunTime:0.001710s ]
[ sql ] [ SQL ] SELECT `id`,`user_id`,`classify`,`name`,`small_icon` FROM `goods_classify` ORDER BY `order` DESC [ RunTime:0.000590s ]
[ sql ] [ SQL ] SHOW COLUMNS FROM `brand_classify` [ RunTime:0.001287s ]
[ sql ] [ SQL ] SELECT `id`,`name` FROM `brand_classify` WHERE  `is_start` = 1 ORDER BY `order` DESC [ RunTime:0.000522s ]
[ sql ] [ SQL ] SHOW COLUMNS FROM `brand_list` [ RunTime:0.001317s ]
[ sql ] [ SQL ] SELECT `id`,`name`,`classify` FROM `brand_list` WHERE  `is_start` = 1 ORDER BY `order` DESC [ RunTime:0.000526s ]
[ sql ] [ SQL ] SHOW COLUMNS FROM `area` [ RunTime:0.046511s ]
[ sql ] [ SQL ] SELECT * FROM `area` WHERE  `parent_code` = 0 [ RunTime:0.001681s ]
---------------------------------------------------------------

[2020-12-30T15:10:31+08:00] 127.0.0.1 GET www.mall.io/admin/goods_list/index
[运行时间：0.006400s] [吞吐率：156.25req/s] [内存消耗：381.97kb] [文件加载：125]
[ info ] [ LANG ] D:\soft\phpstudy_pro\WWW\mall\tp51\thinkphp\lang\zh-cn.php
[ info ] [ ROUTE ] array (
)
[ info ] [ HEADER ] array (
  'cookie' => 'PHPSESSID=ul2g0ffbvhnc1mlt6vu4r0rljt',
  'accept-language' => 'zh-CN,zh;q=0.9',
  'accept-encoding' => 'gzip, deflate',
  'referer' => 'http://www.mall.io/admin/goods_list/addGoods',
  'accept' => 'text/html,application/xhtml+xml,application/xml;q=0.9,image/avif,image/webp,image/apng,*/*;q=0.8,application/signed-exchange;v=b3;q=0.9',
  'user-agent' => 'Mozilla/5.0 (Windows NT 10.0; Win64; x64) AppleWebKit/537.36 (KHTML, like Gecko) Chrome/87.0.4280.88 Safari/537.36',
  'upgrade-insecure-requests' => '1',
  'connection' => 'close',
  'host' => 'www.mall.io',
)
[ info ] [ PARAM ] array (
  '/admin/goods_list/index' => '',
)
[ info ] [ VIEW ] D:\soft\phpstudy_pro\WWW\mall\tp51\application\admin\view\goods_list\index.html [ array (
) ]
---------------------------------------------------------------

[2020-12-30T15:10:35+08:00] 127.0.0.1 GET www.mall.io/admin/goods_list/addGoods
[运行时间：0.028318s] [吞吐率：35.31req/s] [内存消耗：657.38kb] [文件加载：130]
[ info ] [ LANG ] D:\soft\phpstudy_pro\WWW\mall\tp51\thinkphp\lang\zh-cn.php
[ info ] [ ROUTE ] array (
)
[ info ] [ HEADER ] array (
  'cookie' => 'PHPSESSID=ul2g0ffbvhnc1mlt6vu4r0rljt',
  'accept-language' => 'zh-CN,zh;q=0.9',
  'accept-encoding' => 'gzip, deflate',
  'referer' => 'http://www.mall.io/admin/goods_list/index',
  'accept' => 'text/html,application/xhtml+xml,application/xml;q=0.9,image/avif,image/webp,image/apng,*/*;q=0.8,application/signed-exchange;v=b3;q=0.9',
  'user-agent' => 'Mozilla/5.0 (Windows NT 10.0; Win64; x64) AppleWebKit/537.36 (KHTML, like Gecko) Chrome/87.0.4280.88 Safari/537.36',
  'upgrade-insecure-requests' => '1',
  'connection' => 'close',
  'host' => 'www.mall.io',
)
[ info ] [ PARAM ] array (
  '/admin/goods_list/addGoods' => '',
)
[ info ] [ DB ] INIT mysql
[ info ] [ VIEW ] D:\soft\phpstudy_pro\WWW\mall\tp51\application\admin\view\goods_list\add_goods.html [ array (
  0 => 'goodsClassify',
  1 => 'brandClassifys',
  2 => 'area',
) ]
[ sql ] [ DB ] CONNECT:[ UseTime:0.010587s ] mysql:host=127.0.0.1;dbname=mall;charset=utf8
[ sql ] [ SQL ] SHOW COLUMNS FROM `goods_classify` [ RunTime:0.001672s ]
[ sql ] [ SQL ] SELECT `id`,`user_id`,`classify`,`name`,`small_icon` FROM `goods_classify` ORDER BY `order` DESC [ RunTime:0.000546s ]
[ sql ] [ SQL ] SHOW COLUMNS FROM `brand_classify` [ RunTime:0.001217s ]
[ sql ] [ SQL ] SELECT `id`,`name` FROM `brand_classify` WHERE  `is_start` = 1 ORDER BY `order` DESC [ RunTime:0.000650s ]
[ sql ] [ SQL ] SHOW COLUMNS FROM `brand_list` [ RunTime:0.001513s ]
[ sql ] [ SQL ] SELECT `id`,`name`,`classify` FROM `brand_list` WHERE  `is_start` = 1 ORDER BY `order` DESC [ RunTime:0.000549s ]
[ sql ] [ SQL ] SHOW COLUMNS FROM `area` [ RunTime:0.001154s ]
[ sql ] [ SQL ] SELECT * FROM `area` WHERE  `parent_code` = 0 [ RunTime:0.000975s ]
---------------------------------------------------------------

[2020-12-30T15:10:37+08:00] 127.0.0.1 GET www.mall.io/admin/goods_list/index
[运行时间：0.006328s] [吞吐率：158.03req/s] [内存消耗：381.97kb] [文件加载：125]
[ info ] [ LANG ] D:\soft\phpstudy_pro\WWW\mall\tp51\thinkphp\lang\zh-cn.php
[ info ] [ ROUTE ] array (
)
[ info ] [ HEADER ] array (
  'cookie' => 'PHPSESSID=ul2g0ffbvhnc1mlt6vu4r0rljt',
  'accept-language' => 'zh-CN,zh;q=0.9',
  'accept-encoding' => 'gzip, deflate',
  'referer' => 'http://www.mall.io/admin/goods_list/addGoods',
  'accept' => 'text/html,application/xhtml+xml,application/xml;q=0.9,image/avif,image/webp,image/apng,*/*;q=0.8,application/signed-exchange;v=b3;q=0.9',
  'user-agent' => 'Mozilla/5.0 (Windows NT 10.0; Win64; x64) AppleWebKit/537.36 (KHTML, like Gecko) Chrome/87.0.4280.88 Safari/537.36',
  'upgrade-insecure-requests' => '1',
  'connection' => 'close',
  'host' => 'www.mall.io',
)
[ info ] [ PARAM ] array (
  '/admin/goods_list/index' => '',
)
[ info ] [ VIEW ] D:\soft\phpstudy_pro\WWW\mall\tp51\application\admin\view\goods_list\index.html [ array (
) ]
---------------------------------------------------------------

[2020-12-30T15:10:39+08:00] 127.0.0.1 GET www.mall.io/admin/user_list/found?tab=1&id=
[运行时间：0.020401s] [吞吐率：49.02req/s] [内存消耗：597.64kb] [文件加载：134]
[ info ] [ LANG ] D:\soft\phpstudy_pro\WWW\mall\tp51\thinkphp\lang\zh-cn.php
[ info ] [ ROUTE ] array (
)
[ info ] [ HEADER ] array (
  'cookie' => 'PHPSESSID=ul2g0ffbvhnc1mlt6vu4r0rljt',
  'accept-language' => 'zh-CN,zh;q=0.9',
  'accept-encoding' => 'gzip, deflate',
  'referer' => 'http://www.mall.io/admin/goods_list/index',
  'accept' => 'text/html,application/xhtml+xml,application/xml;q=0.9,image/avif,image/webp,image/apng,*/*;q=0.8,application/signed-exchange;v=b3;q=0.9',
  'user-agent' => 'Mozilla/5.0 (Windows NT 10.0; Win64; x64) AppleWebKit/537.36 (KHTML, like Gecko) Chrome/87.0.4280.88 Safari/537.36',
  'upgrade-insecure-requests' => '1',
  'connection' => 'close',
  'host' => 'www.mall.io',
)
[ info ] [ PARAM ] array (
  '/admin/user_list/found' => '',
  'tab' => '1',
  'id' => '',
)
[ info ] [ DB ] INIT mysql
[ info ] [ VIEW ] D:\soft\phpstudy_pro\WWW\mall\tp51\application\admin\view\user_list\found.html [ array (
  0 => 'results',
) ]
[ sql ] [ DB ] CONNECT:[ UseTime:0.009978s ] mysql:host=127.0.0.1;dbname=mall;charset=utf8
[ sql ] [ SQL ] SHOW COLUMNS FROM `user` [ RunTime:0.002144s ]
[ sql ] [ SQL ] SELECT * FROM `user` WHERE  `id` = 0 LIMIT 1 [ RunTime:0.000547s ]
---------------------------------------------------------------

[2020-12-30T15:10:41+08:00] 127.0.0.1 GET www.mall.io/admin/user_list/index
[运行时间：0.024203s] [吞吐率：41.32req/s] [内存消耗：677.45kb] [文件加载：136]
[ info ] [ LANG ] D:\soft\phpstudy_pro\WWW\mall\tp51\thinkphp\lang\zh-cn.php
[ info ] [ ROUTE ] array (
)
[ info ] [ HEADER ] array (
  'cookie' => 'PHPSESSID=ul2g0ffbvhnc1mlt6vu4r0rljt',
  'accept-language' => 'zh-CN,zh;q=0.9',
  'accept-encoding' => 'gzip, deflate',
  'referer' => 'http://www.mall.io/admin/user_list/found?tab=1&id=',
  'accept' => 'text/html,application/xhtml+xml,application/xml;q=0.9,image/avif,image/webp,image/apng,*/*;q=0.8,application/signed-exchange;v=b3;q=0.9',
  'user-agent' => 'Mozilla/5.0 (Windows NT 10.0; Win64; x64) AppleWebKit/537.36 (KHTML, like Gecko) Chrome/87.0.4280.88 Safari/537.36',
  'upgrade-insecure-requests' => '1',
  'connection' => 'close',
  'host' => 'www.mall.io',
)
[ info ] [ PARAM ] array (
  '/admin/user_list/index' => '',
)
[ info ] [ DB ] INIT mysql
[ info ] [ VIEW ] D:\soft\phpstudy_pro\WWW\mall\tp51\application\admin\view\user_list\index.html [ array (
  0 => 'data',
  1 => 'page',
  2 => 'num',
) ]
[ sql ] [ DB ] CONNECT:[ UseTime:0.011885s ] mysql:host=127.0.0.1;dbname=mall;charset=utf8
[ sql ] [ SQL ] SHOW COLUMNS FROM `backstage_config` [ RunTime:0.001641s ]
[ sql ] [ SQL ] SELECT * FROM `backstage_config` LIMIT 1 [ RunTime:0.000481s ]
[ sql ] [ SQL ] SHOW COLUMNS FROM `user` [ RunTime:0.001378s ]
[ sql ] [ SQL ] SELECT COUNT(*) AS tp_count FROM `user` [ RunTime:0.000441s ]
[ sql ] [ SQL ] SELECT * FROM `user` ORDER BY `create_time` DESC LIMIT 0,20 [ RunTime:0.000532s ]
---------------------------------------------------------------

[2020-12-30T15:10:47+08:00] 127.0.0.1 GET www.mall.io/admin/goods_list/index
[运行时间：0.024978s] [吞吐率：40.04req/s] [内存消耗：381.95kb] [文件加载：125]
[ info ] [ LANG ] D:\soft\phpstudy_pro\WWW\mall\tp51\thinkphp\lang\zh-cn.php
[ info ] [ ROUTE ] array (
)
[ info ] [ HEADER ] array (
  'cookie' => 'PHPSESSID=ul2g0ffbvhnc1mlt6vu4r0rljt',
  'accept-language' => 'zh-CN,zh;q=0.9',
  'accept-encoding' => 'gzip, deflate',
  'referer' => 'http://www.mall.io/admin/index/index',
  'accept' => 'text/html,application/xhtml+xml,application/xml;q=0.9,image/avif,image/webp,image/apng,*/*;q=0.8,application/signed-exchange;v=b3;q=0.9',
  'user-agent' => 'Mozilla/5.0 (Windows NT 10.0; Win64; x64) AppleWebKit/537.36 (KHTML, like Gecko) Chrome/87.0.4280.88 Safari/537.36',
  'upgrade-insecure-requests' => '1',
  'connection' => 'close',
  'host' => 'www.mall.io',
)
[ info ] [ PARAM ] array (
  '/admin/goods_list/index' => '',
)
[ info ] [ VIEW ] D:\soft\phpstudy_pro\WWW\mall\tp51\application\admin\view\goods_list\index.html [ array (
) ]
---------------------------------------------------------------

[2020-12-30T15:10:49+08:00] 127.0.0.1 GET www.mall.io/admin/goods_list/addGoods
[运行时间：0.018188s] [吞吐率：54.98req/s] [内存消耗：657.36kb] [文件加载：130]
[ info ] [ LANG ] D:\soft\phpstudy_pro\WWW\mall\tp51\thinkphp\lang\zh-cn.php
[ info ] [ ROUTE ] array (
)
[ info ] [ HEADER ] array (
  'cookie' => 'PHPSESSID=ul2g0ffbvhnc1mlt6vu4r0rljt',
  'accept-language' => 'zh-CN,zh;q=0.9',
  'accept-encoding' => 'gzip, deflate',
  'referer' => 'http://www.mall.io/admin/goods_list/index',
  'accept' => 'text/html,application/xhtml+xml,application/xml;q=0.9,image/avif,image/webp,image/apng,*/*;q=0.8,application/signed-exchange;v=b3;q=0.9',
  'user-agent' => 'Mozilla/5.0 (Windows NT 10.0; Win64; x64) AppleWebKit/537.36 (KHTML, like Gecko) Chrome/87.0.4280.88 Safari/537.36',
  'upgrade-insecure-requests' => '1',
  'connection' => 'close',
  'host' => 'www.mall.io',
)
[ info ] [ PARAM ] array (
  '/admin/goods_list/addGoods' => '',
)
[ info ] [ DB ] INIT mysql
[ info ] [ VIEW ] D:\soft\phpstudy_pro\WWW\mall\tp51\application\admin\view\goods_list\add_goods.html [ array (
  0 => 'goodsClassify',
  1 => 'brandClassifys',
  2 => 'area',
) ]
[ sql ] [ DB ] CONNECT:[ UseTime:0.001249s ] mysql:host=127.0.0.1;dbname=mall;charset=utf8
[ sql ] [ SQL ] SHOW COLUMNS FROM `goods_classify` [ RunTime:0.001542s ]
[ sql ] [ SQL ] SELECT `id`,`user_id`,`classify`,`name`,`small_icon` FROM `goods_classify` ORDER BY `order` DESC [ RunTime:0.000556s ]
[ sql ] [ SQL ] SHOW COLUMNS FROM `brand_classify` [ RunTime:0.001236s ]
[ sql ] [ SQL ] SELECT `id`,`name` FROM `brand_classify` WHERE  `is_start` = 1 ORDER BY `order` DESC [ RunTime:0.000551s ]
[ sql ] [ SQL ] SHOW COLUMNS FROM `brand_list` [ RunTime:0.001296s ]
[ sql ] [ SQL ] SELECT `id`,`name`,`classify` FROM `brand_list` WHERE  `is_start` = 1 ORDER BY `order` DESC [ RunTime:0.000603s ]
[ sql ] [ SQL ] SHOW COLUMNS FROM `area` [ RunTime:0.001283s ]
[ sql ] [ SQL ] SELECT * FROM `area` WHERE  `parent_code` = 0 [ RunTime:0.000934s ]
---------------------------------------------------------------

[2020-12-30T15:24:44+08:00] 127.0.0.1 GET www.mall.io/admin/index/index
[运行时间：0.046610s] [吞吐率：21.45req/s] [内存消耗：615.41kb] [文件加载：130]
[ info ] [ LANG ] D:\soft\phpstudy_pro\WWW\mall\tp51\thinkphp\lang\zh-cn.php
[ info ] [ ROUTE ] array (
)
[ info ] [ HEADER ] array (
  'cookie' => 'PHPSESSID=ul2g0ffbvhnc1mlt6vu4r0rljt',
  'accept-language' => 'zh-CN,zh;q=0.9',
  'accept-encoding' => 'gzip, deflate',
  'referer' => 'http://www.mall.io/admin/login/index',
  'accept' => 'text/html,application/xhtml+xml,application/xml;q=0.9,image/avif,image/webp,image/apng,*/*;q=0.8,application/signed-exchange;v=b3;q=0.9',
  'user-agent' => 'Mozilla/5.0 (Windows NT 10.0; Win64; x64) AppleWebKit/537.36 (KHTML, like Gecko) Chrome/87.0.4280.88 Safari/537.36',
  'upgrade-insecure-requests' => '1',
  'cache-control' => 'max-age=0',
  'connection' => 'close',
  'host' => 'www.mall.io',
)
[ info ] [ PARAM ] array (
  '/admin/index/index' => '',
)
[ info ] [ DB ] INIT mysql
[ info ] [ VIEW ] D:\soft\phpstudy_pro\WWW\mall\tp51\application\admin\view\index\index.html [ array (
  0 => 'admin',
  1 => 'lists',
) ]
[ sql ] [ DB ] CONNECT:[ UseTime:0.011547s ] mysql:host=127.0.0.1;dbname=mall;charset=utf8
[ sql ] [ SQL ] SHOW COLUMNS FROM `authority_allocation` [ RunTime:0.002360s ]
[ sql ] [ SQL ] SELECT * FROM `authority_allocation` ORDER BY `marshalling_sequence` DESC [ RunTime:0.000740s ]
---------------------------------------------------------------

[2020-12-30T15:24:44+08:00] 127.0.0.1 GET www.mall.io/admin/home/index
[运行时间：0.009235s] [吞吐率：108.28req/s] [内存消耗：381.93kb] [文件加载：125]
[ info ] [ LANG ] D:\soft\phpstudy_pro\WWW\mall\tp51\thinkphp\lang\zh-cn.php
[ info ] [ ROUTE ] array (
)
[ info ] [ HEADER ] array (
  'cookie' => 'PHPSESSID=ul2g0ffbvhnc1mlt6vu4r0rljt',
  'accept-language' => 'zh-CN,zh;q=0.9',
  'accept-encoding' => 'gzip, deflate',
  'referer' => 'http://www.mall.io/admin/index/index',
  'accept' => 'text/html,application/xhtml+xml,application/xml;q=0.9,image/avif,image/webp,image/apng,*/*;q=0.8,application/signed-exchange;v=b3;q=0.9',
  'user-agent' => 'Mozilla/5.0 (Windows NT 10.0; Win64; x64) AppleWebKit/537.36 (KHTML, like Gecko) Chrome/87.0.4280.88 Safari/537.36',
  'upgrade-insecure-requests' => '1',
  'connection' => 'close',
  'host' => 'www.mall.io',
)
[ info ] [ PARAM ] array (
  '/admin/home/index' => '',
)
[ info ] [ VIEW ] D:\soft\phpstudy_pro\WWW\mall\tp51\application\admin\view\home\index.html [ array (
) ]
