---------------------------------------------------------------

[2020-10-12T00:03:47+08:00] 127.0.0.1 GET www.mall.io/admin/user_list/index
[运行时间：0.006655s] [吞吐率：150.26req/s] [内存消耗：379.39kb] [文件加载：66]
[ info ] [ LANG ] D:\soft\phpstudy_pro\WWW\mall\tp51\thinkphp\lang\zh-cn.php
[ info ] [ ROUTE ] array (
)
[ info ] [ HEADER ] array (
  'cookie' => 'PHPSESSID=b0hn1f91gkifn22e0khrqa6v95',
  'accept-language' => 'zh-CN,zh;q=0.9',
  'accept-encoding' => 'gzip, deflate',
  'referer' => 'http://www.mall.io/admin/index/index',
  'accept' => 'text/html,application/xhtml+xml,application/xml;q=0.9,image/webp,image/apng,*/*;q=0.8,application/signed-exchange;v=b3;q=0.9',
  'user-agent' => 'Mozilla/5.0 (Windows NT 10.0; Win64; x64) AppleWebKit/537.36 (KHTML, like Gecko) Chrome/83.0.4103.97 Safari/537.36',
  'upgrade-insecure-requests' => '1',
  'connection' => 'close',
  'host' => 'www.mall.io',
)
[ info ] [ PARAM ] array (
  '/admin/user_list/index' => '',
)
[ info ] [ VIEW ] D:\soft\phpstudy_pro\WWW\mall\tp51\application\admin\view\user_list\index.html [ array (
) ]
---------------------------------------------------------------

[2020-10-12T00:03:49+08:00] 127.0.0.1 GET www.mall.io/admin/user_list/found
[运行时间：0.011582s] [吞吐率：86.34req/s] [内存消耗：395.96kb] [文件加载：68]
[ info ] [ LANG ] D:\soft\phpstudy_pro\WWW\mall\tp51\thinkphp\lang\zh-cn.php
[ info ] [ ROUTE ] array (
)
[ info ] [ HEADER ] array (
  'cookie' => 'PHPSESSID=b0hn1f91gkifn22e0khrqa6v95',
  'accept-language' => 'zh-CN,zh;q=0.9',
  'accept-encoding' => 'gzip, deflate',
  'referer' => 'http://www.mall.io/admin/user_list/index',
  'accept' => 'text/html,application/xhtml+xml,application/xml;q=0.9,image/webp,image/apng,*/*;q=0.8,application/signed-exchange;v=b3;q=0.9',
  'user-agent' => 'Mozilla/5.0 (Windows NT 10.0; Win64; x64) AppleWebKit/537.36 (KHTML, like Gecko) Chrome/83.0.4103.97 Safari/537.36',
  'upgrade-insecure-requests' => '1',
  'connection' => 'close',
  'host' => 'www.mall.io',
)
[ info ] [ PARAM ] array (
  '/admin/user_list/found' => '',
)
[ info ] [ VIEW ] D:\soft\phpstudy_pro\WWW\mall\tp51\application\admin\view\user_list\found.html [ array (
) ]
---------------------------------------------------------------

[2020-10-12T00:04:46+08:00] 127.0.0.1 GET www.mall.io/admin/user_list/found
[运行时间：0.002817s] [吞吐率：354.97req/s] [内存消耗：380.16kb] [文件加载：66]
[ info ] [ LANG ] D:\soft\phpstudy_pro\WWW\mall\tp51\thinkphp\lang\zh-cn.php
[ info ] [ ROUTE ] array (
)
[ info ] [ HEADER ] array (
  'cookie' => 'PHPSESSID=b0hn1f91gkifn22e0khrqa6v95',
  'accept-language' => 'zh-CN,zh;q=0.9',
  'accept-encoding' => 'gzip, deflate',
  'referer' => 'http://www.mall.io/admin/user_list/index',
  'accept' => 'text/html,application/xhtml+xml,application/xml;q=0.9,image/webp,image/apng,*/*;q=0.8,application/signed-exchange;v=b3;q=0.9',
  'user-agent' => 'Mozilla/5.0 (Windows NT 10.0; Win64; x64) AppleWebKit/537.36 (KHTML, like Gecko) Chrome/83.0.4103.97 Safari/537.36',
  'upgrade-insecure-requests' => '1',
  'cache-control' => 'max-age=0',
  'connection' => 'close',
  'host' => 'www.mall.io',
)
[ info ] [ PARAM ] array (
  '/admin/user_list/found' => '',
)
[ info ] [ VIEW ] D:\soft\phpstudy_pro\WWW\mall\tp51\application\admin\view\user_list\found.html [ array (
) ]
---------------------------------------------------------------

[2020-10-12T00:06:55+08:00] 127.0.0.1 GET www.mall.io/admin/user_list/index
[运行时间：0.006285s] [吞吐率：159.11req/s] [内存消耗：379.80kb] [文件加载：66]
[ info ] [ LANG ] D:\soft\phpstudy_pro\WWW\mall\tp51\thinkphp\lang\zh-cn.php
[ info ] [ ROUTE ] array (
)
[ info ] [ HEADER ] array (
  'cookie' => 'PHPSESSID=b0hn1f91gkifn22e0khrqa6v95',
  'accept-language' => 'zh-CN,zh;q=0.9',
  'accept-encoding' => 'gzip, deflate',
  'referer' => 'http://www.mall.io/admin/index/index',
  'accept' => 'text/html,application/xhtml+xml,application/xml;q=0.9,image/webp,image/apng,*/*;q=0.8,application/signed-exchange;v=b3;q=0.9',
  'user-agent' => 'Mozilla/5.0 (Windows NT 10.0; Win64; x64) AppleWebKit/537.36 (KHTML, like Gecko) Chrome/83.0.4103.97 Safari/537.36',
  'upgrade-insecure-requests' => '1',
  'cache-control' => 'no-cache',
  'pragma' => 'no-cache',
  'connection' => 'close',
  'host' => 'www.mall.io',
)
[ info ] [ PARAM ] array (
  '/admin/user_list/index' => '',
)
[ info ] [ VIEW ] D:\soft\phpstudy_pro\WWW\mall\tp51\application\admin\view\user_list\index.html [ array (
) ]
---------------------------------------------------------------

[2020-10-12T00:06:56+08:00] 127.0.0.1 GET www.mall.io/admin/user_list/index
[运行时间：0.002683s] [吞吐率：372.69req/s] [内存消耗：379.80kb] [文件加载：66]
[ info ] [ LANG ] D:\soft\phpstudy_pro\WWW\mall\tp51\thinkphp\lang\zh-cn.php
[ info ] [ ROUTE ] array (
)
[ info ] [ HEADER ] array (
  'cookie' => 'PHPSESSID=b0hn1f91gkifn22e0khrqa6v95',
  'accept-language' => 'zh-CN,zh;q=0.9',
  'accept-encoding' => 'gzip, deflate',
  'referer' => 'http://www.mall.io/admin/index/index',
  'accept' => 'text/html,application/xhtml+xml,application/xml;q=0.9,image/webp,image/apng,*/*;q=0.8,application/signed-exchange;v=b3;q=0.9',
  'user-agent' => 'Mozilla/5.0 (Windows NT 10.0; Win64; x64) AppleWebKit/537.36 (KHTML, like Gecko) Chrome/83.0.4103.97 Safari/537.36',
  'upgrade-insecure-requests' => '1',
  'cache-control' => 'no-cache',
  'pragma' => 'no-cache',
  'connection' => 'close',
  'host' => 'www.mall.io',
)
[ info ] [ PARAM ] array (
  '/admin/user_list/index' => '',
)
[ info ] [ VIEW ] D:\soft\phpstudy_pro\WWW\mall\tp51\application\admin\view\user_list\index.html [ array (
) ]
---------------------------------------------------------------

[2020-10-12T00:06:57+08:00] 127.0.0.1 GET www.mall.io/admin/user_list/found
[运行时间：0.002720s] [吞吐率：367.63req/s] [内存消耗：379.81kb] [文件加载：66]
[ info ] [ LANG ] D:\soft\phpstudy_pro\WWW\mall\tp51\thinkphp\lang\zh-cn.php
[ info ] [ ROUTE ] array (
)
[ info ] [ HEADER ] array (
  'cookie' => 'PHPSESSID=b0hn1f91gkifn22e0khrqa6v95',
  'accept-language' => 'zh-CN,zh;q=0.9',
  'accept-encoding' => 'gzip, deflate',
  'referer' => 'http://www.mall.io/admin/user_list/index',
  'accept' => 'text/html,application/xhtml+xml,application/xml;q=0.9,image/webp,image/apng,*/*;q=0.8,application/signed-exchange;v=b3;q=0.9',
  'user-agent' => 'Mozilla/5.0 (Windows NT 10.0; Win64; x64) AppleWebKit/537.36 (KHTML, like Gecko) Chrome/83.0.4103.97 Safari/537.36',
  'upgrade-insecure-requests' => '1',
  'cache-control' => 'no-cache',
  'pragma' => 'no-cache',
  'connection' => 'close',
  'host' => 'www.mall.io',
)
[ info ] [ PARAM ] array (
  '/admin/user_list/found' => '',
)
[ info ] [ VIEW ] D:\soft\phpstudy_pro\WWW\mall\tp51\application\admin\view\user_list\found.html [ array (
) ]
---------------------------------------------------------------

[2020-10-12T00:08:12+08:00] 127.0.0.1 GET www.mall.io/admin/user_list/index
[运行时间：0.002823s] [吞吐率：354.22req/s] [内存消耗：379.40kb] [文件加载：66]
[ info ] [ LANG ] D:\soft\phpstudy_pro\WWW\mall\tp51\thinkphp\lang\zh-cn.php
[ info ] [ ROUTE ] array (
)
[ info ] [ HEADER ] array (
  'cookie' => 'PHPSESSID=b0hn1f91gkifn22e0khrqa6v95',
  'accept-language' => 'zh-CN,zh;q=0.9',
  'accept-encoding' => 'gzip, deflate',
  'referer' => 'http://www.mall.io/admin/index/index',
  'accept' => 'text/html,application/xhtml+xml,application/xml;q=0.9,image/webp,image/apng,*/*;q=0.8,application/signed-exchange;v=b3;q=0.9',
  'user-agent' => 'Mozilla/5.0 (Windows NT 10.0; Win64; x64) AppleWebKit/537.36 (KHTML, like Gecko) Chrome/83.0.4103.97 Safari/537.36',
  'upgrade-insecure-requests' => '1',
  'connection' => 'close',
  'host' => 'www.mall.io',
)
[ info ] [ PARAM ] array (
  '/admin/user_list/index' => '',
)
[ info ] [ VIEW ] D:\soft\phpstudy_pro\WWW\mall\tp51\application\admin\view\user_list\index.html [ array (
) ]
---------------------------------------------------------------

[2020-10-12T00:08:12+08:00] 127.0.0.1 GET www.mall.io/admin/user_list/index
[运行时间：0.002436s] [吞吐率：410.52req/s] [内存消耗：379.40kb] [文件加载：66]
[ info ] [ LANG ] D:\soft\phpstudy_pro\WWW\mall\tp51\thinkphp\lang\zh-cn.php
[ info ] [ ROUTE ] array (
)
[ info ] [ HEADER ] array (
  'cookie' => 'PHPSESSID=b0hn1f91gkifn22e0khrqa6v95',
  'accept-language' => 'zh-CN,zh;q=0.9',
  'accept-encoding' => 'gzip, deflate',
  'referer' => 'http://www.mall.io/admin/index/index',
  'accept' => 'text/html,application/xhtml+xml,application/xml;q=0.9,image/webp,image/apng,*/*;q=0.8,application/signed-exchange;v=b3;q=0.9',
  'user-agent' => 'Mozilla/5.0 (Windows NT 10.0; Win64; x64) AppleWebKit/537.36 (KHTML, like Gecko) Chrome/83.0.4103.97 Safari/537.36',
  'upgrade-insecure-requests' => '1',
  'connection' => 'close',
  'host' => 'www.mall.io',
)
[ info ] [ PARAM ] array (
  '/admin/user_list/index' => '',
)
[ info ] [ VIEW ] D:\soft\phpstudy_pro\WWW\mall\tp51\application\admin\view\user_list\index.html [ array (
) ]
---------------------------------------------------------------

[2020-10-12T00:08:13+08:00] 127.0.0.1 GET www.mall.io/admin/user_list/found
[运行时间：0.003133s] [吞吐率：319.18req/s] [内存消耗：379.41kb] [文件加载：66]
[ info ] [ LANG ] D:\soft\phpstudy_pro\WWW\mall\tp51\thinkphp\lang\zh-cn.php
[ info ] [ ROUTE ] array (
)
[ info ] [ HEADER ] array (
  'cookie' => 'PHPSESSID=b0hn1f91gkifn22e0khrqa6v95',
  'accept-language' => 'zh-CN,zh;q=0.9',
  'accept-encoding' => 'gzip, deflate',
  'referer' => 'http://www.mall.io/admin/user_list/index',
  'accept' => 'text/html,application/xhtml+xml,application/xml;q=0.9,image/webp,image/apng,*/*;q=0.8,application/signed-exchange;v=b3;q=0.9',
  'user-agent' => 'Mozilla/5.0 (Windows NT 10.0; Win64; x64) AppleWebKit/537.36 (KHTML, like Gecko) Chrome/83.0.4103.97 Safari/537.36',
  'upgrade-insecure-requests' => '1',
  'connection' => 'close',
  'host' => 'www.mall.io',
)
[ info ] [ PARAM ] array (
  '/admin/user_list/found' => '',
)
[ info ] [ VIEW ] D:\soft\phpstudy_pro\WWW\mall\tp51\application\admin\view\user_list\found.html [ array (
) ]
---------------------------------------------------------------

[2020-10-12T00:08:26+08:00] 127.0.0.1 GET www.mall.io/admin/user_list/found
[运行时间：0.002678s] [吞吐率：373.39req/s] [内存消耗：379.74kb] [文件加载：66]
[ info ] [ LANG ] D:\soft\phpstudy_pro\WWW\mall\tp51\thinkphp\lang\zh-cn.php
[ info ] [ ROUTE ] array (
)
[ info ] [ HEADER ] array (
  'cookie' => 'PHPSESSID=b0hn1f91gkifn22e0khrqa6v95',
  'accept-language' => 'zh-CN,zh;q=0.9',
  'accept-encoding' => 'gzip, deflate',
  'referer' => 'http://www.mall.io/admin/user_list/index',
  'accept' => 'text/html,application/xhtml+xml,application/xml;q=0.9,image/webp,image/apng,*/*;q=0.8,application/signed-exchange;v=b3;q=0.9',
  'user-agent' => 'Mozilla/5.0 (Windows NT 10.0; Win64; x64) AppleWebKit/537.36 (KHTML, like Gecko) Chrome/83.0.4103.97 Safari/537.36',
  'upgrade-insecure-requests' => '1',
  'cache-control' => 'max-age=0',
  'connection' => 'close',
  'host' => 'www.mall.io',
)
[ info ] [ PARAM ] array (
  '/admin/user_list/found' => '',
)
[ info ] [ VIEW ] D:\soft\phpstudy_pro\WWW\mall\tp51\application\admin\view\user_list\found.html [ array (
) ]
---------------------------------------------------------------

[2020-10-12T00:08:46+08:00] 127.0.0.1 GET www.mall.io/admin/user_list/found
[运行时间：0.002663s] [吞吐率：375.53req/s] [内存消耗：379.74kb] [文件加载：66]
[ info ] [ LANG ] D:\soft\phpstudy_pro\WWW\mall\tp51\thinkphp\lang\zh-cn.php
[ info ] [ ROUTE ] array (
)
[ info ] [ HEADER ] array (
  'cookie' => 'PHPSESSID=b0hn1f91gkifn22e0khrqa6v95',
  'accept-language' => 'zh-CN,zh;q=0.9',
  'accept-encoding' => 'gzip, deflate',
  'referer' => 'http://www.mall.io/admin/user_list/index',
  'accept' => 'text/html,application/xhtml+xml,application/xml;q=0.9,image/webp,image/apng,*/*;q=0.8,application/signed-exchange;v=b3;q=0.9',
  'user-agent' => 'Mozilla/5.0 (Windows NT 10.0; Win64; x64) AppleWebKit/537.36 (KHTML, like Gecko) Chrome/83.0.4103.97 Safari/537.36',
  'upgrade-insecure-requests' => '1',
  'cache-control' => 'max-age=0',
  'connection' => 'close',
  'host' => 'www.mall.io',
)
[ info ] [ PARAM ] array (
  '/admin/user_list/found' => '',
)
[ info ] [ VIEW ] D:\soft\phpstudy_pro\WWW\mall\tp51\application\admin\view\user_list\found.html [ array (
) ]
---------------------------------------------------------------

[2020-10-12T00:08:58+08:00] 127.0.0.1 GET www.mall.io/admin/user_list/found
[运行时间：0.005583s] [吞吐率：179.11req/s] [内存消耗：379.74kb] [文件加载：66]
[ info ] [ LANG ] D:\soft\phpstudy_pro\WWW\mall\tp51\thinkphp\lang\zh-cn.php
[ info ] [ ROUTE ] array (
)
[ info ] [ HEADER ] array (
  'cookie' => 'PHPSESSID=b0hn1f91gkifn22e0khrqa6v95',
  'accept-language' => 'zh-CN,zh;q=0.9',
  'accept-encoding' => 'gzip, deflate',
  'referer' => 'http://www.mall.io/admin/user_list/index',
  'accept' => 'text/html,application/xhtml+xml,application/xml;q=0.9,image/webp,image/apng,*/*;q=0.8,application/signed-exchange;v=b3;q=0.9',
  'user-agent' => 'Mozilla/5.0 (Windows NT 10.0; Win64; x64) AppleWebKit/537.36 (KHTML, like Gecko) Chrome/83.0.4103.97 Safari/537.36',
  'upgrade-insecure-requests' => '1',
  'cache-control' => 'max-age=0',
  'connection' => 'close',
  'host' => 'www.mall.io',
)
[ info ] [ PARAM ] array (
  '/admin/user_list/found' => '',
)
[ info ] [ VIEW ] D:\soft\phpstudy_pro\WWW\mall\tp51\application\admin\view\user_list\found.html [ array (
) ]
---------------------------------------------------------------

[2020-10-12T00:09:16+08:00] 127.0.0.1 GET www.mall.io/admin/user_list/found
[运行时间：0.003842s] [吞吐率：260.27req/s] [内存消耗：379.74kb] [文件加载：66]
[ info ] [ LANG ] D:\soft\phpstudy_pro\WWW\mall\tp51\thinkphp\lang\zh-cn.php
[ info ] [ ROUTE ] array (
)
[ info ] [ HEADER ] array (
  'cookie' => 'PHPSESSID=b0hn1f91gkifn22e0khrqa6v95',
  'accept-language' => 'zh-CN,zh;q=0.9',
  'accept-encoding' => 'gzip, deflate',
  'referer' => 'http://www.mall.io/admin/user_list/index',
  'accept' => 'text/html,application/xhtml+xml,application/xml;q=0.9,image/webp,image/apng,*/*;q=0.8,application/signed-exchange;v=b3;q=0.9',
  'user-agent' => 'Mozilla/5.0 (Windows NT 10.0; Win64; x64) AppleWebKit/537.36 (KHTML, like Gecko) Chrome/83.0.4103.97 Safari/537.36',
  'upgrade-insecure-requests' => '1',
  'cache-control' => 'max-age=0',
  'connection' => 'close',
  'host' => 'www.mall.io',
)
[ info ] [ PARAM ] array (
  '/admin/user_list/found' => '',
)
[ info ] [ VIEW ] D:\soft\phpstudy_pro\WWW\mall\tp51\application\admin\view\user_list\found.html [ array (
) ]
---------------------------------------------------------------

[2020-10-12T00:09:32+08:00] 127.0.0.1 GET www.mall.io/admin/user_list/index
[运行时间：0.002597s] [吞吐率：385.08req/s] [内存消耗：379.41kb] [文件加载：66]
[ info ] [ LANG ] D:\soft\phpstudy_pro\WWW\mall\tp51\thinkphp\lang\zh-cn.php
[ info ] [ ROUTE ] array (
)
[ info ] [ HEADER ] array (
  'cookie' => 'PHPSESSID=b0hn1f91gkifn22e0khrqa6v95',
  'accept-language' => 'zh-CN,zh;q=0.9',
  'accept-encoding' => 'gzip, deflate',
  'referer' => 'http://www.mall.io/admin/user_list/found',
  'accept' => 'text/html,application/xhtml+xml,application/xml;q=0.9,image/webp,image/apng,*/*;q=0.8,application/signed-exchange;v=b3;q=0.9',
  'user-agent' => 'Mozilla/5.0 (Windows NT 10.0; Win64; x64) AppleWebKit/537.36 (KHTML, like Gecko) Chrome/83.0.4103.97 Safari/537.36',
  'upgrade-insecure-requests' => '1',
  'connection' => 'close',
  'host' => 'www.mall.io',
)
[ info ] [ PARAM ] array (
  '/admin/user_list/index' => '',
)
[ info ] [ VIEW ] D:\soft\phpstudy_pro\WWW\mall\tp51\application\admin\view\user_list\index.html [ array (
) ]
---------------------------------------------------------------

[2020-10-12T00:09:33+08:00] 127.0.0.1 GET www.mall.io/admin/user_list/found
[运行时间：0.002610s] [吞吐率：383.15req/s] [内存消耗：379.41kb] [文件加载：66]
[ info ] [ LANG ] D:\soft\phpstudy_pro\WWW\mall\tp51\thinkphp\lang\zh-cn.php
[ info ] [ ROUTE ] array (
)
[ info ] [ HEADER ] array (
  'cookie' => 'PHPSESSID=b0hn1f91gkifn22e0khrqa6v95',
  'accept-language' => 'zh-CN,zh;q=0.9',
  'accept-encoding' => 'gzip, deflate',
  'referer' => 'http://www.mall.io/admin/user_list/index',
  'accept' => 'text/html,application/xhtml+xml,application/xml;q=0.9,image/webp,image/apng,*/*;q=0.8,application/signed-exchange;v=b3;q=0.9',
  'user-agent' => 'Mozilla/5.0 (Windows NT 10.0; Win64; x64) AppleWebKit/537.36 (KHTML, like Gecko) Chrome/83.0.4103.97 Safari/537.36',
  'upgrade-insecure-requests' => '1',
  'connection' => 'close',
  'host' => 'www.mall.io',
)
[ info ] [ PARAM ] array (
  '/admin/user_list/found' => '',
)
[ info ] [ VIEW ] D:\soft\phpstudy_pro\WWW\mall\tp51\application\admin\view\user_list\found.html [ array (
) ]
---------------------------------------------------------------

[2020-10-12T00:11:24+08:00] 127.0.0.1 GET www.mall.io/admin/user_list/index
[运行时间：0.006468s] [吞吐率：154.61req/s] [内存消耗：379.40kb] [文件加载：66]
[ info ] [ LANG ] D:\soft\phpstudy_pro\WWW\mall\tp51\thinkphp\lang\zh-cn.php
[ info ] [ ROUTE ] array (
)
[ info ] [ HEADER ] array (
  'cookie' => 'PHPSESSID=b0hn1f91gkifn22e0khrqa6v95',
  'accept-language' => 'zh-CN,zh;q=0.9',
  'accept-encoding' => 'gzip, deflate',
  'referer' => 'http://www.mall.io/admin/index/index',
  'accept' => 'text/html,application/xhtml+xml,application/xml;q=0.9,image/webp,image/apng,*/*;q=0.8,application/signed-exchange;v=b3;q=0.9',
  'user-agent' => 'Mozilla/5.0 (Windows NT 10.0; Win64; x64) AppleWebKit/537.36 (KHTML, like Gecko) Chrome/83.0.4103.97 Safari/537.36',
  'upgrade-insecure-requests' => '1',
  'connection' => 'close',
  'host' => 'www.mall.io',
)
[ info ] [ PARAM ] array (
  '/admin/user_list/index' => '',
)
[ info ] [ VIEW ] D:\soft\phpstudy_pro\WWW\mall\tp51\application\admin\view\user_list\index.html [ array (
) ]
---------------------------------------------------------------

[2020-10-12T00:11:27+08:00] 127.0.0.1 GET www.mall.io/admin/user_list/found
[运行时间：0.012549s] [吞吐率：79.69req/s] [内存消耗：399.96kb] [文件加载：68]
[ info ] [ LANG ] D:\soft\phpstudy_pro\WWW\mall\tp51\thinkphp\lang\zh-cn.php
[ info ] [ ROUTE ] array (
)
[ info ] [ HEADER ] array (
  'cookie' => 'PHPSESSID=b0hn1f91gkifn22e0khrqa6v95',
  'accept-language' => 'zh-CN,zh;q=0.9',
  'accept-encoding' => 'gzip, deflate',
  'referer' => 'http://www.mall.io/admin/user_list/index',
  'accept' => 'text/html,application/xhtml+xml,application/xml;q=0.9,image/webp,image/apng,*/*;q=0.8,application/signed-exchange;v=b3;q=0.9',
  'user-agent' => 'Mozilla/5.0 (Windows NT 10.0; Win64; x64) AppleWebKit/537.36 (KHTML, like Gecko) Chrome/83.0.4103.97 Safari/537.36',
  'upgrade-insecure-requests' => '1',
  'connection' => 'close',
  'host' => 'www.mall.io',
)
[ info ] [ PARAM ] array (
  '/admin/user_list/found' => '',
)
[ info ] [ VIEW ] D:\soft\phpstudy_pro\WWW\mall\tp51\application\admin\view\user_list\found.html [ array (
) ]
---------------------------------------------------------------

[2020-10-12T00:13:33+08:00] 127.0.0.1 GET www.mall.io/admin/user_list/found
[运行时间：0.017703s] [吞吐率：56.49req/s] [内存消耗：400.29kb] [文件加载：68]
[ info ] [ LANG ] D:\soft\phpstudy_pro\WWW\mall\tp51\thinkphp\lang\zh-cn.php
[ info ] [ ROUTE ] array (
)
[ info ] [ HEADER ] array (
  'cookie' => 'PHPSESSID=b0hn1f91gkifn22e0khrqa6v95',
  'accept-language' => 'zh-CN,zh;q=0.9',
  'accept-encoding' => 'gzip, deflate',
  'referer' => 'http://www.mall.io/admin/user_list/index',
  'accept' => 'text/html,application/xhtml+xml,application/xml;q=0.9,image/webp,image/apng,*/*;q=0.8,application/signed-exchange;v=b3;q=0.9',
  'user-agent' => 'Mozilla/5.0 (Windows NT 10.0; Win64; x64) AppleWebKit/537.36 (KHTML, like Gecko) Chrome/83.0.4103.97 Safari/537.36',
  'upgrade-insecure-requests' => '1',
  'cache-control' => 'max-age=0',
  'connection' => 'close',
  'host' => 'www.mall.io',
)
[ info ] [ PARAM ] array (
  '/admin/user_list/found' => '',
)
[ info ] [ VIEW ] D:\soft\phpstudy_pro\WWW\mall\tp51\application\admin\view\user_list\found.html [ array (
) ]
---------------------------------------------------------------

[2020-10-12T00:14:20+08:00] 127.0.0.1 GET www.mall.io/admin/user_list/found
[运行时间：0.012425s] [吞吐率：80.48req/s] [内存消耗：400.29kb] [文件加载：68]
[ info ] [ LANG ] D:\soft\phpstudy_pro\WWW\mall\tp51\thinkphp\lang\zh-cn.php
[ info ] [ ROUTE ] array (
)
[ info ] [ HEADER ] array (
  'cookie' => 'PHPSESSID=b0hn1f91gkifn22e0khrqa6v95',
  'accept-language' => 'zh-CN,zh;q=0.9',
  'accept-encoding' => 'gzip, deflate',
  'referer' => 'http://www.mall.io/admin/user_list/index',
  'accept' => 'text/html,application/xhtml+xml,application/xml;q=0.9,image/webp,image/apng,*/*;q=0.8,application/signed-exchange;v=b3;q=0.9',
  'user-agent' => 'Mozilla/5.0 (Windows NT 10.0; Win64; x64) AppleWebKit/537.36 (KHTML, like Gecko) Chrome/83.0.4103.97 Safari/537.36',
  'upgrade-insecure-requests' => '1',
  'cache-control' => 'max-age=0',
  'connection' => 'close',
  'host' => 'www.mall.io',
)
[ info ] [ PARAM ] array (
  '/admin/user_list/found' => '',
)
[ info ] [ VIEW ] D:\soft\phpstudy_pro\WWW\mall\tp51\application\admin\view\user_list\found.html [ array (
) ]
---------------------------------------------------------------

[2020-10-12T00:16:24+08:00] 127.0.0.1 GET www.mall.io/admin/user_list/index
[运行时间：0.006665s] [吞吐率：150.04req/s] [内存消耗：379.40kb] [文件加载：66]
[ info ] [ LANG ] D:\soft\phpstudy_pro\WWW\mall\tp51\thinkphp\lang\zh-cn.php
[ info ] [ ROUTE ] array (
)
[ info ] [ HEADER ] array (
  'cookie' => 'PHPSESSID=b0hn1f91gkifn22e0khrqa6v95',
  'accept-language' => 'zh-CN,zh;q=0.9',
  'accept-encoding' => 'gzip, deflate',
  'referer' => 'http://www.mall.io/admin/index/index',
  'accept' => 'text/html,application/xhtml+xml,application/xml;q=0.9,image/webp,image/apng,*/*;q=0.8,application/signed-exchange;v=b3;q=0.9',
  'user-agent' => 'Mozilla/5.0 (Windows NT 10.0; Win64; x64) AppleWebKit/537.36 (KHTML, like Gecko) Chrome/83.0.4103.97 Safari/537.36',
  'upgrade-insecure-requests' => '1',
  'connection' => 'close',
  'host' => 'www.mall.io',
)
[ info ] [ PARAM ] array (
  '/admin/user_list/index' => '',
)
[ info ] [ VIEW ] D:\soft\phpstudy_pro\WWW\mall\tp51\application\admin\view\user_list\index.html [ array (
) ]
---------------------------------------------------------------

[2020-10-12T00:16:25+08:00] 127.0.0.1 GET www.mall.io/admin/user_list/found
[运行时间：0.011610s] [吞吐率：86.13req/s] [内存消耗：399.96kb] [文件加载：68]
[ info ] [ LANG ] D:\soft\phpstudy_pro\WWW\mall\tp51\thinkphp\lang\zh-cn.php
[ info ] [ ROUTE ] array (
)
[ info ] [ HEADER ] array (
  'cookie' => 'PHPSESSID=b0hn1f91gkifn22e0khrqa6v95',
  'accept-language' => 'zh-CN,zh;q=0.9',
  'accept-encoding' => 'gzip, deflate',
  'referer' => 'http://www.mall.io/admin/user_list/index',
  'accept' => 'text/html,application/xhtml+xml,application/xml;q=0.9,image/webp,image/apng,*/*;q=0.8,application/signed-exchange;v=b3;q=0.9',
  'user-agent' => 'Mozilla/5.0 (Windows NT 10.0; Win64; x64) AppleWebKit/537.36 (KHTML, like Gecko) Chrome/83.0.4103.97 Safari/537.36',
  'upgrade-insecure-requests' => '1',
  'connection' => 'close',
  'host' => 'www.mall.io',
)
[ info ] [ PARAM ] array (
  '/admin/user_list/found' => '',
)
[ info ] [ VIEW ] D:\soft\phpstudy_pro\WWW\mall\tp51\application\admin\view\user_list\found.html [ array (
) ]
---------------------------------------------------------------

[2020-10-12T00:18:29+08:00] 127.0.0.1 GET www.mall.io/admin/user_list/found
[运行时间：0.016179s] [吞吐率：61.81req/s] [内存消耗：400.29kb] [文件加载：68]
[ info ] [ LANG ] D:\soft\phpstudy_pro\WWW\mall\tp51\thinkphp\lang\zh-cn.php
[ info ] [ ROUTE ] array (
)
[ info ] [ HEADER ] array (
  'cookie' => 'PHPSESSID=b0hn1f91gkifn22e0khrqa6v95',
  'accept-language' => 'zh-CN,zh;q=0.9',
  'accept-encoding' => 'gzip, deflate',
  'referer' => 'http://www.mall.io/admin/user_list/index',
  'accept' => 'text/html,application/xhtml+xml,application/xml;q=0.9,image/webp,image/apng,*/*;q=0.8,application/signed-exchange;v=b3;q=0.9',
  'user-agent' => 'Mozilla/5.0 (Windows NT 10.0; Win64; x64) AppleWebKit/537.36 (KHTML, like Gecko) Chrome/83.0.4103.97 Safari/537.36',
  'upgrade-insecure-requests' => '1',
  'cache-control' => 'max-age=0',
  'connection' => 'close',
  'host' => 'www.mall.io',
)
[ info ] [ PARAM ] array (
  '/admin/user_list/found' => '',
)
[ info ] [ VIEW ] D:\soft\phpstudy_pro\WWW\mall\tp51\application\admin\view\user_list\found.html [ array (
) ]
---------------------------------------------------------------

[2020-10-12T00:19:19+08:00] 127.0.0.1 GET www.mall.io/admin/user_list/index
[运行时间：0.002714s] [吞吐率：368.47req/s] [内存消耗：379.40kb] [文件加载：66]
[ info ] [ LANG ] D:\soft\phpstudy_pro\WWW\mall\tp51\thinkphp\lang\zh-cn.php
[ info ] [ ROUTE ] array (
)
[ info ] [ HEADER ] array (
  'cookie' => 'PHPSESSID=b0hn1f91gkifn22e0khrqa6v95',
  'accept-language' => 'zh-CN,zh;q=0.9',
  'accept-encoding' => 'gzip, deflate',
  'referer' => 'http://www.mall.io/admin/index/index',
  'accept' => 'text/html,application/xhtml+xml,application/xml;q=0.9,image/webp,image/apng,*/*;q=0.8,application/signed-exchange;v=b3;q=0.9',
  'user-agent' => 'Mozilla/5.0 (Windows NT 10.0; Win64; x64) AppleWebKit/537.36 (KHTML, like Gecko) Chrome/83.0.4103.97 Safari/537.36',
  'upgrade-insecure-requests' => '1',
  'connection' => 'close',
  'host' => 'www.mall.io',
)
[ info ] [ PARAM ] array (
  '/admin/user_list/index' => '',
)
[ info ] [ VIEW ] D:\soft\phpstudy_pro\WWW\mall\tp51\application\admin\view\user_list\index.html [ array (
) ]
---------------------------------------------------------------

[2020-10-12T00:19:20+08:00] 127.0.0.1 GET www.mall.io/admin/user_list/found
[运行时间：0.011428s] [吞吐率：87.51req/s] [内存消耗：399.96kb] [文件加载：68]
[ info ] [ LANG ] D:\soft\phpstudy_pro\WWW\mall\tp51\thinkphp\lang\zh-cn.php
[ info ] [ ROUTE ] array (
)
[ info ] [ HEADER ] array (
  'cookie' => 'PHPSESSID=b0hn1f91gkifn22e0khrqa6v95',
  'accept-language' => 'zh-CN,zh;q=0.9',
  'accept-encoding' => 'gzip, deflate',
  'referer' => 'http://www.mall.io/admin/user_list/index',
  'accept' => 'text/html,application/xhtml+xml,application/xml;q=0.9,image/webp,image/apng,*/*;q=0.8,application/signed-exchange;v=b3;q=0.9',
  'user-agent' => 'Mozilla/5.0 (Windows NT 10.0; Win64; x64) AppleWebKit/537.36 (KHTML, like Gecko) Chrome/83.0.4103.97 Safari/537.36',
  'upgrade-insecure-requests' => '1',
  'connection' => 'close',
  'host' => 'www.mall.io',
)
[ info ] [ PARAM ] array (
  '/admin/user_list/found' => '',
)
[ info ] [ VIEW ] D:\soft\phpstudy_pro\WWW\mall\tp51\application\admin\view\user_list\found.html [ array (
) ]
---------------------------------------------------------------

[2020-10-12T00:21:03+08:00] 127.0.0.1 GET www.mall.io/admin/user_list/index
[运行时间：0.006562s] [吞吐率：152.39req/s] [内存消耗：379.40kb] [文件加载：66]
[ info ] [ LANG ] D:\soft\phpstudy_pro\WWW\mall\tp51\thinkphp\lang\zh-cn.php
[ info ] [ ROUTE ] array (
)
[ info ] [ HEADER ] array (
  'cookie' => 'PHPSESSID=b0hn1f91gkifn22e0khrqa6v95',
  'accept-language' => 'zh-CN,zh;q=0.9',
  'accept-encoding' => 'gzip, deflate',
  'referer' => 'http://www.mall.io/admin/index/index',
  'accept' => 'text/html,application/xhtml+xml,application/xml;q=0.9,image/webp,image/apng,*/*;q=0.8,application/signed-exchange;v=b3;q=0.9',
  'user-agent' => 'Mozilla/5.0 (Windows NT 10.0; Win64; x64) AppleWebKit/537.36 (KHTML, like Gecko) Chrome/83.0.4103.97 Safari/537.36',
  'upgrade-insecure-requests' => '1',
  'connection' => 'close',
  'host' => 'www.mall.io',
)
[ info ] [ PARAM ] array (
  '/admin/user_list/index' => '',
)
[ info ] [ VIEW ] D:\soft\phpstudy_pro\WWW\mall\tp51\application\admin\view\user_list\index.html [ array (
) ]
---------------------------------------------------------------

[2020-10-12T00:21:04+08:00] 127.0.0.1 GET www.mall.io/admin/user_list/found
[运行时间：0.011846s] [吞吐率：84.42req/s] [内存消耗：399.96kb] [文件加载：68]
[ info ] [ LANG ] D:\soft\phpstudy_pro\WWW\mall\tp51\thinkphp\lang\zh-cn.php
[ info ] [ ROUTE ] array (
)
[ info ] [ HEADER ] array (
  'cookie' => 'PHPSESSID=b0hn1f91gkifn22e0khrqa6v95',
  'accept-language' => 'zh-CN,zh;q=0.9',
  'accept-encoding' => 'gzip, deflate',
  'referer' => 'http://www.mall.io/admin/user_list/index',
  'accept' => 'text/html,application/xhtml+xml,application/xml;q=0.9,image/webp,image/apng,*/*;q=0.8,application/signed-exchange;v=b3;q=0.9',
  'user-agent' => 'Mozilla/5.0 (Windows NT 10.0; Win64; x64) AppleWebKit/537.36 (KHTML, like Gecko) Chrome/83.0.4103.97 Safari/537.36',
  'upgrade-insecure-requests' => '1',
  'connection' => 'close',
  'host' => 'www.mall.io',
)
[ info ] [ PARAM ] array (
  '/admin/user_list/found' => '',
)
[ info ] [ VIEW ] D:\soft\phpstudy_pro\WWW\mall\tp51\application\admin\view\user_list\found.html [ array (
) ]
---------------------------------------------------------------

[2020-10-12T00:25:55+08:00] 127.0.0.1 GET www.mall.io/admin/user_list/index
[运行时间：0.006221s] [吞吐率：160.74req/s] [内存消耗：379.40kb] [文件加载：66]
[ info ] [ LANG ] D:\soft\phpstudy_pro\WWW\mall\tp51\thinkphp\lang\zh-cn.php
[ info ] [ ROUTE ] array (
)
[ info ] [ HEADER ] array (
  'cookie' => 'PHPSESSID=b0hn1f91gkifn22e0khrqa6v95',
  'accept-language' => 'zh-CN,zh;q=0.9',
  'accept-encoding' => 'gzip, deflate',
  'referer' => 'http://www.mall.io/admin/index/index',
  'accept' => 'text/html,application/xhtml+xml,application/xml;q=0.9,image/webp,image/apng,*/*;q=0.8,application/signed-exchange;v=b3;q=0.9',
  'user-agent' => 'Mozilla/5.0 (Windows NT 10.0; Win64; x64) AppleWebKit/537.36 (KHTML, like Gecko) Chrome/83.0.4103.97 Safari/537.36',
  'upgrade-insecure-requests' => '1',
  'connection' => 'close',
  'host' => 'www.mall.io',
)
[ info ] [ PARAM ] array (
  '/admin/user_list/index' => '',
)
[ info ] [ VIEW ] D:\soft\phpstudy_pro\WWW\mall\tp51\application\admin\view\user_list\index.html [ array (
) ]
---------------------------------------------------------------

[2020-10-12T00:25:56+08:00] 127.0.0.1 GET www.mall.io/admin/user_list/found
[运行时间：0.011527s] [吞吐率：86.75req/s] [内存消耗：399.96kb] [文件加载：68]
[ info ] [ LANG ] D:\soft\phpstudy_pro\WWW\mall\tp51\thinkphp\lang\zh-cn.php
[ info ] [ ROUTE ] array (
)
[ info ] [ HEADER ] array (
  'cookie' => 'PHPSESSID=b0hn1f91gkifn22e0khrqa6v95',
  'accept-language' => 'zh-CN,zh;q=0.9',
  'accept-encoding' => 'gzip, deflate',
  'referer' => 'http://www.mall.io/admin/user_list/index',
  'accept' => 'text/html,application/xhtml+xml,application/xml;q=0.9,image/webp,image/apng,*/*;q=0.8,application/signed-exchange;v=b3;q=0.9',
  'user-agent' => 'Mozilla/5.0 (Windows NT 10.0; Win64; x64) AppleWebKit/537.36 (KHTML, like Gecko) Chrome/83.0.4103.97 Safari/537.36',
  'upgrade-insecure-requests' => '1',
  'connection' => 'close',
  'host' => 'www.mall.io',
)
[ info ] [ PARAM ] array (
  '/admin/user_list/found' => '',
)
[ info ] [ VIEW ] D:\soft\phpstudy_pro\WWW\mall\tp51\application\admin\view\user_list\found.html [ array (
) ]
---------------------------------------------------------------

[2020-10-12T00:27:15+08:00] 127.0.0.1 GET www.mall.io/admin/index/index
[运行时间：0.005916s] [吞吐率：169.04req/s] [内存消耗：600.83kb] [文件加载：71]
[ info ] [ LANG ] D:\soft\phpstudy_pro\WWW\mall\tp51\thinkphp\lang\zh-cn.php
[ info ] [ ROUTE ] array (
)
[ info ] [ HEADER ] array (
  'cookie' => 'PHPSESSID=b0hn1f91gkifn22e0khrqa6v95',
  'accept-language' => 'zh-CN,zh;q=0.9',
  'accept-encoding' => 'gzip, deflate',
  'referer' => 'http://www.mall.io/admin/login/index',
  'accept' => 'text/html,application/xhtml+xml,application/xml;q=0.9,image/webp,image/apng,*/*;q=0.8,application/signed-exchange;v=b3;q=0.9',
  'user-agent' => 'Mozilla/5.0 (Windows NT 10.0; Win64; x64) AppleWebKit/537.36 (KHTML, like Gecko) Chrome/83.0.4103.97 Safari/537.36',
  'upgrade-insecure-requests' => '1',
  'cache-control' => 'no-cache',
  'pragma' => 'no-cache',
  'connection' => 'close',
  'host' => 'www.mall.io',
)
[ info ] [ PARAM ] array (
  '/admin/index/index' => '',
)
[ info ] [ DB ] INIT mysql
[ info ] [ VIEW ] D:\soft\phpstudy_pro\WWW\mall\tp51\application\admin\view\index\index.html [ array (
  0 => 'admin',
  1 => 'lists',
) ]
[ sql ] [ DB ] CONNECT:[ UseTime:0.000839s ] mysql:host=127.0.0.1;dbname=mall;charset=utf8
[ sql ] [ SQL ] SHOW COLUMNS FROM `authority_allocation` [ RunTime:0.000774s ]
[ sql ] [ SQL ] SELECT * FROM `authority_allocation` ORDER BY `marshalling_sequence` DESC [ RunTime:0.000469s ]
---------------------------------------------------------------

[2020-10-12T00:27:15+08:00] 127.0.0.1 GET www.mall.io/admin/home/index
[运行时间：0.003214s] [吞吐率：311.13req/s] [内存消耗：379.77kb] [文件加载：66]
[ info ] [ LANG ] D:\soft\phpstudy_pro\WWW\mall\tp51\thinkphp\lang\zh-cn.php
[ info ] [ ROUTE ] array (
)
[ info ] [ HEADER ] array (
  'cookie' => 'PHPSESSID=b0hn1f91gkifn22e0khrqa6v95',
  'accept-language' => 'zh-CN,zh;q=0.9',
  'accept-encoding' => 'gzip, deflate',
  'referer' => 'http://www.mall.io/admin/index/index',
  'accept' => 'text/html,application/xhtml+xml,application/xml;q=0.9,image/webp,image/apng,*/*;q=0.8,application/signed-exchange;v=b3;q=0.9',
  'user-agent' => 'Mozilla/5.0 (Windows NT 10.0; Win64; x64) AppleWebKit/537.36 (KHTML, like Gecko) Chrome/83.0.4103.97 Safari/537.36',
  'upgrade-insecure-requests' => '1',
  'cache-control' => 'no-cache',
  'pragma' => 'no-cache',
  'connection' => 'close',
  'host' => 'www.mall.io',
)
[ info ] [ PARAM ] array (
  '/admin/home/index' => '',
)
[ info ] [ VIEW ] D:\soft\phpstudy_pro\WWW\mall\tp51\application\admin\view\home\index.html [ array (
) ]
---------------------------------------------------------------

[2020-10-12T00:27:15+08:00] 127.0.0.1 GET www.mall.io/admin/index/index
[运行时间：0.006386s] [吞吐率：156.60req/s] [内存消耗：600.83kb] [文件加载：71]
[ info ] [ LANG ] D:\soft\phpstudy_pro\WWW\mall\tp51\thinkphp\lang\zh-cn.php
[ info ] [ ROUTE ] array (
)
[ info ] [ HEADER ] array (
  'cookie' => 'PHPSESSID=b0hn1f91gkifn22e0khrqa6v95',
  'accept-language' => 'zh-CN,zh;q=0.9',
  'accept-encoding' => 'gzip, deflate',
  'referer' => 'http://www.mall.io/admin/login/index',
  'accept' => 'text/html,application/xhtml+xml,application/xml;q=0.9,image/webp,image/apng,*/*;q=0.8,application/signed-exchange;v=b3;q=0.9',
  'user-agent' => 'Mozilla/5.0 (Windows NT 10.0; Win64; x64) AppleWebKit/537.36 (KHTML, like Gecko) Chrome/83.0.4103.97 Safari/537.36',
  'upgrade-insecure-requests' => '1',
  'cache-control' => 'no-cache',
  'pragma' => 'no-cache',
  'connection' => 'close',
  'host' => 'www.mall.io',
)
[ info ] [ PARAM ] array (
  '/admin/index/index' => '',
)
[ info ] [ DB ] INIT mysql
[ info ] [ VIEW ] D:\soft\phpstudy_pro\WWW\mall\tp51\application\admin\view\index\index.html [ array (
  0 => 'admin',
  1 => 'lists',
) ]
[ sql ] [ DB ] CONNECT:[ UseTime:0.000681s ] mysql:host=127.0.0.1;dbname=mall;charset=utf8
[ sql ] [ SQL ] SHOW COLUMNS FROM `authority_allocation` [ RunTime:0.000518s ]
[ sql ] [ SQL ] SELECT * FROM `authority_allocation` ORDER BY `marshalling_sequence` DESC [ RunTime:0.000224s ]
---------------------------------------------------------------

[2020-10-12T00:27:15+08:00] 127.0.0.1 GET www.mall.io/admin/home/index
[运行时间：0.005427s] [吞吐率：184.26req/s] [内存消耗：379.77kb] [文件加载：66]
[ info ] [ LANG ] D:\soft\phpstudy_pro\WWW\mall\tp51\thinkphp\lang\zh-cn.php
[ info ] [ ROUTE ] array (
)
[ info ] [ HEADER ] array (
  'cookie' => 'PHPSESSID=b0hn1f91gkifn22e0khrqa6v95',
  'accept-language' => 'zh-CN,zh;q=0.9',
  'accept-encoding' => 'gzip, deflate',
  'referer' => 'http://www.mall.io/admin/index/index',
  'accept' => 'text/html,application/xhtml+xml,application/xml;q=0.9,image/webp,image/apng,*/*;q=0.8,application/signed-exchange;v=b3;q=0.9',
  'user-agent' => 'Mozilla/5.0 (Windows NT 10.0; Win64; x64) AppleWebKit/537.36 (KHTML, like Gecko) Chrome/83.0.4103.97 Safari/537.36',
  'upgrade-insecure-requests' => '1',
  'cache-control' => 'no-cache',
  'pragma' => 'no-cache',
  'connection' => 'close',
  'host' => 'www.mall.io',
)
[ info ] [ PARAM ] array (
  '/admin/home/index' => '',
)
[ info ] [ VIEW ] D:\soft\phpstudy_pro\WWW\mall\tp51\application\admin\view\home\index.html [ array (
) ]
---------------------------------------------------------------

[2020-10-12T00:27:16+08:00] 127.0.0.1 GET www.mall.io/admin/index/index
[运行时间：0.004666s] [吞吐率：214.31req/s] [内存消耗：600.83kb] [文件加载：71]
[ info ] [ LANG ] D:\soft\phpstudy_pro\WWW\mall\tp51\thinkphp\lang\zh-cn.php
[ info ] [ ROUTE ] array (
)
[ info ] [ HEADER ] array (
  'cookie' => 'PHPSESSID=b0hn1f91gkifn22e0khrqa6v95',
  'accept-language' => 'zh-CN,zh;q=0.9',
  'accept-encoding' => 'gzip, deflate',
  'referer' => 'http://www.mall.io/admin/login/index',
  'accept' => 'text/html,application/xhtml+xml,application/xml;q=0.9,image/webp,image/apng,*/*;q=0.8,application/signed-exchange;v=b3;q=0.9',
  'user-agent' => 'Mozilla/5.0 (Windows NT 10.0; Win64; x64) AppleWebKit/537.36 (KHTML, like Gecko) Chrome/83.0.4103.97 Safari/537.36',
  'upgrade-insecure-requests' => '1',
  'cache-control' => 'no-cache',
  'pragma' => 'no-cache',
  'connection' => 'close',
  'host' => 'www.mall.io',
)
[ info ] [ PARAM ] array (
  '/admin/index/index' => '',
)
[ info ] [ DB ] INIT mysql
[ info ] [ VIEW ] D:\soft\phpstudy_pro\WWW\mall\tp51\application\admin\view\index\index.html [ array (
  0 => 'admin',
  1 => 'lists',
) ]
[ sql ] [ DB ] CONNECT:[ UseTime:0.000716s ] mysql:host=127.0.0.1;dbname=mall;charset=utf8
[ sql ] [ SQL ] SHOW COLUMNS FROM `authority_allocation` [ RunTime:0.000617s ]
[ sql ] [ SQL ] SELECT * FROM `authority_allocation` ORDER BY `marshalling_sequence` DESC [ RunTime:0.000325s ]
---------------------------------------------------------------

[2020-10-12T00:27:16+08:00] 127.0.0.1 GET www.mall.io/admin/home/index
[运行时间：0.003451s] [吞吐率：289.76req/s] [内存消耗：379.77kb] [文件加载：66]
[ info ] [ LANG ] D:\soft\phpstudy_pro\WWW\mall\tp51\thinkphp\lang\zh-cn.php
[ info ] [ ROUTE ] array (
)
[ info ] [ HEADER ] array (
  'cookie' => 'PHPSESSID=b0hn1f91gkifn22e0khrqa6v95',
  'accept-language' => 'zh-CN,zh;q=0.9',
  'accept-encoding' => 'gzip, deflate',
  'referer' => 'http://www.mall.io/admin/index/index',
  'accept' => 'text/html,application/xhtml+xml,application/xml;q=0.9,image/webp,image/apng,*/*;q=0.8,application/signed-exchange;v=b3;q=0.9',
  'user-agent' => 'Mozilla/5.0 (Windows NT 10.0; Win64; x64) AppleWebKit/537.36 (KHTML, like Gecko) Chrome/83.0.4103.97 Safari/537.36',
  'upgrade-insecure-requests' => '1',
  'cache-control' => 'no-cache',
  'pragma' => 'no-cache',
  'connection' => 'close',
  'host' => 'www.mall.io',
)
[ info ] [ PARAM ] array (
  '/admin/home/index' => '',
)
[ info ] [ VIEW ] D:\soft\phpstudy_pro\WWW\mall\tp51\application\admin\view\home\index.html [ array (
) ]
---------------------------------------------------------------

[2020-10-12T00:27:16+08:00] 127.0.0.1 GET www.mall.io/admin/index/index
[运行时间：0.007266s] [吞吐率：137.63req/s] [内存消耗：600.83kb] [文件加载：71]
[ info ] [ LANG ] D:\soft\phpstudy_pro\WWW\mall\tp51\thinkphp\lang\zh-cn.php
[ info ] [ ROUTE ] array (
)
[ info ] [ HEADER ] array (
  'cookie' => 'PHPSESSID=b0hn1f91gkifn22e0khrqa6v95',
  'accept-language' => 'zh-CN,zh;q=0.9',
  'accept-encoding' => 'gzip, deflate',
  'referer' => 'http://www.mall.io/admin/login/index',
  'accept' => 'text/html,application/xhtml+xml,application/xml;q=0.9,image/webp,image/apng,*/*;q=0.8,application/signed-exchange;v=b3;q=0.9',
  'user-agent' => 'Mozilla/5.0 (Windows NT 10.0; Win64; x64) AppleWebKit/537.36 (KHTML, like Gecko) Chrome/83.0.4103.97 Safari/537.36',
  'upgrade-insecure-requests' => '1',
  'cache-control' => 'no-cache',
  'pragma' => 'no-cache',
  'connection' => 'close',
  'host' => 'www.mall.io',
)
[ info ] [ PARAM ] array (
  '/admin/index/index' => '',
)
[ info ] [ DB ] INIT mysql
[ info ] [ VIEW ] D:\soft\phpstudy_pro\WWW\mall\tp51\application\admin\view\index\index.html [ array (
  0 => 'admin',
  1 => 'lists',
) ]
[ sql ] [ DB ] CONNECT:[ UseTime:0.000749s ] mysql:host=127.0.0.1;dbname=mall;charset=utf8
[ sql ] [ SQL ] SHOW COLUMNS FROM `authority_allocation` [ RunTime:0.000518s ]
[ sql ] [ SQL ] SELECT * FROM `authority_allocation` ORDER BY `marshalling_sequence` DESC [ RunTime:0.000161s ]
---------------------------------------------------------------

[2020-10-12T00:27:16+08:00] 127.0.0.1 GET www.mall.io/admin/home/index
[运行时间：0.004656s] [吞吐率：214.77req/s] [内存消耗：379.77kb] [文件加载：66]
[ info ] [ LANG ] D:\soft\phpstudy_pro\WWW\mall\tp51\thinkphp\lang\zh-cn.php
[ info ] [ ROUTE ] array (
)
[ info ] [ HEADER ] array (
  'cookie' => 'PHPSESSID=b0hn1f91gkifn22e0khrqa6v95',
  'accept-language' => 'zh-CN,zh;q=0.9',
  'accept-encoding' => 'gzip, deflate',
  'referer' => 'http://www.mall.io/admin/index/index',
  'accept' => 'text/html,application/xhtml+xml,application/xml;q=0.9,image/webp,image/apng,*/*;q=0.8,application/signed-exchange;v=b3;q=0.9',
  'user-agent' => 'Mozilla/5.0 (Windows NT 10.0; Win64; x64) AppleWebKit/537.36 (KHTML, like Gecko) Chrome/83.0.4103.97 Safari/537.36',
  'upgrade-insecure-requests' => '1',
  'cache-control' => 'no-cache',
  'pragma' => 'no-cache',
  'connection' => 'close',
  'host' => 'www.mall.io',
)
[ info ] [ PARAM ] array (
  '/admin/home/index' => '',
)
[ info ] [ VIEW ] D:\soft\phpstudy_pro\WWW\mall\tp51\application\admin\view\home\index.html [ array (
) ]
---------------------------------------------------------------

[2020-10-12T00:27:18+08:00] 127.0.0.1 GET www.mall.io/admin/user_list/index
[运行时间：0.002702s] [吞吐率：370.10req/s] [内存消耗：379.40kb] [文件加载：66]
[ info ] [ LANG ] D:\soft\phpstudy_pro\WWW\mall\tp51\thinkphp\lang\zh-cn.php
[ info ] [ ROUTE ] array (
)
[ info ] [ HEADER ] array (
  'cookie' => 'PHPSESSID=b0hn1f91gkifn22e0khrqa6v95',
  'accept-language' => 'zh-CN,zh;q=0.9',
  'accept-encoding' => 'gzip, deflate',
  'referer' => 'http://www.mall.io/admin/index/index',
  'accept' => 'text/html,application/xhtml+xml,application/xml;q=0.9,image/webp,image/apng,*/*;q=0.8,application/signed-exchange;v=b3;q=0.9',
  'user-agent' => 'Mozilla/5.0 (Windows NT 10.0; Win64; x64) AppleWebKit/537.36 (KHTML, like Gecko) Chrome/83.0.4103.97 Safari/537.36',
  'upgrade-insecure-requests' => '1',
  'connection' => 'close',
  'host' => 'www.mall.io',
)
[ info ] [ PARAM ] array (
  '/admin/user_list/index' => '',
)
[ info ] [ VIEW ] D:\soft\phpstudy_pro\WWW\mall\tp51\application\admin\view\user_list\index.html [ array (
) ]
---------------------------------------------------------------

[2020-10-12T00:27:19+08:00] 127.0.0.1 GET www.mall.io/admin/user_list/found
[运行时间：0.011882s] [吞吐率：84.16req/s] [内存消耗：399.96kb] [文件加载：68]
[ info ] [ LANG ] D:\soft\phpstudy_pro\WWW\mall\tp51\thinkphp\lang\zh-cn.php
[ info ] [ ROUTE ] array (
)
[ info ] [ HEADER ] array (
  'cookie' => 'PHPSESSID=b0hn1f91gkifn22e0khrqa6v95',
  'accept-language' => 'zh-CN,zh;q=0.9',
  'accept-encoding' => 'gzip, deflate',
  'referer' => 'http://www.mall.io/admin/user_list/index',
  'accept' => 'text/html,application/xhtml+xml,application/xml;q=0.9,image/webp,image/apng,*/*;q=0.8,application/signed-exchange;v=b3;q=0.9',
  'user-agent' => 'Mozilla/5.0 (Windows NT 10.0; Win64; x64) AppleWebKit/537.36 (KHTML, like Gecko) Chrome/83.0.4103.97 Safari/537.36',
  'upgrade-insecure-requests' => '1',
  'connection' => 'close',
  'host' => 'www.mall.io',
)
[ info ] [ PARAM ] array (
  '/admin/user_list/found' => '',
)
[ info ] [ VIEW ] D:\soft\phpstudy_pro\WWW\mall\tp51\application\admin\view\user_list\found.html [ array (
) ]
---------------------------------------------------------------

[2020-10-12T00:29:27+08:00] 127.0.0.1 GET www.mall.io/admin/user_list/found
[运行时间：0.016108s] [吞吐率：62.08req/s] [内存消耗：400.29kb] [文件加载：68]
[ info ] [ LANG ] D:\soft\phpstudy_pro\WWW\mall\tp51\thinkphp\lang\zh-cn.php
[ info ] [ ROUTE ] array (
)
[ info ] [ HEADER ] array (
  'cookie' => 'PHPSESSID=b0hn1f91gkifn22e0khrqa6v95',
  'accept-language' => 'zh-CN,zh;q=0.9',
  'accept-encoding' => 'gzip, deflate',
  'referer' => 'http://www.mall.io/admin/user_list/index',
  'accept' => 'text/html,application/xhtml+xml,application/xml;q=0.9,image/webp,image/apng,*/*;q=0.8,application/signed-exchange;v=b3;q=0.9',
  'user-agent' => 'Mozilla/5.0 (Windows NT 10.0; Win64; x64) AppleWebKit/537.36 (KHTML, like Gecko) Chrome/83.0.4103.97 Safari/537.36',
  'upgrade-insecure-requests' => '1',
  'cache-control' => 'max-age=0',
  'connection' => 'close',
  'host' => 'www.mall.io',
)
[ info ] [ PARAM ] array (
  '/admin/user_list/found' => '',
)
[ info ] [ VIEW ] D:\soft\phpstudy_pro\WWW\mall\tp51\application\admin\view\user_list\found.html [ array (
) ]
---------------------------------------------------------------

[2020-10-12T00:29:32+08:00] 127.0.0.1 GET www.mall.io/admin/index/index
[运行时间：0.015436s] [吞吐率：64.78req/s] [内存消耗：600.83kb] [文件加载：71]
[ info ] [ LANG ] D:\soft\phpstudy_pro\WWW\mall\tp51\thinkphp\lang\zh-cn.php
[ info ] [ ROUTE ] array (
)
[ info ] [ HEADER ] array (
  'cookie' => 'PHPSESSID=b0hn1f91gkifn22e0khrqa6v95',
  'accept-language' => 'zh-CN,zh;q=0.9',
  'accept-encoding' => 'gzip, deflate',
  'referer' => 'http://www.mall.io/admin/login/index',
  'accept' => 'text/html,application/xhtml+xml,application/xml;q=0.9,image/webp,image/apng,*/*;q=0.8,application/signed-exchange;v=b3;q=0.9',
  'user-agent' => 'Mozilla/5.0 (Windows NT 10.0; Win64; x64) AppleWebKit/537.36 (KHTML, like Gecko) Chrome/83.0.4103.97 Safari/537.36',
  'upgrade-insecure-requests' => '1',
  'cache-control' => 'no-cache',
  'pragma' => 'no-cache',
  'connection' => 'close',
  'host' => 'www.mall.io',
)
[ info ] [ PARAM ] array (
  '/admin/index/index' => '',
)
[ info ] [ DB ] INIT mysql
[ info ] [ VIEW ] D:\soft\phpstudy_pro\WWW\mall\tp51\application\admin\view\index\index.html [ array (
  0 => 'admin',
  1 => 'lists',
) ]
[ sql ] [ DB ] CONNECT:[ UseTime:0.010580s ] mysql:host=127.0.0.1;dbname=mall;charset=utf8
[ sql ] [ SQL ] SHOW COLUMNS FROM `authority_allocation` [ RunTime:0.000522s ]
[ sql ] [ SQL ] SELECT * FROM `authority_allocation` ORDER BY `marshalling_sequence` DESC [ RunTime:0.000347s ]
---------------------------------------------------------------

[2020-10-12T00:29:32+08:00] 127.0.0.1 GET www.mall.io/admin/home/index
[运行时间：0.003840s] [吞吐率：260.42req/s] [内存消耗：379.77kb] [文件加载：66]
[ info ] [ LANG ] D:\soft\phpstudy_pro\WWW\mall\tp51\thinkphp\lang\zh-cn.php
[ info ] [ ROUTE ] array (
)
[ info ] [ HEADER ] array (
  'cookie' => 'PHPSESSID=b0hn1f91gkifn22e0khrqa6v95',
  'accept-language' => 'zh-CN,zh;q=0.9',
  'accept-encoding' => 'gzip, deflate',
  'referer' => 'http://www.mall.io/admin/index/index',
  'accept' => 'text/html,application/xhtml+xml,application/xml;q=0.9,image/webp,image/apng,*/*;q=0.8,application/signed-exchange;v=b3;q=0.9',
  'user-agent' => 'Mozilla/5.0 (Windows NT 10.0; Win64; x64) AppleWebKit/537.36 (KHTML, like Gecko) Chrome/83.0.4103.97 Safari/537.36',
  'upgrade-insecure-requests' => '1',
  'cache-control' => 'no-cache',
  'pragma' => 'no-cache',
  'connection' => 'close',
  'host' => 'www.mall.io',
)
[ info ] [ PARAM ] array (
  '/admin/home/index' => '',
)
[ info ] [ VIEW ] D:\soft\phpstudy_pro\WWW\mall\tp51\application\admin\view\home\index.html [ array (
) ]
---------------------------------------------------------------

[2020-10-12T00:29:32+08:00] 127.0.0.1 GET www.mall.io/admin/index/index
[运行时间：0.014810s] [吞吐率：67.52req/s] [内存消耗：600.83kb] [文件加载：71]
[ info ] [ LANG ] D:\soft\phpstudy_pro\WWW\mall\tp51\thinkphp\lang\zh-cn.php
[ info ] [ ROUTE ] array (
)
[ info ] [ HEADER ] array (
  'cookie' => 'PHPSESSID=b0hn1f91gkifn22e0khrqa6v95',
  'accept-language' => 'zh-CN,zh;q=0.9',
  'accept-encoding' => 'gzip, deflate',
  'referer' => 'http://www.mall.io/admin/login/index',
  'accept' => 'text/html,application/xhtml+xml,application/xml;q=0.9,image/webp,image/apng,*/*;q=0.8,application/signed-exchange;v=b3;q=0.9',
  'user-agent' => 'Mozilla/5.0 (Windows NT 10.0; Win64; x64) AppleWebKit/537.36 (KHTML, like Gecko) Chrome/83.0.4103.97 Safari/537.36',
  'upgrade-insecure-requests' => '1',
  'cache-control' => 'no-cache',
  'pragma' => 'no-cache',
  'connection' => 'close',
  'host' => 'www.mall.io',
)
[ info ] [ PARAM ] array (
  '/admin/index/index' => '',
)
[ info ] [ DB ] INIT mysql
[ info ] [ VIEW ] D:\soft\phpstudy_pro\WWW\mall\tp51\application\admin\view\index\index.html [ array (
  0 => 'admin',
  1 => 'lists',
) ]
[ sql ] [ DB ] CONNECT:[ UseTime:0.010627s ] mysql:host=127.0.0.1;dbname=mall;charset=utf8
[ sql ] [ SQL ] SHOW COLUMNS FROM `authority_allocation` [ RunTime:0.000670s ]
[ sql ] [ SQL ] SELECT * FROM `authority_allocation` ORDER BY `marshalling_sequence` DESC [ RunTime:0.000345s ]
---------------------------------------------------------------

[2020-10-12T00:29:32+08:00] 127.0.0.1 GET www.mall.io/admin/home/index
[运行时间：0.005741s] [吞吐率：174.18req/s] [内存消耗：379.77kb] [文件加载：66]
[ info ] [ LANG ] D:\soft\phpstudy_pro\WWW\mall\tp51\thinkphp\lang\zh-cn.php
[ info ] [ ROUTE ] array (
)
[ info ] [ HEADER ] array (
  'cookie' => 'PHPSESSID=b0hn1f91gkifn22e0khrqa6v95',
  'accept-language' => 'zh-CN,zh;q=0.9',
  'accept-encoding' => 'gzip, deflate',
  'referer' => 'http://www.mall.io/admin/index/index',
  'accept' => 'text/html,application/xhtml+xml,application/xml;q=0.9,image/webp,image/apng,*/*;q=0.8,application/signed-exchange;v=b3;q=0.9',
  'user-agent' => 'Mozilla/5.0 (Windows NT 10.0; Win64; x64) AppleWebKit/537.36 (KHTML, like Gecko) Chrome/83.0.4103.97 Safari/537.36',
  'upgrade-insecure-requests' => '1',
  'cache-control' => 'no-cache',
  'pragma' => 'no-cache',
  'connection' => 'close',
  'host' => 'www.mall.io',
)
[ info ] [ PARAM ] array (
  '/admin/home/index' => '',
)
[ info ] [ VIEW ] D:\soft\phpstudy_pro\WWW\mall\tp51\application\admin\view\home\index.html [ array (
) ]
---------------------------------------------------------------

[2020-10-12T00:29:32+08:00] 127.0.0.1 GET www.mall.io/admin/index/index
[运行时间：0.004580s] [吞吐率：218.34req/s] [内存消耗：600.83kb] [文件加载：71]
[ info ] [ LANG ] D:\soft\phpstudy_pro\WWW\mall\tp51\thinkphp\lang\zh-cn.php
[ info ] [ ROUTE ] array (
)
[ info ] [ HEADER ] array (
  'cookie' => 'PHPSESSID=b0hn1f91gkifn22e0khrqa6v95',
  'accept-language' => 'zh-CN,zh;q=0.9',
  'accept-encoding' => 'gzip, deflate',
  'referer' => 'http://www.mall.io/admin/login/index',
  'accept' => 'text/html,application/xhtml+xml,application/xml;q=0.9,image/webp,image/apng,*/*;q=0.8,application/signed-exchange;v=b3;q=0.9',
  'user-agent' => 'Mozilla/5.0 (Windows NT 10.0; Win64; x64) AppleWebKit/537.36 (KHTML, like Gecko) Chrome/83.0.4103.97 Safari/537.36',
  'upgrade-insecure-requests' => '1',
  'cache-control' => 'no-cache',
  'pragma' => 'no-cache',
  'connection' => 'close',
  'host' => 'www.mall.io',
)
[ info ] [ PARAM ] array (
  '/admin/index/index' => '',
)
[ info ] [ DB ] INIT mysql
[ info ] [ VIEW ] D:\soft\phpstudy_pro\WWW\mall\tp51\application\admin\view\index\index.html [ array (
  0 => 'admin',
  1 => 'lists',
) ]
[ sql ] [ DB ] CONNECT:[ UseTime:0.000649s ] mysql:host=127.0.0.1;dbname=mall;charset=utf8
[ sql ] [ SQL ] SHOW COLUMNS FROM `authority_allocation` [ RunTime:0.000607s ]
[ sql ] [ SQL ] SELECT * FROM `authority_allocation` ORDER BY `marshalling_sequence` DESC [ RunTime:0.000313s ]
---------------------------------------------------------------

[2020-10-12T00:29:32+08:00] 127.0.0.1 GET www.mall.io/admin/home/index
[运行时间：0.003423s] [吞吐率：292.12req/s] [内存消耗：379.77kb] [文件加载：66]
[ info ] [ LANG ] D:\soft\phpstudy_pro\WWW\mall\tp51\thinkphp\lang\zh-cn.php
[ info ] [ ROUTE ] array (
)
[ info ] [ HEADER ] array (
  'cookie' => 'PHPSESSID=b0hn1f91gkifn22e0khrqa6v95',
  'accept-language' => 'zh-CN,zh;q=0.9',
  'accept-encoding' => 'gzip, deflate',
  'referer' => 'http://www.mall.io/admin/index/index',
  'accept' => 'text/html,application/xhtml+xml,application/xml;q=0.9,image/webp,image/apng,*/*;q=0.8,application/signed-exchange;v=b3;q=0.9',
  'user-agent' => 'Mozilla/5.0 (Windows NT 10.0; Win64; x64) AppleWebKit/537.36 (KHTML, like Gecko) Chrome/83.0.4103.97 Safari/537.36',
  'upgrade-insecure-requests' => '1',
  'cache-control' => 'no-cache',
  'pragma' => 'no-cache',
  'connection' => 'close',
  'host' => 'www.mall.io',
)
[ info ] [ PARAM ] array (
  '/admin/home/index' => '',
)
[ info ] [ VIEW ] D:\soft\phpstudy_pro\WWW\mall\tp51\application\admin\view\home\index.html [ array (
) ]
---------------------------------------------------------------

[2020-10-12T00:29:32+08:00] 127.0.0.1 GET www.mall.io/admin/index/index
[运行时间：0.004664s] [吞吐率：214.41req/s] [内存消耗：600.83kb] [文件加载：71]
[ info ] [ LANG ] D:\soft\phpstudy_pro\WWW\mall\tp51\thinkphp\lang\zh-cn.php
[ info ] [ ROUTE ] array (
)
[ info ] [ HEADER ] array (
  'cookie' => 'PHPSESSID=b0hn1f91gkifn22e0khrqa6v95',
  'accept-language' => 'zh-CN,zh;q=0.9',
  'accept-encoding' => 'gzip, deflate',
  'referer' => 'http://www.mall.io/admin/login/index',
  'accept' => 'text/html,application/xhtml+xml,application/xml;q=0.9,image/webp,image/apng,*/*;q=0.8,application/signed-exchange;v=b3;q=0.9',
  'user-agent' => 'Mozilla/5.0 (Windows NT 10.0; Win64; x64) AppleWebKit/537.36 (KHTML, like Gecko) Chrome/83.0.4103.97 Safari/537.36',
  'upgrade-insecure-requests' => '1',
  'cache-control' => 'no-cache',
  'pragma' => 'no-cache',
  'connection' => 'close',
  'host' => 'www.mall.io',
)
[ info ] [ PARAM ] array (
  '/admin/index/index' => '',
)
[ info ] [ DB ] INIT mysql
[ info ] [ VIEW ] D:\soft\phpstudy_pro\WWW\mall\tp51\application\admin\view\index\index.html [ array (
  0 => 'admin',
  1 => 'lists',
) ]
[ sql ] [ DB ] CONNECT:[ UseTime:0.000722s ] mysql:host=127.0.0.1;dbname=mall;charset=utf8
[ sql ] [ SQL ] SHOW COLUMNS FROM `authority_allocation` [ RunTime:0.000608s ]
[ sql ] [ SQL ] SELECT * FROM `authority_allocation` ORDER BY `marshalling_sequence` DESC [ RunTime:0.000297s ]
---------------------------------------------------------------

[2020-10-12T00:29:32+08:00] 127.0.0.1 GET www.mall.io/admin/home/index
[运行时间：0.003989s] [吞吐率：250.69req/s] [内存消耗：379.77kb] [文件加载：66]
[ info ] [ LANG ] D:\soft\phpstudy_pro\WWW\mall\tp51\thinkphp\lang\zh-cn.php
[ info ] [ ROUTE ] array (
)
[ info ] [ HEADER ] array (
  'cookie' => 'PHPSESSID=b0hn1f91gkifn22e0khrqa6v95',
  'accept-language' => 'zh-CN,zh;q=0.9',
  'accept-encoding' => 'gzip, deflate',
  'referer' => 'http://www.mall.io/admin/index/index',
  'accept' => 'text/html,application/xhtml+xml,application/xml;q=0.9,image/webp,image/apng,*/*;q=0.8,application/signed-exchange;v=b3;q=0.9',
  'user-agent' => 'Mozilla/5.0 (Windows NT 10.0; Win64; x64) AppleWebKit/537.36 (KHTML, like Gecko) Chrome/83.0.4103.97 Safari/537.36',
  'upgrade-insecure-requests' => '1',
  'cache-control' => 'no-cache',
  'pragma' => 'no-cache',
  'connection' => 'close',
  'host' => 'www.mall.io',
)
[ info ] [ PARAM ] array (
  '/admin/home/index' => '',
)
[ info ] [ VIEW ] D:\soft\phpstudy_pro\WWW\mall\tp51\application\admin\view\home\index.html [ array (
) ]
---------------------------------------------------------------

[2020-10-12T00:29:33+08:00] 127.0.0.1 GET www.mall.io/admin/index/index
[运行时间：0.016749s] [吞吐率：59.71req/s] [内存消耗：600.83kb] [文件加载：71]
[ info ] [ LANG ] D:\soft\phpstudy_pro\WWW\mall\tp51\thinkphp\lang\zh-cn.php
[ info ] [ ROUTE ] array (
)
[ info ] [ HEADER ] array (
  'cookie' => 'PHPSESSID=b0hn1f91gkifn22e0khrqa6v95',
  'accept-language' => 'zh-CN,zh;q=0.9',
  'accept-encoding' => 'gzip, deflate',
  'referer' => 'http://www.mall.io/admin/login/index',
  'accept' => 'text/html,application/xhtml+xml,application/xml;q=0.9,image/webp,image/apng,*/*;q=0.8,application/signed-exchange;v=b3;q=0.9',
  'user-agent' => 'Mozilla/5.0 (Windows NT 10.0; Win64; x64) AppleWebKit/537.36 (KHTML, like Gecko) Chrome/83.0.4103.97 Safari/537.36',
  'upgrade-insecure-requests' => '1',
  'cache-control' => 'no-cache',
  'pragma' => 'no-cache',
  'connection' => 'close',
  'host' => 'www.mall.io',
)
[ info ] [ PARAM ] array (
  '/admin/index/index' => '',
)
[ info ] [ DB ] INIT mysql
[ info ] [ VIEW ] D:\soft\phpstudy_pro\WWW\mall\tp51\application\admin\view\index\index.html [ array (
  0 => 'admin',
  1 => 'lists',
) ]
[ sql ] [ DB ] CONNECT:[ UseTime:0.010707s ] mysql:host=127.0.0.1;dbname=mall;charset=utf8
[ sql ] [ SQL ] SHOW COLUMNS FROM `authority_allocation` [ RunTime:0.000823s ]
[ sql ] [ SQL ] SELECT * FROM `authority_allocation` ORDER BY `marshalling_sequence` DESC [ RunTime:0.000433s ]
---------------------------------------------------------------

[2020-10-12T00:29:33+08:00] 127.0.0.1 GET www.mall.io/admin/home/index
[运行时间：0.005339s] [吞吐率：187.30req/s] [内存消耗：379.77kb] [文件加载：66]
[ info ] [ LANG ] D:\soft\phpstudy_pro\WWW\mall\tp51\thinkphp\lang\zh-cn.php
[ info ] [ ROUTE ] array (
)
[ info ] [ HEADER ] array (
  'cookie' => 'PHPSESSID=b0hn1f91gkifn22e0khrqa6v95',
  'accept-language' => 'zh-CN,zh;q=0.9',
  'accept-encoding' => 'gzip, deflate',
  'referer' => 'http://www.mall.io/admin/index/index',
  'accept' => 'text/html,application/xhtml+xml,application/xml;q=0.9,image/webp,image/apng,*/*;q=0.8,application/signed-exchange;v=b3;q=0.9',
  'user-agent' => 'Mozilla/5.0 (Windows NT 10.0; Win64; x64) AppleWebKit/537.36 (KHTML, like Gecko) Chrome/83.0.4103.97 Safari/537.36',
  'upgrade-insecure-requests' => '1',
  'cache-control' => 'no-cache',
  'pragma' => 'no-cache',
  'connection' => 'close',
  'host' => 'www.mall.io',
)
[ info ] [ PARAM ] array (
  '/admin/home/index' => '',
)
[ info ] [ VIEW ] D:\soft\phpstudy_pro\WWW\mall\tp51\application\admin\view\home\index.html [ array (
) ]
---------------------------------------------------------------

[2020-10-12T00:29:35+08:00] 127.0.0.1 GET www.mall.io/admin/user_list/index
[运行时间：0.002721s] [吞吐率：367.50req/s] [内存消耗：379.40kb] [文件加载：66]
[ info ] [ LANG ] D:\soft\phpstudy_pro\WWW\mall\tp51\thinkphp\lang\zh-cn.php
[ info ] [ ROUTE ] array (
)
[ info ] [ HEADER ] array (
  'cookie' => 'PHPSESSID=b0hn1f91gkifn22e0khrqa6v95',
  'accept-language' => 'zh-CN,zh;q=0.9',
  'accept-encoding' => 'gzip, deflate',
  'referer' => 'http://www.mall.io/admin/index/index',
  'accept' => 'text/html,application/xhtml+xml,application/xml;q=0.9,image/webp,image/apng,*/*;q=0.8,application/signed-exchange;v=b3;q=0.9',
  'user-agent' => 'Mozilla/5.0 (Windows NT 10.0; Win64; x64) AppleWebKit/537.36 (KHTML, like Gecko) Chrome/83.0.4103.97 Safari/537.36',
  'upgrade-insecure-requests' => '1',
  'connection' => 'close',
  'host' => 'www.mall.io',
)
[ info ] [ PARAM ] array (
  '/admin/user_list/index' => '',
)
[ info ] [ VIEW ] D:\soft\phpstudy_pro\WWW\mall\tp51\application\admin\view\user_list\index.html [ array (
) ]
---------------------------------------------------------------

[2020-10-12T00:29:36+08:00] 127.0.0.1 GET www.mall.io/admin/user_list/found
[运行时间：0.002862s] [吞吐率：349.41req/s] [内存消耗：379.84kb] [文件加载：66]
[ info ] [ LANG ] D:\soft\phpstudy_pro\WWW\mall\tp51\thinkphp\lang\zh-cn.php
[ info ] [ ROUTE ] array (
)
[ info ] [ HEADER ] array (
  'cookie' => 'PHPSESSID=b0hn1f91gkifn22e0khrqa6v95',
  'accept-language' => 'zh-CN,zh;q=0.9',
  'accept-encoding' => 'gzip, deflate',
  'referer' => 'http://www.mall.io/admin/user_list/index',
  'accept' => 'text/html,application/xhtml+xml,application/xml;q=0.9,image/webp,image/apng,*/*;q=0.8,application/signed-exchange;v=b3;q=0.9',
  'user-agent' => 'Mozilla/5.0 (Windows NT 10.0; Win64; x64) AppleWebKit/537.36 (KHTML, like Gecko) Chrome/83.0.4103.97 Safari/537.36',
  'upgrade-insecure-requests' => '1',
  'connection' => 'close',
  'host' => 'www.mall.io',
)
[ info ] [ PARAM ] array (
  '/admin/user_list/found' => '',
)
[ info ] [ VIEW ] D:\soft\phpstudy_pro\WWW\mall\tp51\application\admin\view\user_list\found.html [ array (
) ]
---------------------------------------------------------------

[2020-10-12T00:29:55+08:00] 127.0.0.1 GET www.mall.io/admin/user_list/found
[运行时间：0.010348s] [吞吐率：96.64req/s] [内存消耗：399.87kb] [文件加载：68]
[ info ] [ LANG ] D:\soft\phpstudy_pro\WWW\mall\tp51\thinkphp\lang\zh-cn.php
[ info ] [ ROUTE ] array (
)
[ info ] [ HEADER ] array (
  'cookie' => 'PHPSESSID=b0hn1f91gkifn22e0khrqa6v95',
  'accept-language' => 'zh-CN,zh;q=0.9',
  'accept-encoding' => 'gzip, deflate',
  'referer' => 'http://www.mall.io/admin/user_list/index',
  'accept' => 'text/html,application/xhtml+xml,application/xml;q=0.9,image/webp,image/apng,*/*;q=0.8,application/signed-exchange;v=b3;q=0.9',
  'user-agent' => 'Mozilla/5.0 (Windows NT 10.0; Win64; x64) AppleWebKit/537.36 (KHTML, like Gecko) Chrome/83.0.4103.97 Safari/537.36',
  'upgrade-insecure-requests' => '1',
  'cache-control' => 'max-age=0',
  'connection' => 'close',
  'host' => 'www.mall.io',
)
[ info ] [ PARAM ] array (
  '/admin/user_list/found' => '',
)
[ info ] [ VIEW ] D:\soft\phpstudy_pro\WWW\mall\tp51\application\admin\view\user_list\found.html [ array (
) ]
---------------------------------------------------------------

[2020-10-12T00:30:00+08:00] 127.0.0.1 GET www.mall.io/admin/index/index
[运行时间：0.015631s] [吞吐率：63.98req/s] [内存消耗：600.83kb] [文件加载：71]
[ info ] [ LANG ] D:\soft\phpstudy_pro\WWW\mall\tp51\thinkphp\lang\zh-cn.php
[ info ] [ ROUTE ] array (
)
[ info ] [ HEADER ] array (
  'cookie' => 'PHPSESSID=b0hn1f91gkifn22e0khrqa6v95',
  'accept-language' => 'zh-CN,zh;q=0.9',
  'accept-encoding' => 'gzip, deflate',
  'referer' => 'http://www.mall.io/admin/login/index',
  'accept' => 'text/html,application/xhtml+xml,application/xml;q=0.9,image/webp,image/apng,*/*;q=0.8,application/signed-exchange;v=b3;q=0.9',
  'user-agent' => 'Mozilla/5.0 (Windows NT 10.0; Win64; x64) AppleWebKit/537.36 (KHTML, like Gecko) Chrome/83.0.4103.97 Safari/537.36',
  'upgrade-insecure-requests' => '1',
  'cache-control' => 'no-cache',
  'pragma' => 'no-cache',
  'connection' => 'close',
  'host' => 'www.mall.io',
)
[ info ] [ PARAM ] array (
  '/admin/index/index' => '',
)
[ info ] [ DB ] INIT mysql
[ info ] [ VIEW ] D:\soft\phpstudy_pro\WWW\mall\tp51\application\admin\view\index\index.html [ array (
  0 => 'admin',
  1 => 'lists',
) ]
[ sql ] [ DB ] CONNECT:[ UseTime:0.011386s ] mysql:host=127.0.0.1;dbname=mall;charset=utf8
[ sql ] [ SQL ] SHOW COLUMNS FROM `authority_allocation` [ RunTime:0.000634s ]
[ sql ] [ SQL ] SELECT * FROM `authority_allocation` ORDER BY `marshalling_sequence` DESC [ RunTime:0.000405s ]
---------------------------------------------------------------

[2020-10-12T00:30:00+08:00] 127.0.0.1 GET www.mall.io/admin/home/index
[运行时间：0.004337s] [吞吐率：230.57req/s] [内存消耗：379.77kb] [文件加载：66]
[ info ] [ LANG ] D:\soft\phpstudy_pro\WWW\mall\tp51\thinkphp\lang\zh-cn.php
[ info ] [ ROUTE ] array (
)
[ info ] [ HEADER ] array (
  'cookie' => 'PHPSESSID=b0hn1f91gkifn22e0khrqa6v95',
  'accept-language' => 'zh-CN,zh;q=0.9',
  'accept-encoding' => 'gzip, deflate',
  'referer' => 'http://www.mall.io/admin/index/index',
  'accept' => 'text/html,application/xhtml+xml,application/xml;q=0.9,image/webp,image/apng,*/*;q=0.8,application/signed-exchange;v=b3;q=0.9',
  'user-agent' => 'Mozilla/5.0 (Windows NT 10.0; Win64; x64) AppleWebKit/537.36 (KHTML, like Gecko) Chrome/83.0.4103.97 Safari/537.36',
  'upgrade-insecure-requests' => '1',
  'cache-control' => 'no-cache',
  'pragma' => 'no-cache',
  'connection' => 'close',
  'host' => 'www.mall.io',
)
[ info ] [ PARAM ] array (
  '/admin/home/index' => '',
)
[ info ] [ VIEW ] D:\soft\phpstudy_pro\WWW\mall\tp51\application\admin\view\home\index.html [ array (
) ]
---------------------------------------------------------------

[2020-10-12T00:30:00+08:00] 127.0.0.1 GET www.mall.io/admin/index/index
[运行时间：0.004377s] [吞吐率：228.47req/s] [内存消耗：600.83kb] [文件加载：71]
[ info ] [ LANG ] D:\soft\phpstudy_pro\WWW\mall\tp51\thinkphp\lang\zh-cn.php
[ info ] [ ROUTE ] array (
)
[ info ] [ HEADER ] array (
  'cookie' => 'PHPSESSID=b0hn1f91gkifn22e0khrqa6v95',
  'accept-language' => 'zh-CN,zh;q=0.9',
  'accept-encoding' => 'gzip, deflate',
  'referer' => 'http://www.mall.io/admin/login/index',
  'accept' => 'text/html,application/xhtml+xml,application/xml;q=0.9,image/webp,image/apng,*/*;q=0.8,application/signed-exchange;v=b3;q=0.9',
  'user-agent' => 'Mozilla/5.0 (Windows NT 10.0; Win64; x64) AppleWebKit/537.36 (KHTML, like Gecko) Chrome/83.0.4103.97 Safari/537.36',
  'upgrade-insecure-requests' => '1',
  'cache-control' => 'no-cache',
  'pragma' => 'no-cache',
  'connection' => 'close',
  'host' => 'www.mall.io',
)
[ info ] [ PARAM ] array (
  '/admin/index/index' => '',
)
[ info ] [ DB ] INIT mysql
[ info ] [ VIEW ] D:\soft\phpstudy_pro\WWW\mall\tp51\application\admin\view\index\index.html [ array (
  0 => 'admin',
  1 => 'lists',
) ]
[ sql ] [ DB ] CONNECT:[ UseTime:0.000606s ] mysql:host=127.0.0.1;dbname=mall;charset=utf8
[ sql ] [ SQL ] SHOW COLUMNS FROM `authority_allocation` [ RunTime:0.000520s ]
[ sql ] [ SQL ] SELECT * FROM `authority_allocation` ORDER BY `marshalling_sequence` DESC [ RunTime:0.000240s ]
---------------------------------------------------------------

[2020-10-12T00:30:00+08:00] 127.0.0.1 GET www.mall.io/admin/home/index
[运行时间：0.004143s] [吞吐率：241.37req/s] [内存消耗：379.77kb] [文件加载：66]
[ info ] [ LANG ] D:\soft\phpstudy_pro\WWW\mall\tp51\thinkphp\lang\zh-cn.php
[ info ] [ ROUTE ] array (
)
[ info ] [ HEADER ] array (
  'cookie' => 'PHPSESSID=b0hn1f91gkifn22e0khrqa6v95',
  'accept-language' => 'zh-CN,zh;q=0.9',
  'accept-encoding' => 'gzip, deflate',
  'referer' => 'http://www.mall.io/admin/index/index',
  'accept' => 'text/html,application/xhtml+xml,application/xml;q=0.9,image/webp,image/apng,*/*;q=0.8,application/signed-exchange;v=b3;q=0.9',
  'user-agent' => 'Mozilla/5.0 (Windows NT 10.0; Win64; x64) AppleWebKit/537.36 (KHTML, like Gecko) Chrome/83.0.4103.97 Safari/537.36',
  'upgrade-insecure-requests' => '1',
  'cache-control' => 'no-cache',
  'pragma' => 'no-cache',
  'connection' => 'close',
  'host' => 'www.mall.io',
)
[ info ] [ PARAM ] array (
  '/admin/home/index' => '',
)
[ info ] [ VIEW ] D:\soft\phpstudy_pro\WWW\mall\tp51\application\admin\view\home\index.html [ array (
) ]
---------------------------------------------------------------

[2020-10-12T00:30:01+08:00] 127.0.0.1 GET www.mall.io/admin/index/index
[运行时间：0.014287s] [吞吐率：69.99req/s] [内存消耗：600.83kb] [文件加载：71]
[ info ] [ LANG ] D:\soft\phpstudy_pro\WWW\mall\tp51\thinkphp\lang\zh-cn.php
[ info ] [ ROUTE ] array (
)
[ info ] [ HEADER ] array (
  'cookie' => 'PHPSESSID=b0hn1f91gkifn22e0khrqa6v95',
  'accept-language' => 'zh-CN,zh;q=0.9',
  'accept-encoding' => 'gzip, deflate',
  'referer' => 'http://www.mall.io/admin/login/index',
  'accept' => 'text/html,application/xhtml+xml,application/xml;q=0.9,image/webp,image/apng,*/*;q=0.8,application/signed-exchange;v=b3;q=0.9',
  'user-agent' => 'Mozilla/5.0 (Windows NT 10.0; Win64; x64) AppleWebKit/537.36 (KHTML, like Gecko) Chrome/83.0.4103.97 Safari/537.36',
  'upgrade-insecure-requests' => '1',
  'cache-control' => 'no-cache',
  'pragma' => 'no-cache',
  'connection' => 'close',
  'host' => 'www.mall.io',
)
[ info ] [ PARAM ] array (
  '/admin/index/index' => '',
)
[ info ] [ DB ] INIT mysql
[ info ] [ VIEW ] D:\soft\phpstudy_pro\WWW\mall\tp51\application\admin\view\index\index.html [ array (
  0 => 'admin',
  1 => 'lists',
) ]
[ sql ] [ DB ] CONNECT:[ UseTime:0.010285s ] mysql:host=127.0.0.1;dbname=mall;charset=utf8
[ sql ] [ SQL ] SHOW COLUMNS FROM `authority_allocation` [ RunTime:0.000662s ]
[ sql ] [ SQL ] SELECT * FROM `authority_allocation` ORDER BY `marshalling_sequence` DESC [ RunTime:0.000330s ]
---------------------------------------------------------------

[2020-10-12T00:30:01+08:00] 127.0.0.1 GET www.mall.io/admin/home/index
[运行时间：0.005193s] [吞吐率：192.57req/s] [内存消耗：379.77kb] [文件加载：66]
[ info ] [ LANG ] D:\soft\phpstudy_pro\WWW\mall\tp51\thinkphp\lang\zh-cn.php
[ info ] [ ROUTE ] array (
)
[ info ] [ HEADER ] array (
  'cookie' => 'PHPSESSID=b0hn1f91gkifn22e0khrqa6v95',
  'accept-language' => 'zh-CN,zh;q=0.9',
  'accept-encoding' => 'gzip, deflate',
  'referer' => 'http://www.mall.io/admin/index/index',
  'accept' => 'text/html,application/xhtml+xml,application/xml;q=0.9,image/webp,image/apng,*/*;q=0.8,application/signed-exchange;v=b3;q=0.9',
  'user-agent' => 'Mozilla/5.0 (Windows NT 10.0; Win64; x64) AppleWebKit/537.36 (KHTML, like Gecko) Chrome/83.0.4103.97 Safari/537.36',
  'upgrade-insecure-requests' => '1',
  'cache-control' => 'no-cache',
  'pragma' => 'no-cache',
  'connection' => 'close',
  'host' => 'www.mall.io',
)
[ info ] [ PARAM ] array (
  '/admin/home/index' => '',
)
[ info ] [ VIEW ] D:\soft\phpstudy_pro\WWW\mall\tp51\application\admin\view\home\index.html [ array (
) ]
---------------------------------------------------------------

[2020-10-12T00:30:01+08:00] 127.0.0.1 GET www.mall.io/admin/index/index
[运行时间：0.018553s] [吞吐率：53.90req/s] [内存消耗：600.83kb] [文件加载：71]
[ info ] [ LANG ] D:\soft\phpstudy_pro\WWW\mall\tp51\thinkphp\lang\zh-cn.php
[ info ] [ ROUTE ] array (
)
[ info ] [ HEADER ] array (
  'cookie' => 'PHPSESSID=b0hn1f91gkifn22e0khrqa6v95',
  'accept-language' => 'zh-CN,zh;q=0.9',
  'accept-encoding' => 'gzip, deflate',
  'referer' => 'http://www.mall.io/admin/login/index',
  'accept' => 'text/html,application/xhtml+xml,application/xml;q=0.9,image/webp,image/apng,*/*;q=0.8,application/signed-exchange;v=b3;q=0.9',
  'user-agent' => 'Mozilla/5.0 (Windows NT 10.0; Win64; x64) AppleWebKit/537.36 (KHTML, like Gecko) Chrome/83.0.4103.97 Safari/537.36',
  'upgrade-insecure-requests' => '1',
  'cache-control' => 'no-cache',
  'pragma' => 'no-cache',
  'connection' => 'close',
  'host' => 'www.mall.io',
)
[ info ] [ PARAM ] array (
  '/admin/index/index' => '',
)
[ info ] [ DB ] INIT mysql
[ info ] [ VIEW ] D:\soft\phpstudy_pro\WWW\mall\tp51\application\admin\view\index\index.html [ array (
  0 => 'admin',
  1 => 'lists',
) ]
[ sql ] [ DB ] CONNECT:[ UseTime:0.010363s ] mysql:host=127.0.0.1;dbname=mall;charset=utf8
[ sql ] [ SQL ] SHOW COLUMNS FROM `authority_allocation` [ RunTime:0.001285s ]
[ sql ] [ SQL ] SELECT * FROM `authority_allocation` ORDER BY `marshalling_sequence` DESC [ RunTime:0.000654s ]
---------------------------------------------------------------

[2020-10-12T00:30:01+08:00] 127.0.0.1 GET www.mall.io/admin/home/index
[运行时间：0.003600s] [吞吐率：277.79req/s] [内存消耗：379.77kb] [文件加载：66]
[ info ] [ LANG ] D:\soft\phpstudy_pro\WWW\mall\tp51\thinkphp\lang\zh-cn.php
[ info ] [ ROUTE ] array (
)
[ info ] [ HEADER ] array (
  'cookie' => 'PHPSESSID=b0hn1f91gkifn22e0khrqa6v95',
  'accept-language' => 'zh-CN,zh;q=0.9',
  'accept-encoding' => 'gzip, deflate',
  'referer' => 'http://www.mall.io/admin/index/index',
  'accept' => 'text/html,application/xhtml+xml,application/xml;q=0.9,image/webp,image/apng,*/*;q=0.8,application/signed-exchange;v=b3;q=0.9',
  'user-agent' => 'Mozilla/5.0 (Windows NT 10.0; Win64; x64) AppleWebKit/537.36 (KHTML, like Gecko) Chrome/83.0.4103.97 Safari/537.36',
  'upgrade-insecure-requests' => '1',
  'cache-control' => 'no-cache',
  'pragma' => 'no-cache',
  'connection' => 'close',
  'host' => 'www.mall.io',
)
[ info ] [ PARAM ] array (
  '/admin/home/index' => '',
)
[ info ] [ VIEW ] D:\soft\phpstudy_pro\WWW\mall\tp51\application\admin\view\home\index.html [ array (
) ]
---------------------------------------------------------------

[2020-10-12T00:30:01+08:00] 127.0.0.1 GET www.mall.io/admin/index/index
[运行时间：0.016513s] [吞吐率：60.56req/s] [内存消耗：600.83kb] [文件加载：71]
[ info ] [ LANG ] D:\soft\phpstudy_pro\WWW\mall\tp51\thinkphp\lang\zh-cn.php
[ info ] [ ROUTE ] array (
)
[ info ] [ HEADER ] array (
  'cookie' => 'PHPSESSID=b0hn1f91gkifn22e0khrqa6v95',
  'accept-language' => 'zh-CN,zh;q=0.9',
  'accept-encoding' => 'gzip, deflate',
  'referer' => 'http://www.mall.io/admin/login/index',
  'accept' => 'text/html,application/xhtml+xml,application/xml;q=0.9,image/webp,image/apng,*/*;q=0.8,application/signed-exchange;v=b3;q=0.9',
  'user-agent' => 'Mozilla/5.0 (Windows NT 10.0; Win64; x64) AppleWebKit/537.36 (KHTML, like Gecko) Chrome/83.0.4103.97 Safari/537.36',
  'upgrade-insecure-requests' => '1',
  'cache-control' => 'no-cache',
  'pragma' => 'no-cache',
  'connection' => 'close',
  'host' => 'www.mall.io',
)
[ info ] [ PARAM ] array (
  '/admin/index/index' => '',
)
[ info ] [ DB ] INIT mysql
[ info ] [ VIEW ] D:\soft\phpstudy_pro\WWW\mall\tp51\application\admin\view\index\index.html [ array (
  0 => 'admin',
  1 => 'lists',
) ]
[ sql ] [ DB ] CONNECT:[ UseTime:0.010307s ] mysql:host=127.0.0.1;dbname=mall;charset=utf8
[ sql ] [ SQL ] SHOW COLUMNS FROM `authority_allocation` [ RunTime:0.000870s ]
[ sql ] [ SQL ] SELECT * FROM `authority_allocation` ORDER BY `marshalling_sequence` DESC [ RunTime:0.000680s ]
---------------------------------------------------------------

[2020-10-12T00:30:01+08:00] 127.0.0.1 GET www.mall.io/admin/home/index
[运行时间：0.004170s] [吞吐率：239.80req/s] [内存消耗：379.77kb] [文件加载：66]
[ info ] [ LANG ] D:\soft\phpstudy_pro\WWW\mall\tp51\thinkphp\lang\zh-cn.php
[ info ] [ ROUTE ] array (
)
[ info ] [ HEADER ] array (
  'cookie' => 'PHPSESSID=b0hn1f91gkifn22e0khrqa6v95',
  'accept-language' => 'zh-CN,zh;q=0.9',
  'accept-encoding' => 'gzip, deflate',
  'referer' => 'http://www.mall.io/admin/index/index',
  'accept' => 'text/html,application/xhtml+xml,application/xml;q=0.9,image/webp,image/apng,*/*;q=0.8,application/signed-exchange;v=b3;q=0.9',
  'user-agent' => 'Mozilla/5.0 (Windows NT 10.0; Win64; x64) AppleWebKit/537.36 (KHTML, like Gecko) Chrome/83.0.4103.97 Safari/537.36',
  'upgrade-insecure-requests' => '1',
  'cache-control' => 'no-cache',
  'pragma' => 'no-cache',
  'connection' => 'close',
  'host' => 'www.mall.io',
)
[ info ] [ PARAM ] array (
  '/admin/home/index' => '',
)
[ info ] [ VIEW ] D:\soft\phpstudy_pro\WWW\mall\tp51\application\admin\view\home\index.html [ array (
) ]
---------------------------------------------------------------

[2020-10-12T00:30:03+08:00] 127.0.0.1 GET www.mall.io/admin/user_list/index
[运行时间：0.002958s] [吞吐率：338.06req/s] [内存消耗：379.40kb] [文件加载：66]
[ info ] [ LANG ] D:\soft\phpstudy_pro\WWW\mall\tp51\thinkphp\lang\zh-cn.php
[ info ] [ ROUTE ] array (
)
[ info ] [ HEADER ] array (
  'cookie' => 'PHPSESSID=b0hn1f91gkifn22e0khrqa6v95',
  'accept-language' => 'zh-CN,zh;q=0.9',
  'accept-encoding' => 'gzip, deflate',
  'referer' => 'http://www.mall.io/admin/index/index',
  'accept' => 'text/html,application/xhtml+xml,application/xml;q=0.9,image/webp,image/apng,*/*;q=0.8,application/signed-exchange;v=b3;q=0.9',
  'user-agent' => 'Mozilla/5.0 (Windows NT 10.0; Win64; x64) AppleWebKit/537.36 (KHTML, like Gecko) Chrome/83.0.4103.97 Safari/537.36',
  'upgrade-insecure-requests' => '1',
  'connection' => 'close',
  'host' => 'www.mall.io',
)
[ info ] [ PARAM ] array (
  '/admin/user_list/index' => '',
)
[ info ] [ VIEW ] D:\soft\phpstudy_pro\WWW\mall\tp51\application\admin\view\user_list\index.html [ array (
) ]
---------------------------------------------------------------

[2020-10-12T00:30:04+08:00] 127.0.0.1 GET www.mall.io/admin/user_list/found
[运行时间：0.002706s] [吞吐率：369.54req/s] [内存消耗：379.41kb] [文件加载：66]
[ info ] [ LANG ] D:\soft\phpstudy_pro\WWW\mall\tp51\thinkphp\lang\zh-cn.php
[ info ] [ ROUTE ] array (
)
[ info ] [ HEADER ] array (
  'cookie' => 'PHPSESSID=b0hn1f91gkifn22e0khrqa6v95',
  'accept-language' => 'zh-CN,zh;q=0.9',
  'accept-encoding' => 'gzip, deflate',
  'referer' => 'http://www.mall.io/admin/user_list/index',
  'accept' => 'text/html,application/xhtml+xml,application/xml;q=0.9,image/webp,image/apng,*/*;q=0.8,application/signed-exchange;v=b3;q=0.9',
  'user-agent' => 'Mozilla/5.0 (Windows NT 10.0; Win64; x64) AppleWebKit/537.36 (KHTML, like Gecko) Chrome/83.0.4103.97 Safari/537.36',
  'upgrade-insecure-requests' => '1',
  'connection' => 'close',
  'host' => 'www.mall.io',
)
[ info ] [ PARAM ] array (
  '/admin/user_list/found' => '',
)
[ info ] [ VIEW ] D:\soft\phpstudy_pro\WWW\mall\tp51\application\admin\view\user_list\found.html [ array (
) ]
---------------------------------------------------------------

[2020-10-12T00:30:42+08:00] 127.0.0.1 GET www.mall.io/admin/user_list/index
[运行时间：0.003013s] [吞吐率：331.88req/s] [内存消耗：379.40kb] [文件加载：66]
[ info ] [ LANG ] D:\soft\phpstudy_pro\WWW\mall\tp51\thinkphp\lang\zh-cn.php
[ info ] [ ROUTE ] array (
)
[ info ] [ HEADER ] array (
  'cookie' => 'PHPSESSID=b0hn1f91gkifn22e0khrqa6v95',
  'accept-language' => 'zh-CN,zh;q=0.9',
  'accept-encoding' => 'gzip, deflate',
  'referer' => 'http://www.mall.io/admin/index/index',
  'accept' => 'text/html,application/xhtml+xml,application/xml;q=0.9,image/webp,image/apng,*/*;q=0.8,application/signed-exchange;v=b3;q=0.9',
  'user-agent' => 'Mozilla/5.0 (Windows NT 10.0; Win64; x64) AppleWebKit/537.36 (KHTML, like Gecko) Chrome/83.0.4103.97 Safari/537.36',
  'upgrade-insecure-requests' => '1',
  'connection' => 'close',
  'host' => 'www.mall.io',
)
[ info ] [ PARAM ] array (
  '/admin/user_list/index' => '',
)
[ info ] [ VIEW ] D:\soft\phpstudy_pro\WWW\mall\tp51\application\admin\view\user_list\index.html [ array (
) ]
---------------------------------------------------------------

[2020-10-12T00:30:43+08:00] 127.0.0.1 GET www.mall.io/admin/user_list/index
[运行时间：0.002624s] [吞吐率：381.09req/s] [内存消耗：379.40kb] [文件加载：66]
[ info ] [ LANG ] D:\soft\phpstudy_pro\WWW\mall\tp51\thinkphp\lang\zh-cn.php
[ info ] [ ROUTE ] array (
)
[ info ] [ HEADER ] array (
  'cookie' => 'PHPSESSID=b0hn1f91gkifn22e0khrqa6v95',
  'accept-language' => 'zh-CN,zh;q=0.9',
  'accept-encoding' => 'gzip, deflate',
  'referer' => 'http://www.mall.io/admin/index/index',
  'accept' => 'text/html,application/xhtml+xml,application/xml;q=0.9,image/webp,image/apng,*/*;q=0.8,application/signed-exchange;v=b3;q=0.9',
  'user-agent' => 'Mozilla/5.0 (Windows NT 10.0; Win64; x64) AppleWebKit/537.36 (KHTML, like Gecko) Chrome/83.0.4103.97 Safari/537.36',
  'upgrade-insecure-requests' => '1',
  'connection' => 'close',
  'host' => 'www.mall.io',
)
[ info ] [ PARAM ] array (
  '/admin/user_list/index' => '',
)
[ info ] [ VIEW ] D:\soft\phpstudy_pro\WWW\mall\tp51\application\admin\view\user_list\index.html [ array (
) ]
---------------------------------------------------------------

[2020-10-12T00:30:44+08:00] 127.0.0.1 GET www.mall.io/admin/index/index
[运行时间：0.015306s] [吞吐率：65.33req/s] [内存消耗：600.83kb] [文件加载：71]
[ info ] [ LANG ] D:\soft\phpstudy_pro\WWW\mall\tp51\thinkphp\lang\zh-cn.php
[ info ] [ ROUTE ] array (
)
[ info ] [ HEADER ] array (
  'cookie' => 'PHPSESSID=b0hn1f91gkifn22e0khrqa6v95',
  'accept-language' => 'zh-CN,zh;q=0.9',
  'accept-encoding' => 'gzip, deflate',
  'referer' => 'http://www.mall.io/admin/login/index',
  'accept' => 'text/html,application/xhtml+xml,application/xml;q=0.9,image/webp,image/apng,*/*;q=0.8,application/signed-exchange;v=b3;q=0.9',
  'user-agent' => 'Mozilla/5.0 (Windows NT 10.0; Win64; x64) AppleWebKit/537.36 (KHTML, like Gecko) Chrome/83.0.4103.97 Safari/537.36',
  'upgrade-insecure-requests' => '1',
  'cache-control' => 'no-cache',
  'pragma' => 'no-cache',
  'connection' => 'close',
  'host' => 'www.mall.io',
)
[ info ] [ PARAM ] array (
  '/admin/index/index' => '',
)
[ info ] [ DB ] INIT mysql
[ info ] [ VIEW ] D:\soft\phpstudy_pro\WWW\mall\tp51\application\admin\view\index\index.html [ array (
  0 => 'admin',
  1 => 'lists',
) ]
[ sql ] [ DB ] CONNECT:[ UseTime:0.010923s ] mysql:host=127.0.0.1;dbname=mall;charset=utf8
[ sql ] [ SQL ] SHOW COLUMNS FROM `authority_allocation` [ RunTime:0.000855s ]
[ sql ] [ SQL ] SELECT * FROM `authority_allocation` ORDER BY `marshalling_sequence` DESC [ RunTime:0.000364s ]
---------------------------------------------------------------

[2020-10-12T00:30:44+08:00] 127.0.0.1 GET www.mall.io/admin/home/index
[运行时间：0.004122s] [吞吐率：242.60req/s] [内存消耗：379.77kb] [文件加载：66]
[ info ] [ LANG ] D:\soft\phpstudy_pro\WWW\mall\tp51\thinkphp\lang\zh-cn.php
[ info ] [ ROUTE ] array (
)
[ info ] [ HEADER ] array (
  'cookie' => 'PHPSESSID=b0hn1f91gkifn22e0khrqa6v95',
  'accept-language' => 'zh-CN,zh;q=0.9',
  'accept-encoding' => 'gzip, deflate',
  'referer' => 'http://www.mall.io/admin/index/index',
  'accept' => 'text/html,application/xhtml+xml,application/xml;q=0.9,image/webp,image/apng,*/*;q=0.8,application/signed-exchange;v=b3;q=0.9',
  'user-agent' => 'Mozilla/5.0 (Windows NT 10.0; Win64; x64) AppleWebKit/537.36 (KHTML, like Gecko) Chrome/83.0.4103.97 Safari/537.36',
  'upgrade-insecure-requests' => '1',
  'cache-control' => 'no-cache',
  'pragma' => 'no-cache',
  'connection' => 'close',
  'host' => 'www.mall.io',
)
[ info ] [ PARAM ] array (
  '/admin/home/index' => '',
)
[ info ] [ VIEW ] D:\soft\phpstudy_pro\WWW\mall\tp51\application\admin\view\home\index.html [ array (
) ]
---------------------------------------------------------------

[2020-10-12T00:30:44+08:00] 127.0.0.1 GET www.mall.io/admin/index/index
[运行时间：0.015456s] [吞吐率：64.70req/s] [内存消耗：600.83kb] [文件加载：71]
[ info ] [ LANG ] D:\soft\phpstudy_pro\WWW\mall\tp51\thinkphp\lang\zh-cn.php
[ info ] [ ROUTE ] array (
)
[ info ] [ HEADER ] array (
  'cookie' => 'PHPSESSID=b0hn1f91gkifn22e0khrqa6v95',
  'accept-language' => 'zh-CN,zh;q=0.9',
  'accept-encoding' => 'gzip, deflate',
  'referer' => 'http://www.mall.io/admin/login/index',
  'accept' => 'text/html,application/xhtml+xml,application/xml;q=0.9,image/webp,image/apng,*/*;q=0.8,application/signed-exchange;v=b3;q=0.9',
  'user-agent' => 'Mozilla/5.0 (Windows NT 10.0; Win64; x64) AppleWebKit/537.36 (KHTML, like Gecko) Chrome/83.0.4103.97 Safari/537.36',
  'upgrade-insecure-requests' => '1',
  'cache-control' => 'no-cache',
  'pragma' => 'no-cache',
  'connection' => 'close',
  'host' => 'www.mall.io',
)
[ info ] [ PARAM ] array (
  '/admin/index/index' => '',
)
[ info ] [ DB ] INIT mysql
[ info ] [ VIEW ] D:\soft\phpstudy_pro\WWW\mall\tp51\application\admin\view\index\index.html [ array (
  0 => 'admin',
  1 => 'lists',
) ]
[ sql ] [ DB ] CONNECT:[ UseTime:0.011094s ] mysql:host=127.0.0.1;dbname=mall;charset=utf8
[ sql ] [ SQL ] SHOW COLUMNS FROM `authority_allocation` [ RunTime:0.000813s ]
[ sql ] [ SQL ] SELECT * FROM `authority_allocation` ORDER BY `marshalling_sequence` DESC [ RunTime:0.000354s ]
---------------------------------------------------------------

[2020-10-12T00:30:44+08:00] 127.0.0.1 GET www.mall.io/admin/home/index
[运行时间：0.004308s] [吞吐率：232.11req/s] [内存消耗：379.77kb] [文件加载：66]
[ info ] [ LANG ] D:\soft\phpstudy_pro\WWW\mall\tp51\thinkphp\lang\zh-cn.php
[ info ] [ ROUTE ] array (
)
[ info ] [ HEADER ] array (
  'cookie' => 'PHPSESSID=b0hn1f91gkifn22e0khrqa6v95',
  'accept-language' => 'zh-CN,zh;q=0.9',
  'accept-encoding' => 'gzip, deflate',
  'referer' => 'http://www.mall.io/admin/index/index',
  'accept' => 'text/html,application/xhtml+xml,application/xml;q=0.9,image/webp,image/apng,*/*;q=0.8,application/signed-exchange;v=b3;q=0.9',
  'user-agent' => 'Mozilla/5.0 (Windows NT 10.0; Win64; x64) AppleWebKit/537.36 (KHTML, like Gecko) Chrome/83.0.4103.97 Safari/537.36',
  'upgrade-insecure-requests' => '1',
  'cache-control' => 'no-cache',
  'pragma' => 'no-cache',
  'connection' => 'close',
  'host' => 'www.mall.io',
)
[ info ] [ PARAM ] array (
  '/admin/home/index' => '',
)
[ info ] [ VIEW ] D:\soft\phpstudy_pro\WWW\mall\tp51\application\admin\view\home\index.html [ array (
) ]
---------------------------------------------------------------

[2020-10-12T00:30:44+08:00] 127.0.0.1 GET www.mall.io/admin/index/index
[运行时间：0.004927s] [吞吐率：202.97req/s] [内存消耗：600.83kb] [文件加载：71]
[ info ] [ LANG ] D:\soft\phpstudy_pro\WWW\mall\tp51\thinkphp\lang\zh-cn.php
[ info ] [ ROUTE ] array (
)
[ info ] [ HEADER ] array (
  'cookie' => 'PHPSESSID=b0hn1f91gkifn22e0khrqa6v95',
  'accept-language' => 'zh-CN,zh;q=0.9',
  'accept-encoding' => 'gzip, deflate',
  'referer' => 'http://www.mall.io/admin/login/index',
  'accept' => 'text/html,application/xhtml+xml,application/xml;q=0.9,image/webp,image/apng,*/*;q=0.8,application/signed-exchange;v=b3;q=0.9',
  'user-agent' => 'Mozilla/5.0 (Windows NT 10.0; Win64; x64) AppleWebKit/537.36 (KHTML, like Gecko) Chrome/83.0.4103.97 Safari/537.36',
  'upgrade-insecure-requests' => '1',
  'cache-control' => 'no-cache',
  'pragma' => 'no-cache',
  'connection' => 'close',
  'host' => 'www.mall.io',
)
[ info ] [ PARAM ] array (
  '/admin/index/index' => '',
)
[ info ] [ DB ] INIT mysql
[ info ] [ VIEW ] D:\soft\phpstudy_pro\WWW\mall\tp51\application\admin\view\index\index.html [ array (
  0 => 'admin',
  1 => 'lists',
) ]
[ sql ] [ DB ] CONNECT:[ UseTime:0.000630s ] mysql:host=127.0.0.1;dbname=mall;charset=utf8
[ sql ] [ SQL ] SHOW COLUMNS FROM `authority_allocation` [ RunTime:0.000524s ]
[ sql ] [ SQL ] SELECT * FROM `authority_allocation` ORDER BY `marshalling_sequence` DESC [ RunTime:0.000203s ]
---------------------------------------------------------------

[2020-10-12T00:30:44+08:00] 127.0.0.1 GET www.mall.io/admin/home/index
[运行时间：0.004527s] [吞吐率：220.89req/s] [内存消耗：379.77kb] [文件加载：66]
[ info ] [ LANG ] D:\soft\phpstudy_pro\WWW\mall\tp51\thinkphp\lang\zh-cn.php
[ info ] [ ROUTE ] array (
)
[ info ] [ HEADER ] array (
  'cookie' => 'PHPSESSID=b0hn1f91gkifn22e0khrqa6v95',
  'accept-language' => 'zh-CN,zh;q=0.9',
  'accept-encoding' => 'gzip, deflate',
  'referer' => 'http://www.mall.io/admin/index/index',
  'accept' => 'text/html,application/xhtml+xml,application/xml;q=0.9,image/webp,image/apng,*/*;q=0.8,application/signed-exchange;v=b3;q=0.9',
  'user-agent' => 'Mozilla/5.0 (Windows NT 10.0; Win64; x64) AppleWebKit/537.36 (KHTML, like Gecko) Chrome/83.0.4103.97 Safari/537.36',
  'upgrade-insecure-requests' => '1',
  'cache-control' => 'no-cache',
  'pragma' => 'no-cache',
  'connection' => 'close',
  'host' => 'www.mall.io',
)
[ info ] [ PARAM ] array (
  '/admin/home/index' => '',
)
[ info ] [ VIEW ] D:\soft\phpstudy_pro\WWW\mall\tp51\application\admin\view\home\index.html [ array (
) ]
---------------------------------------------------------------

[2020-10-12T00:30:44+08:00] 127.0.0.1 GET www.mall.io/admin/index/index
[运行时间：0.004185s] [吞吐率：238.94req/s] [内存消耗：600.83kb] [文件加载：71]
[ info ] [ LANG ] D:\soft\phpstudy_pro\WWW\mall\tp51\thinkphp\lang\zh-cn.php
[ info ] [ ROUTE ] array (
)
[ info ] [ HEADER ] array (
  'cookie' => 'PHPSESSID=b0hn1f91gkifn22e0khrqa6v95',
  'accept-language' => 'zh-CN,zh;q=0.9',
  'accept-encoding' => 'gzip, deflate',
  'referer' => 'http://www.mall.io/admin/login/index',
  'accept' => 'text/html,application/xhtml+xml,application/xml;q=0.9,image/webp,image/apng,*/*;q=0.8,application/signed-exchange;v=b3;q=0.9',
  'user-agent' => 'Mozilla/5.0 (Windows NT 10.0; Win64; x64) AppleWebKit/537.36 (KHTML, like Gecko) Chrome/83.0.4103.97 Safari/537.36',
  'upgrade-insecure-requests' => '1',
  'cache-control' => 'no-cache',
  'pragma' => 'no-cache',
  'connection' => 'close',
  'host' => 'www.mall.io',
)
[ info ] [ PARAM ] array (
  '/admin/index/index' => '',
)
[ info ] [ DB ] INIT mysql
[ info ] [ VIEW ] D:\soft\phpstudy_pro\WWW\mall\tp51\application\admin\view\index\index.html [ array (
  0 => 'admin',
  1 => 'lists',
) ]
[ sql ] [ DB ] CONNECT:[ UseTime:0.000521s ] mysql:host=127.0.0.1;dbname=mall;charset=utf8
[ sql ] [ SQL ] SHOW COLUMNS FROM `authority_allocation` [ RunTime:0.000451s ]
[ sql ] [ SQL ] SELECT * FROM `authority_allocation` ORDER BY `marshalling_sequence` DESC [ RunTime:0.000213s ]
---------------------------------------------------------------

[2020-10-12T00:30:44+08:00] 127.0.0.1 GET www.mall.io/admin/home/index
[运行时间：0.004255s] [吞吐率：235.03req/s] [内存消耗：379.77kb] [文件加载：66]
[ info ] [ LANG ] D:\soft\phpstudy_pro\WWW\mall\tp51\thinkphp\lang\zh-cn.php
[ info ] [ ROUTE ] array (
)
[ info ] [ HEADER ] array (
  'cookie' => 'PHPSESSID=b0hn1f91gkifn22e0khrqa6v95',
  'accept-language' => 'zh-CN,zh;q=0.9',
  'accept-encoding' => 'gzip, deflate',
  'referer' => 'http://www.mall.io/admin/index/index',
  'accept' => 'text/html,application/xhtml+xml,application/xml;q=0.9,image/webp,image/apng,*/*;q=0.8,application/signed-exchange;v=b3;q=0.9',
  'user-agent' => 'Mozilla/5.0 (Windows NT 10.0; Win64; x64) AppleWebKit/537.36 (KHTML, like Gecko) Chrome/83.0.4103.97 Safari/537.36',
  'upgrade-insecure-requests' => '1',
  'cache-control' => 'no-cache',
  'pragma' => 'no-cache',
  'connection' => 'close',
  'host' => 'www.mall.io',
)
[ info ] [ PARAM ] array (
  '/admin/home/index' => '',
)
[ info ] [ VIEW ] D:\soft\phpstudy_pro\WWW\mall\tp51\application\admin\view\home\index.html [ array (
) ]
---------------------------------------------------------------

[2020-10-12T00:30:45+08:00] 127.0.0.1 GET www.mall.io/admin/index/index
[运行时间：0.004675s] [吞吐率：213.91req/s] [内存消耗：600.83kb] [文件加载：71]
[ info ] [ LANG ] D:\soft\phpstudy_pro\WWW\mall\tp51\thinkphp\lang\zh-cn.php
[ info ] [ ROUTE ] array (
)
[ info ] [ HEADER ] array (
  'cookie' => 'PHPSESSID=b0hn1f91gkifn22e0khrqa6v95',
  'accept-language' => 'zh-CN,zh;q=0.9',
  'accept-encoding' => 'gzip, deflate',
  'referer' => 'http://www.mall.io/admin/login/index',
  'accept' => 'text/html,application/xhtml+xml,application/xml;q=0.9,image/webp,image/apng,*/*;q=0.8,application/signed-exchange;v=b3;q=0.9',
  'user-agent' => 'Mozilla/5.0 (Windows NT 10.0; Win64; x64) AppleWebKit/537.36 (KHTML, like Gecko) Chrome/83.0.4103.97 Safari/537.36',
  'upgrade-insecure-requests' => '1',
  'cache-control' => 'no-cache',
  'pragma' => 'no-cache',
  'connection' => 'close',
  'host' => 'www.mall.io',
)
[ info ] [ PARAM ] array (
  '/admin/index/index' => '',
)
[ info ] [ DB ] INIT mysql
[ info ] [ VIEW ] D:\soft\phpstudy_pro\WWW\mall\tp51\application\admin\view\index\index.html [ array (
  0 => 'admin',
  1 => 'lists',
) ]
[ sql ] [ DB ] CONNECT:[ UseTime:0.000663s ] mysql:host=127.0.0.1;dbname=mall;charset=utf8
[ sql ] [ SQL ] SHOW COLUMNS FROM `authority_allocation` [ RunTime:0.000530s ]
[ sql ] [ SQL ] SELECT * FROM `authority_allocation` ORDER BY `marshalling_sequence` DESC [ RunTime:0.000226s ]
---------------------------------------------------------------

[2020-10-12T00:30:45+08:00] 127.0.0.1 GET www.mall.io/admin/home/index
[运行时间：0.003378s] [吞吐率：296.02req/s] [内存消耗：379.77kb] [文件加载：66]
[ info ] [ LANG ] D:\soft\phpstudy_pro\WWW\mall\tp51\thinkphp\lang\zh-cn.php
[ info ] [ ROUTE ] array (
)
[ info ] [ HEADER ] array (
  'cookie' => 'PHPSESSID=b0hn1f91gkifn22e0khrqa6v95',
  'accept-language' => 'zh-CN,zh;q=0.9',
  'accept-encoding' => 'gzip, deflate',
  'referer' => 'http://www.mall.io/admin/index/index',
  'accept' => 'text/html,application/xhtml+xml,application/xml;q=0.9,image/webp,image/apng,*/*;q=0.8,application/signed-exchange;v=b3;q=0.9',
  'user-agent' => 'Mozilla/5.0 (Windows NT 10.0; Win64; x64) AppleWebKit/537.36 (KHTML, like Gecko) Chrome/83.0.4103.97 Safari/537.36',
  'upgrade-insecure-requests' => '1',
  'cache-control' => 'no-cache',
  'pragma' => 'no-cache',
  'connection' => 'close',
  'host' => 'www.mall.io',
)
[ info ] [ PARAM ] array (
  '/admin/home/index' => '',
)
[ info ] [ VIEW ] D:\soft\phpstudy_pro\WWW\mall\tp51\application\admin\view\home\index.html [ array (
) ]
---------------------------------------------------------------

[2020-10-12T00:30:45+08:00] 127.0.0.1 GET www.mall.io/admin/index/index
[运行时间：0.004188s] [吞吐率：238.79req/s] [内存消耗：600.83kb] [文件加载：71]
[ info ] [ LANG ] D:\soft\phpstudy_pro\WWW\mall\tp51\thinkphp\lang\zh-cn.php
[ info ] [ ROUTE ] array (
)
[ info ] [ HEADER ] array (
  'cookie' => 'PHPSESSID=b0hn1f91gkifn22e0khrqa6v95',
  'accept-language' => 'zh-CN,zh;q=0.9',
  'accept-encoding' => 'gzip, deflate',
  'referer' => 'http://www.mall.io/admin/login/index',
  'accept' => 'text/html,application/xhtml+xml,application/xml;q=0.9,image/webp,image/apng,*/*;q=0.8,application/signed-exchange;v=b3;q=0.9',
  'user-agent' => 'Mozilla/5.0 (Windows NT 10.0; Win64; x64) AppleWebKit/537.36 (KHTML, like Gecko) Chrome/83.0.4103.97 Safari/537.36',
  'upgrade-insecure-requests' => '1',
  'cache-control' => 'no-cache',
  'pragma' => 'no-cache',
  'connection' => 'close',
  'host' => 'www.mall.io',
)
[ info ] [ PARAM ] array (
  '/admin/index/index' => '',
)
[ info ] [ DB ] INIT mysql
[ info ] [ VIEW ] D:\soft\phpstudy_pro\WWW\mall\tp51\application\admin\view\index\index.html [ array (
  0 => 'admin',
  1 => 'lists',
) ]
[ sql ] [ DB ] CONNECT:[ UseTime:0.000585s ] mysql:host=127.0.0.1;dbname=mall;charset=utf8
[ sql ] [ SQL ] SHOW COLUMNS FROM `authority_allocation` [ RunTime:0.000458s ]
[ sql ] [ SQL ] SELECT * FROM `authority_allocation` ORDER BY `marshalling_sequence` DESC [ RunTime:0.000149s ]
---------------------------------------------------------------

[2020-10-12T00:30:45+08:00] 127.0.0.1 GET www.mall.io/admin/home/index
[运行时间：0.002980s] [吞吐率：335.57req/s] [内存消耗：379.77kb] [文件加载：66]
[ info ] [ LANG ] D:\soft\phpstudy_pro\WWW\mall\tp51\thinkphp\lang\zh-cn.php
[ info ] [ ROUTE ] array (
)
[ info ] [ HEADER ] array (
  'cookie' => 'PHPSESSID=b0hn1f91gkifn22e0khrqa6v95',
  'accept-language' => 'zh-CN,zh;q=0.9',
  'accept-encoding' => 'gzip, deflate',
  'referer' => 'http://www.mall.io/admin/index/index',
  'accept' => 'text/html,application/xhtml+xml,application/xml;q=0.9,image/webp,image/apng,*/*;q=0.8,application/signed-exchange;v=b3;q=0.9',
  'user-agent' => 'Mozilla/5.0 (Windows NT 10.0; Win64; x64) AppleWebKit/537.36 (KHTML, like Gecko) Chrome/83.0.4103.97 Safari/537.36',
  'upgrade-insecure-requests' => '1',
  'cache-control' => 'no-cache',
  'pragma' => 'no-cache',
  'connection' => 'close',
  'host' => 'www.mall.io',
)
[ info ] [ PARAM ] array (
  '/admin/home/index' => '',
)
[ info ] [ VIEW ] D:\soft\phpstudy_pro\WWW\mall\tp51\application\admin\view\home\index.html [ array (
) ]
---------------------------------------------------------------

[2020-10-12T00:30:47+08:00] 127.0.0.1 GET www.mall.io/admin/user_list/index
[运行时间：0.002659s] [吞吐率：376.07req/s] [内存消耗：379.40kb] [文件加载：66]
[ info ] [ LANG ] D:\soft\phpstudy_pro\WWW\mall\tp51\thinkphp\lang\zh-cn.php
[ info ] [ ROUTE ] array (
)
[ info ] [ HEADER ] array (
  'cookie' => 'PHPSESSID=b0hn1f91gkifn22e0khrqa6v95',
  'accept-language' => 'zh-CN,zh;q=0.9',
  'accept-encoding' => 'gzip, deflate',
  'referer' => 'http://www.mall.io/admin/index/index',
  'accept' => 'text/html,application/xhtml+xml,application/xml;q=0.9,image/webp,image/apng,*/*;q=0.8,application/signed-exchange;v=b3;q=0.9',
  'user-agent' => 'Mozilla/5.0 (Windows NT 10.0; Win64; x64) AppleWebKit/537.36 (KHTML, like Gecko) Chrome/83.0.4103.97 Safari/537.36',
  'upgrade-insecure-requests' => '1',
  'connection' => 'close',
  'host' => 'www.mall.io',
)
[ info ] [ PARAM ] array (
  '/admin/user_list/index' => '',
)
[ info ] [ VIEW ] D:\soft\phpstudy_pro\WWW\mall\tp51\application\admin\view\user_list\index.html [ array (
) ]
---------------------------------------------------------------

[2020-10-12T00:30:48+08:00] 127.0.0.1 GET www.mall.io/admin/user_list/found
[运行时间：0.011724s] [吞吐率：85.30req/s] [内存消耗：399.96kb] [文件加载：68]
[ info ] [ LANG ] D:\soft\phpstudy_pro\WWW\mall\tp51\thinkphp\lang\zh-cn.php
[ info ] [ ROUTE ] array (
)
[ info ] [ HEADER ] array (
  'cookie' => 'PHPSESSID=b0hn1f91gkifn22e0khrqa6v95',
  'accept-language' => 'zh-CN,zh;q=0.9',
  'accept-encoding' => 'gzip, deflate',
  'referer' => 'http://www.mall.io/admin/user_list/index',
  'accept' => 'text/html,application/xhtml+xml,application/xml;q=0.9,image/webp,image/apng,*/*;q=0.8,application/signed-exchange;v=b3;q=0.9',
  'user-agent' => 'Mozilla/5.0 (Windows NT 10.0; Win64; x64) AppleWebKit/537.36 (KHTML, like Gecko) Chrome/83.0.4103.97 Safari/537.36',
  'upgrade-insecure-requests' => '1',
  'connection' => 'close',
  'host' => 'www.mall.io',
)
[ info ] [ PARAM ] array (
  '/admin/user_list/found' => '',
)
[ info ] [ VIEW ] D:\soft\phpstudy_pro\WWW\mall\tp51\application\admin\view\user_list\found.html [ array (
) ]
